{"D:\\ATIS-Project\\Matrimony-App\\Marriage-Matrimony-\\backend\\src\\app.ts": {"path":"D:\\ATIS-Project\\Matrimony-App\\Marriage-Matrimony-\\backend\\src\\app.ts","statementMap":{"0":{"start":{"line":1,"column":0},"end":{"line":1,"column":66}},"1":{"start":{"line":2,"column":0},"end":{"line":2,"column":41}},"2":{"start":{"line":3,"column":0},"end":{"line":3,"column":34}},"3":{"start":{"line":4,"column":0},"end":{"line":4,"column":50}},"4":{"start":{"line":5,"column":0},"end":{"line":5,"column":70}},"5":{"start":{"line":6,"column":0},"end":{"line":6,"column":52}},"6":{"start":{"line":7,"column":0},"end":{"line":7,"column":24}},"7":{"start":{"line":9,"column":25},"end":{"line":9,"column":34}},"8":{"start":{"line":11,"column":0},"end":{"line":11,"column":73}},"9":{"start":{"line":14,"column":33},"end":{"line":53,"column":2}},"10":{"start":{"line":16,"column":27},"end":{"line":19,"column":6}},"11":{"start":{"line":21,"column":4},"end":{"line":21,"column":45}},"12":{"start":{"line":21,"column":17},"end":{"line":21,"column":45}},"13":{"start":{"line":24,"column":4},"end":{"line":28,"column":5}},"14":{"start":{"line":25,"column":6},"end":{"line":27,"column":7}},"15":{"start":{"line":26,"column":8},"end":{"line":26,"column":36}},"16":{"start":{"line":30,"column":4},"end":{"line":32,"column":5}},"17":{"start":{"line":31,"column":6},"end":{"line":31,"column":34}},"18":{"start":{"line":34,"column":4},"end":{"line":34,"column":33}},"19":{"start":{"line":55,"column":0},"end":{"line":55,"column":27}},"20":{"start":{"line":56,"column":0},"end":{"line":56,"column":36}},"21":{"start":{"line":59,"column":0},"end":{"line":59,"column":41}},"22":{"start":{"line":60,"column":0},"end":{"line":60,"column":63}},"23":{"start":{"line":63,"column":0},"end":{"line":65,"column":1}},"24":{"start":{"line":64,"column":2},"end":{"line":64,"column":20}},"25":{"start":{"line":68,"column":0},"end":{"line":68,"column":27}},"26":{"start":{"line":70,"column":19},"end":{"line":72,"column":1}},"27":{"start":{"line":71,"column":2},"end":{"line":71,"column":42}},"28":{"start":{"line":74,"column":0},"end":{"line":74,"column":25}},"29":{"start":{"line":77,"column":0},"end":{"line":77,"column":18}},"30":{"start":{"line":80,"column":0},"end":{"line":80,"column":28}},"31":{"start":{"line":82,"column":0},"end":{"line":82,"column":19}}},"fnMap":{"0":{"name":"(anonymous_1)","decl":{"start":{"line":15,"column":10},"end":{"line":15,"column":20}},"loc":{"start":{"line":15,"column":36},"end":{"line":35,"column":3}}},"1":{"name":"(anonymous_2)","decl":{"start":{"line":70,"column":19},"end":{"line":70,"column":20}},"loc":{"start":{"line":70,"column":51},"end":{"line":72,"column":1}}}},"branchMap":{"0":{"loc":{"start":{"line":21,"column":4},"end":{"line":21,"column":45}},"type":"if","locations":[{"start":{"line":21,"column":4},"end":{"line":21,"column":45}},{"start":{},"end":{}}]},"1":{"loc":{"start":{"line":24,"column":4},"end":{"line":28,"column":5}},"type":"if","locations":[{"start":{"line":24,"column":4},"end":{"line":28,"column":5}},{"start":{},"end":{}}]},"2":{"loc":{"start":{"line":25,"column":6},"end":{"line":27,"column":7}},"type":"if","locations":[{"start":{"line":25,"column":6},"end":{"line":27,"column":7}},{"start":{},"end":{}}]},"3":{"loc":{"start":{"line":25,"column":10},"end":{"line":25,"column":70}},"type":"binary-expr","locations":[{"start":{"line":25,"column":10},"end":{"line":25,"column":38}},{"start":{"line":25,"column":42},"end":{"line":25,"column":70}}]},"4":{"loc":{"start":{"line":30,"column":4},"end":{"line":32,"column":5}},"type":"if","locations":[{"start":{"line":30,"column":4},"end":{"line":32,"column":5}},{"start":{},"end":{}}]},"5":{"loc":{"start":{"line":63,"column":0},"end":{"line":65,"column":1}},"type":"if","locations":[{"start":{"line":63,"column":0},"end":{"line":65,"column":1}},{"start":{},"end":{}}]}},"s":{"0":2,"1":2,"2":2,"3":2,"4":2,"5":2,"6":2,"7":2,"8":2,"9":2,"10":14,"11":14,"12":14,"13":0,"14":0,"15":0,"16":0,"17":0,"18":0,"19":2,"20":2,"21":2,"22":2,"23":2,"24":2,"25":2,"26":2,"27":0,"28":2,"29":2,"30":2,"31":2},"f":{"0":14,"1":0},"b":{"0":[14,0],"1":[0,0],"2":[0,0],"3":[0,0],"4":[0,0],"5":[2,0]}}
,"D:\\ATIS-Project\\Matrimony-App\\Marriage-Matrimony-\\backend\\src\\app\\config\\cloudinary.ts": {"path":"D:\\ATIS-Project\\Matrimony-App\\Marriage-Matrimony-\\backend\\src\\app\\config\\cloudinary.ts","statementMap":{"0":{"start":{"line":1,"column":0},"end":{"line":1,"column":15}},"1":{"start":{"line":199,"column":9},"end":{"line":1,"column":46}},"2":{"start":{"line":2,"column":0},"end":{"line":2,"column":62}},"3":{"start":{"line":3,"column":0},"end":{"line":3,"column":28}},"4":{"start":{"line":4,"column":0},"end":{"line":4,"column":28}},"5":{"start":{"line":7,"column":0},"end":{"line":7,"column":16}},"6":{"start":{"line":10,"column":0},"end":{"line":14,"column":3}},"7":{"start":{"line":17,"column":16},"end":{"line":132,"column":2}},"8":{"start":{"line":21,"column":6},"end":{"line":76,"column":7}},"9":{"start":{"line":22,"column":8},"end":{"line":22,"column":37}},"10":{"start":{"line":23,"column":13},"end":{"line":76,"column":7}},"11":{"start":{"line":27,"column":8},"end":{"line":27,"column":39}},"12":{"start":{"line":28,"column":13},"end":{"line":76,"column":7}},"13":{"start":{"line":29,"column":8},"end":{"line":29,"column":36}},"14":{"start":{"line":30,"column":13},"end":{"line":76,"column":7}},"15":{"start":{"line":31,"column":8},"end":{"line":31,"column":34}},"16":{"start":{"line":32,"column":13},"end":{"line":76,"column":7}},"17":{"start":{"line":33,"column":8},"end":{"line":33,"column":34}},"18":{"start":{"line":34,"column":13},"end":{"line":76,"column":7}},"19":{"start":{"line":35,"column":8},"end":{"line":35,"column":34}},"20":{"start":{"line":36,"column":13},"end":{"line":76,"column":7}},"21":{"start":{"line":37,"column":8},"end":{"line":37,"column":36}},"22":{"start":{"line":38,"column":13},"end":{"line":76,"column":7}},"23":{"start":{"line":39,"column":8},"end":{"line":39,"column":36}},"24":{"start":{"line":40,"column":13},"end":{"line":76,"column":7}},"25":{"start":{"line":41,"column":8},"end":{"line":41,"column":37}},"26":{"start":{"line":42,"column":13},"end":{"line":76,"column":7}},"27":{"start":{"line":43,"column":8},"end":{"line":43,"column":41}},"28":{"start":{"line":44,"column":13},"end":{"line":76,"column":7}},"29":{"start":{"line":45,"column":8},"end":{"line":45,"column":43}},"30":{"start":{"line":46,"column":13},"end":{"line":76,"column":7}},"31":{"start":{"line":47,"column":8},"end":{"line":47,"column":39}},"32":{"start":{"line":48,"column":13},"end":{"line":76,"column":7}},"33":{"start":{"line":49,"column":8},"end":{"line":49,"column":37}},"34":{"start":{"line":50,"column":13},"end":{"line":76,"column":7}},"35":{"start":{"line":51,"column":8},"end":{"line":51,"column":46}},"36":{"start":{"line":52,"column":13},"end":{"line":76,"column":7}},"37":{"start":{"line":53,"column":8},"end":{"line":53,"column":41}},"38":{"start":{"line":54,"column":13},"end":{"line":76,"column":7}},"39":{"start":{"line":55,"column":8},"end":{"line":55,"column":41}},"40":{"start":{"line":56,"column":13},"end":{"line":76,"column":7}},"41":{"start":{"line":57,"column":8},"end":{"line":57,"column":50}},"42":{"start":{"line":58,"column":13},"end":{"line":76,"column":7}},"43":{"start":{"line":59,"column":8},"end":{"line":59,"column":37}},"44":{"start":{"line":60,"column":13},"end":{"line":76,"column":7}},"45":{"start":{"line":61,"column":8},"end":{"line":61,"column":42}},"46":{"start":{"line":62,"column":13},"end":{"line":76,"column":7}},"47":{"start":{"line":63,"column":8},"end":{"line":63,"column":46}},"48":{"start":{"line":64,"column":13},"end":{"line":76,"column":7}},"49":{"start":{"line":65,"column":8},"end":{"line":65,"column":43}},"50":{"start":{"line":66,"column":13},"end":{"line":76,"column":7}},"51":{"start":{"line":67,"column":8},"end":{"line":67,"column":45}},"52":{"start":{"line":68,"column":13},"end":{"line":76,"column":7}},"53":{"start":{"line":69,"column":8},"end":{"line":69,"column":34}},"54":{"start":{"line":70,"column":13},"end":{"line":76,"column":7}},"55":{"start":{"line":71,"column":8},"end":{"line":71,"column":36}},"56":{"start":{"line":72,"column":13},"end":{"line":76,"column":7}},"57":{"start":{"line":73,"column":8},"end":{"line":73,"column":38}},"58":{"start":{"line":74,"column":13},"end":{"line":76,"column":7}},"59":{"start":{"line":75,"column":8},"end":{"line":75,"column":43}},"60":{"start":{"line":77,"column":6},"end":{"line":77,"column":34}},"61":{"start":{"line":124,"column":6},"end":{"line":124,"column":60}},"62":{"start":{"line":124,"column":47},"end":{"line":124,"column":60}},"63":{"start":{"line":125,"column":6},"end":{"line":125,"column":20}},"64":{"start":{"line":129,"column":6},"end":{"line":129,"column":16}},"65":{"start":{"line":135,"column":19},"end":{"line":194,"column":1}},"66":{"start":{"line":140,"column":27},"end":{"line":187,"column":4}},"67":{"start":{"line":189,"column":2},"end":{"line":193,"column":3}},"68":{"start":{"line":190,"column":4},"end":{"line":190,"column":19}},"69":{"start":{"line":192,"column":4},"end":{"line":192,"column":56}},"70":{"start":{"line":197,"column":15},"end":{"line":197,"column":46}},"71":{"start":{"line":199,"column":21},"end":{"line":199,"column":27}}},"fnMap":{"0":{"name":"(anonymous_1)","decl":{"start":{"line":199,"column":9},"end":{"line":199,"column":19}},"loc":{"start":{"line":199,"column":9},"end":{"line":1,"column":46}}},"1":{"name":"(anonymous_2)","decl":{"start":{"line":20,"column":12},"end":{"line":20,"column":13}},"loc":{"start":{"line":20,"column":57},"end":{"line":78,"column":5}}},"2":{"name":"(anonymous_3)","decl":{"start":{"line":123,"column":19},"end":{"line":123,"column":20}},"loc":{"start":{"line":123,"column":63},"end":{"line":126,"column":5}}},"3":{"name":"(anonymous_4)","decl":{"start":{"line":128,"column":20},"end":{"line":128,"column":21}},"loc":{"start":{"line":128,"column":64},"end":{"line":130,"column":5}}},"4":{"name":"(anonymous_5)","decl":{"start":{"line":135,"column":19},"end":{"line":135,"column":null}},"loc":{"start":{"line":139,"column":4},"end":{"line":194,"column":1}}}},"branchMap":{"0":{"loc":{"start":{"line":21,"column":6},"end":{"line":76,"column":7}},"type":"if","locations":[{"start":{"line":21,"column":6},"end":{"line":76,"column":7}},{"start":{"line":23,"column":13},"end":{"line":76,"column":7}}]},"1":{"loc":{"start":{"line":23,"column":13},"end":{"line":76,"column":7}},"type":"if","locations":[{"start":{"line":23,"column":13},"end":{"line":76,"column":7}},{"start":{"line":28,"column":13},"end":{"line":76,"column":7}}]},"2":{"loc":{"start":{"line":24,"column":8},"end":{"line":25,"column":53}},"type":"binary-expr","locations":[{"start":{"line":24,"column":8},"end":{"line":24,"column":47}},{"start":{"line":25,"column":8},"end":{"line":25,"column":53}}]},"3":{"loc":{"start":{"line":28,"column":13},"end":{"line":76,"column":7}},"type":"if","locations":[{"start":{"line":28,"column":13},"end":{"line":76,"column":7}},{"start":{"line":30,"column":13},"end":{"line":76,"column":7}}]},"4":{"loc":{"start":{"line":30,"column":13},"end":{"line":76,"column":7}},"type":"if","locations":[{"start":{"line":30,"column":13},"end":{"line":76,"column":7}},{"start":{"line":32,"column":13},"end":{"line":76,"column":7}}]},"5":{"loc":{"start":{"line":32,"column":13},"end":{"line":76,"column":7}},"type":"if","locations":[{"start":{"line":32,"column":13},"end":{"line":76,"column":7}},{"start":{"line":34,"column":13},"end":{"line":76,"column":7}}]},"6":{"loc":{"start":{"line":34,"column":13},"end":{"line":76,"column":7}},"type":"if","locations":[{"start":{"line":34,"column":13},"end":{"line":76,"column":7}},{"start":{"line":36,"column":13},"end":{"line":76,"column":7}}]},"7":{"loc":{"start":{"line":36,"column":13},"end":{"line":76,"column":7}},"type":"if","locations":[{"start":{"line":36,"column":13},"end":{"line":76,"column":7}},{"start":{"line":38,"column":13},"end":{"line":76,"column":7}}]},"8":{"loc":{"start":{"line":38,"column":13},"end":{"line":76,"column":7}},"type":"if","locations":[{"start":{"line":38,"column":13},"end":{"line":76,"column":7}},{"start":{"line":40,"column":13},"end":{"line":76,"column":7}}]},"9":{"loc":{"start":{"line":40,"column":13},"end":{"line":76,"column":7}},"type":"if","locations":[{"start":{"line":40,"column":13},"end":{"line":76,"column":7}},{"start":{"line":42,"column":13},"end":{"line":76,"column":7}}]},"10":{"loc":{"start":{"line":42,"column":13},"end":{"line":76,"column":7}},"type":"if","locations":[{"start":{"line":42,"column":13},"end":{"line":76,"column":7}},{"start":{"line":44,"column":13},"end":{"line":76,"column":7}}]},"11":{"loc":{"start":{"line":44,"column":13},"end":{"line":76,"column":7}},"type":"if","locations":[{"start":{"line":44,"column":13},"end":{"line":76,"column":7}},{"start":{"line":46,"column":13},"end":{"line":76,"column":7}}]},"12":{"loc":{"start":{"line":46,"column":13},"end":{"line":76,"column":7}},"type":"if","locations":[{"start":{"line":46,"column":13},"end":{"line":76,"column":7}},{"start":{"line":48,"column":13},"end":{"line":76,"column":7}}]},"13":{"loc":{"start":{"line":48,"column":13},"end":{"line":76,"column":7}},"type":"if","locations":[{"start":{"line":48,"column":13},"end":{"line":76,"column":7}},{"start":{"line":50,"column":13},"end":{"line":76,"column":7}}]},"14":{"loc":{"start":{"line":50,"column":13},"end":{"line":76,"column":7}},"type":"if","locations":[{"start":{"line":50,"column":13},"end":{"line":76,"column":7}},{"start":{"line":52,"column":13},"end":{"line":76,"column":7}}]},"15":{"loc":{"start":{"line":52,"column":13},"end":{"line":76,"column":7}},"type":"if","locations":[{"start":{"line":52,"column":13},"end":{"line":76,"column":7}},{"start":{"line":54,"column":13},"end":{"line":76,"column":7}}]},"16":{"loc":{"start":{"line":54,"column":13},"end":{"line":76,"column":7}},"type":"if","locations":[{"start":{"line":54,"column":13},"end":{"line":76,"column":7}},{"start":{"line":56,"column":13},"end":{"line":76,"column":7}}]},"17":{"loc":{"start":{"line":56,"column":13},"end":{"line":76,"column":7}},"type":"if","locations":[{"start":{"line":56,"column":13},"end":{"line":76,"column":7}},{"start":{"line":58,"column":13},"end":{"line":76,"column":7}}]},"18":{"loc":{"start":{"line":58,"column":13},"end":{"line":76,"column":7}},"type":"if","locations":[{"start":{"line":58,"column":13},"end":{"line":76,"column":7}},{"start":{"line":60,"column":13},"end":{"line":76,"column":7}}]},"19":{"loc":{"start":{"line":60,"column":13},"end":{"line":76,"column":7}},"type":"if","locations":[{"start":{"line":60,"column":13},"end":{"line":76,"column":7}},{"start":{"line":62,"column":13},"end":{"line":76,"column":7}}]},"20":{"loc":{"start":{"line":62,"column":13},"end":{"line":76,"column":7}},"type":"if","locations":[{"start":{"line":62,"column":13},"end":{"line":76,"column":7}},{"start":{"line":64,"column":13},"end":{"line":76,"column":7}}]},"21":{"loc":{"start":{"line":64,"column":13},"end":{"line":76,"column":7}},"type":"if","locations":[{"start":{"line":64,"column":13},"end":{"line":76,"column":7}},{"start":{"line":66,"column":13},"end":{"line":76,"column":7}}]},"22":{"loc":{"start":{"line":66,"column":13},"end":{"line":76,"column":7}},"type":"if","locations":[{"start":{"line":66,"column":13},"end":{"line":76,"column":7}},{"start":{"line":68,"column":13},"end":{"line":76,"column":7}}]},"23":{"loc":{"start":{"line":68,"column":13},"end":{"line":76,"column":7}},"type":"if","locations":[{"start":{"line":68,"column":13},"end":{"line":76,"column":7}},{"start":{"line":70,"column":13},"end":{"line":76,"column":7}}]},"24":{"loc":{"start":{"line":70,"column":13},"end":{"line":76,"column":7}},"type":"if","locations":[{"start":{"line":70,"column":13},"end":{"line":76,"column":7}},{"start":{"line":72,"column":13},"end":{"line":76,"column":7}}]},"25":{"loc":{"start":{"line":72,"column":13},"end":{"line":76,"column":7}},"type":"if","locations":[{"start":{"line":72,"column":13},"end":{"line":76,"column":7}},{"start":{"line":74,"column":13},"end":{"line":76,"column":7}}]},"26":{"loc":{"start":{"line":74,"column":13},"end":{"line":76,"column":7}},"type":"if","locations":[{"start":{"line":74,"column":13},"end":{"line":76,"column":7}},{"start":{},"end":{}}]},"27":{"loc":{"start":{"line":124,"column":6},"end":{"line":124,"column":60}},"type":"if","locations":[{"start":{"line":124,"column":6},"end":{"line":124,"column":60}},{"start":{},"end":{}}]},"28":{"loc":{"start":{"line":189,"column":2},"end":{"line":193,"column":3}},"type":"if","locations":[{"start":{"line":189,"column":2},"end":{"line":193,"column":3}},{"start":{"line":191,"column":9},"end":{"line":193,"column":3}}]}},"s":{"0":2,"1":2,"2":2,"3":2,"4":2,"5":2,"6":2,"7":2,"8":0,"9":0,"10":0,"11":0,"12":0,"13":0,"14":0,"15":0,"16":0,"17":0,"18":0,"19":0,"20":0,"21":0,"22":0,"23":0,"24":0,"25":0,"26":0,"27":0,"28":0,"29":0,"30":0,"31":0,"32":0,"33":0,"34":0,"35":0,"36":0,"37":0,"38":0,"39":0,"40":0,"41":0,"42":0,"43":0,"44":0,"45":0,"46":0,"47":0,"48":0,"49":0,"50":0,"51":0,"52":0,"53":0,"54":0,"55":0,"56":0,"57":0,"58":0,"59":0,"60":0,"61":0,"62":0,"63":0,"64":0,"65":2,"66":0,"67":0,"68":0,"69":0,"70":2,"71":2},"f":{"0":0,"1":0,"2":0,"3":0,"4":0},"b":{"0":[0,0],"1":[0,0],"2":[0,0],"3":[0,0],"4":[0,0],"5":[0,0],"6":[0,0],"7":[0,0],"8":[0,0],"9":[0,0],"10":[0,0],"11":[0,0],"12":[0,0],"13":[0,0],"14":[0,0],"15":[0,0],"16":[0,0],"17":[0,0],"18":[0,0],"19":[0,0],"20":[0,0],"21":[0,0],"22":[0,0],"23":[0,0],"24":[0,0],"25":[0,0],"26":[0,0],"27":[0,0],"28":[0,0]}}
,"D:\\ATIS-Project\\Matrimony-App\\Marriage-Matrimony-\\backend\\src\\app\\config\\swagger.ts": {"path":"D:\\ATIS-Project\\Matrimony-App\\Marriage-Matrimony-\\backend\\src\\app\\config\\swagger.ts","statementMap":{"0":{"start":{"line":1,"column":0},"end":{"line":1,"column":41}},"1":{"start":{"line":2,"column":0},"end":{"line":2,"column":43}},"2":{"start":{"line":6,"column":15},"end":{"line":6,"column":52}},"3":{"start":{"line":8,"column":38},"end":{"line":303,"column":2}},"4":{"start":{"line":306,"column":2},"end":{"line":306,"column":79}},"5":{"start":{"line":308,"column":2},"end":{"line":308,"column":85}},"6":{"start":{"line":310,"column":2},"end":{"line":310,"column":96}},"7":{"start":{"line":312,"column":28},"end":{"line":332,"column":1}},"8":{"start":{"line":313,"column":16},"end":{"line":313,"column":37}},"9":{"start":{"line":319,"column":2},"end":{"line":327,"column":4}},"10":{"start":{"line":329,"column":2},"end":{"line":331,"column":4}},"11":{"start":{"line":312,"column":13},"end":{"line":312,"column":28}}},"fnMap":{"0":{"name":"(anonymous_1)","decl":{"start":{"line":312,"column":28},"end":{"line":312,"column":29}},"loc":{"start":{"line":312,"column":55},"end":{"line":332,"column":1}}}},"branchMap":{},"s":{"0":2,"1":2,"2":2,"3":2,"4":2,"5":2,"6":2,"7":2,"8":2,"9":2,"10":2,"11":2},"f":{"0":2},"b":{}}
,"D:\\ATIS-Project\\Matrimony-App\\Marriage-Matrimony-\\backend\\src\\app\\errors\\appError.ts": {"path":"D:\\ATIS-Project\\Matrimony-App\\Marriage-Matrimony-\\backend\\src\\app\\errors\\appError.ts","statementMap":{"0":{"start":{"line":7,"column":4},"end":{"line":7,"column":19}},"1":{"start":{"line":8,"column":4},"end":{"line":8,"column":33}},"2":{"start":{"line":9,"column":4},"end":{"line":9,"column":69}},"3":{"start":{"line":10,"column":4},"end":{"line":10,"column":30}},"4":{"start":{"line":12,"column":4},"end":{"line":12,"column":52}},"5":{"start":{"line":1,"column":0},"end":{"line":1,"column":13}}},"fnMap":{"0":{"name":"(anonymous_0)","decl":{"start":{"line":6,"column":2},"end":{"line":6,"column":14}},"loc":{"start":{"line":6,"column":49},"end":{"line":13,"column":3}}}},"branchMap":{"0":{"loc":{"start":{"line":9,"column":18},"end":{"line":9,"column":68}},"type":"cond-expr","locations":[{"start":{"line":9,"column":52},"end":{"line":9,"column":58}},{"start":{"line":9,"column":61},"end":{"line":9,"column":68}}]}},"s":{"0":0,"1":0,"2":0,"3":0,"4":0,"5":2},"f":{"0":0},"b":{"0":[0,0]}}
,"D:\\ATIS-Project\\Matrimony-App\\Marriage-Matrimony-\\backend\\src\\app\\errors\\handleCastError.ts": {"path":"D:\\ATIS-Project\\Matrimony-App\\Marriage-Matrimony-\\backend\\src\\app\\errors\\handleCastError.ts","statementMap":{"0":{"start":{"line":2,"column":0},"end":{"line":2,"column":38}},"1":{"start":{"line":3,"column":24},"end":{"line":6,"column":1}},"2":{"start":{"line":4,"column":18},"end":{"line":4,"column":54}},"3":{"start":{"line":5,"column":2},"end":{"line":5,"column":36}},"4":{"start":{"line":8,"column":0},"end":{"line":8,"column":31}}},"fnMap":{"0":{"name":"(anonymous_0)","decl":{"start":{"line":3,"column":24},"end":{"line":3,"column":25}},"loc":{"start":{"line":3,"column":37},"end":{"line":6,"column":1}}}},"branchMap":{},"s":{"0":2,"1":2,"2":0,"3":0,"4":2},"f":{"0":0},"b":{}}
,"D:\\ATIS-Project\\Matrimony-App\\Marriage-Matrimony-\\backend\\src\\app\\errors\\handleDuplicateError.ts": {"path":"D:\\ATIS-Project\\Matrimony-App\\Marriage-Matrimony-\\backend\\src\\app\\errors\\handleDuplicateError.ts","statementMap":{"0":{"start":{"line":6,"column":29},"end":{"line":27,"column":1}},"1":{"start":{"line":8,"column":16},"end":{"line":8,"column":65}},"2":{"start":{"line":11,"column":16},"end":{"line":11,"column":50}},"3":{"start":{"line":13,"column":38},"end":{"line":18,"column":4}},"4":{"start":{"line":20,"column":21},"end":{"line":20,"column":24}},"5":{"start":{"line":22,"column":2},"end":{"line":26,"column":4}},"6":{"start":{"line":29,"column":0},"end":{"line":29,"column":36}}},"fnMap":{"0":{"name":"(anonymous_0)","decl":{"start":{"line":6,"column":29},"end":{"line":6,"column":30}},"loc":{"start":{"line":6,"column":65},"end":{"line":27,"column":1}}}},"branchMap":{"0":{"loc":{"start":{"line":8,"column":16},"end":{"line":8,"column":65}},"type":"binary-expr","locations":[{"start":{"line":8,"column":16},"end":{"line":8,"column":52}},{"start":{"line":8,"column":56},"end":{"line":8,"column":65}}]},"1":{"loc":{"start":{"line":8,"column":28},"end":{"line":8,"column":48}},"type":"binary-expr","locations":[{"start":{"line":8,"column":28},"end":{"line":8,"column":42}},{"start":{"line":8,"column":46},"end":{"line":8,"column":48}}]},"2":{"loc":{"start":{"line":11,"column":16},"end":{"line":11,"column":50}},"type":"binary-expr","locations":[{"start":{"line":11,"column":16},"end":{"line":11,"column":37}},{"start":{"line":11,"column":41},"end":{"line":11,"column":50}}]},"3":{"loc":{"start":{"line":11,"column":16},"end":{"line":11,"column":37}},"type":"cond-expr","locations":[{"start":{"line":11,"column":28},"end":{"line":11,"column":31}},{"start":{"line":11,"column":28},"end":{"line":11,"column":37}}]},"4":{"loc":{"start":{"line":11,"column":16},"end":{"line":11,"column":31}},"type":"binary-expr","locations":[{"start":{"line":11,"column":16},"end":{"line":11,"column":31}},{"start":{"line":11,"column":28},"end":{"line":11,"column":31}}]}},"s":{"0":2,"1":0,"2":0,"3":0,"4":0,"5":0,"6":2},"f":{"0":0},"b":{"0":[0,0],"1":[0,0],"2":[0,0],"3":[0,0],"4":[0,0]}}
,"D:\\ATIS-Project\\Matrimony-App\\Marriage-Matrimony-\\backend\\src\\app\\errors\\handleValidationError.ts": {"path":"D:\\ATIS-Project\\Matrimony-App\\Marriage-Matrimony-\\backend\\src\\app\\errors\\handleValidationError.ts","statementMap":{"0":{"start":{"line":1,"column":0},"end":{"line":1,"column":38}},"1":{"start":{"line":2,"column":30},"end":{"line":6,"column":1}},"2":{"start":{"line":3,"column":17},"end":{"line":3,"column":71}},"3":{"start":{"line":3,"column":60},"end":{"line":3,"column":70}},"4":{"start":{"line":4,"column":18},"end":{"line":4,"column":60}},"5":{"start":{"line":5,"column":2},"end":{"line":5,"column":36}},"6":{"start":{"line":8,"column":0},"end":{"line":8,"column":37}}},"fnMap":{"0":{"name":"(anonymous_0)","decl":{"start":{"line":2,"column":30},"end":{"line":2,"column":31}},"loc":{"start":{"line":2,"column":43},"end":{"line":6,"column":1}}},"1":{"name":"(anonymous_1)","decl":{"start":{"line":3,"column":47},"end":{"line":3,"column":48}},"loc":{"start":{"line":3,"column":60},"end":{"line":3,"column":70}}}},"branchMap":{},"s":{"0":2,"1":2,"2":0,"3":0,"4":0,"5":0,"6":2},"f":{"0":0,"1":0},"b":{}}
,"D:\\ATIS-Project\\Matrimony-App\\Marriage-Matrimony-\\backend\\src\\app\\errors\\handleZodError.ts": {"path":"D:\\ATIS-Project\\Matrimony-App\\Marriage-Matrimony-\\backend\\src\\app\\errors\\handleZodError.ts","statementMap":{"0":{"start":{"line":3,"column":0},"end":{"line":3,"column":38}},"1":{"start":{"line":4,"column":23},"end":{"line":19,"column":1}},"2":{"start":{"line":5,"column":17},"end":{"line":9,"column":8}},"3":{"start":{"line":11,"column":17},"end":{"line":14,"column":5}},"4":{"start":{"line":11,"column":40},"end":{"line":14,"column":5}},"5":{"start":{"line":16,"column":17},"end":{"line":16,"column":64}},"6":{"start":{"line":17,"column":2},"end":{"line":17,"column":25}},"7":{"start":{"line":18,"column":2},"end":{"line":18,"column":16}},"8":{"start":{"line":21,"column":0},"end":{"line":21,"column":30}}},"fnMap":{"0":{"name":"(anonymous_0)","decl":{"start":{"line":4,"column":23},"end":{"line":4,"column":24}},"loc":{"start":{"line":4,"column":41},"end":{"line":19,"column":1}}},"1":{"name":"(anonymous_1)","decl":{"start":{"line":11,"column":28},"end":{"line":11,"column":29}},"loc":{"start":{"line":11,"column":39},"end":{"line":14,"column":5}}}},"branchMap":{"0":{"loc":{"start":{"line":5,"column":17},"end":{"line":9,"column":8}},"type":"cond-expr","locations":[{"start":{"line":6,"column":7},"end":{"line":6,"column":25}},{"start":{"line":7,"column":6},"end":{"line":9,"column":8}}]},"1":{"loc":{"start":{"line":7,"column":6},"end":{"line":9,"column":8}},"type":"cond-expr","locations":[{"start":{"line":8,"column":7},"end":{"line":8,"column":25}},{"start":{"line":9,"column":6},"end":{"line":9,"column":8}}]},"2":{"loc":{"start":{"line":12,"column":10},"end":{"line":12,"column":75}},"type":"cond-expr","locations":[{"start":{"line":12,"column":35},"end":{"line":12,"column":51}},{"start":{"line":12,"column":54},"end":{"line":12,"column":75}}]},"3":{"loc":{"start":{"line":12,"column":24},"end":{"line":12,"column":31}},"type":"cond-expr","locations":[{"start":{"line":12,"column":25},"end":{"line":12,"column":27}},{"start":{"line":12,"column":24},"end":{"line":12,"column":31}}]},"4":{"loc":{"start":{"line":12,"column":24},"end":{"line":12,"column":27}},"type":"binary-expr","locations":[{"start":{"line":12,"column":24},"end":{"line":12,"column":27}},{"start":{"line":12,"column":24},"end":{"line":12,"column":27}}]},"5":{"loc":{"start":{"line":12,"column":61},"end":{"line":12,"column":74}},"type":"cond-expr","locations":[{"start":{"line":12,"column":68},"end":{"line":12,"column":72}},{"start":{"line":12,"column":72},"end":{"line":12,"column":74}}]},"6":{"loc":{"start":{"line":12,"column":61},"end":{"line":12,"column":72}},"type":"binary-expr","locations":[{"start":{"line":12,"column":61},"end":{"line":12,"column":72}},{"start":{"line":12,"column":68},"end":{"line":12,"column":72}}]},"7":{"loc":{"start":{"line":12,"column":61},"end":{"line":12,"column":68}},"type":"cond-expr","locations":[{"start":{"line":12,"column":62},"end":{"line":12,"column":64}},{"start":{"line":12,"column":61},"end":{"line":12,"column":68}}]},"8":{"loc":{"start":{"line":12,"column":61},"end":{"line":12,"column":64}},"type":"binary-expr","locations":[{"start":{"line":12,"column":61},"end":{"line":12,"column":64}},{"start":{"line":12,"column":61},"end":{"line":12,"column":64}}]},"9":{"loc":{"start":{"line":13,"column":20},"end":{"line":13,"column":49}},"type":"cond-expr","locations":[{"start":{"line":13,"column":30},"end":{"line":13,"column":34}},{"start":{"line":13,"column":34},"end":{"line":13,"column":49}}]},"10":{"loc":{"start":{"line":13,"column":20},"end":{"line":13,"column":34}},"type":"binary-expr","locations":[{"start":{"line":13,"column":20},"end":{"line":13,"column":34}},{"start":{"line":13,"column":30},"end":{"line":13,"column":34}}]},"11":{"loc":{"start":{"line":13,"column":20},"end":{"line":13,"column":30}},"type":"cond-expr","locations":[{"start":{"line":13,"column":21},"end":{"line":13,"column":23}},{"start":{"line":13,"column":20},"end":{"line":13,"column":30}}]},"12":{"loc":{"start":{"line":13,"column":20},"end":{"line":13,"column":23}},"type":"binary-expr","locations":[{"start":{"line":13,"column":20},"end":{"line":13,"column":23}},{"start":{"line":13,"column":20},"end":{"line":13,"column":23}}]}},"s":{"0":2,"1":2,"2":0,"3":0,"4":0,"5":0,"6":0,"7":0,"8":2},"f":{"0":0,"1":0},"b":{"0":[0,0],"1":[0,0],"2":[0,0],"3":[0,0],"4":[0,0],"5":[0,0],"6":[0,0],"7":[0,0],"8":[0,0],"9":[0,0],"10":[0,0],"11":[0,0],"12":[0,0]}}
,"D:\\ATIS-Project\\Matrimony-App\\Marriage-Matrimony-\\backend\\src\\app\\middlewares\\authMiddleware.ts": {"path":"D:\\ATIS-Project\\Matrimony-App\\Marriage-Matrimony-\\backend\\src\\app\\middlewares\\authMiddleware.ts","statementMap":{"0":{"start":{"line":2,"column":0},"end":{"line":2,"column":55}},"1":{"start":{"line":4,"column":28},"end":{"line":38,"column":1}},"2":{"start":{"line":10,"column":4},"end":{"line":36,"column":5}},"3":{"start":{"line":12,"column":27},"end":{"line":12,"column":52}},"4":{"start":{"line":14,"column":8},"end":{"line":19,"column":9}},"5":{"start":{"line":15,"column":12},"end":{"line":18,"column":15}},"6":{"start":{"line":21,"column":22},"end":{"line":21,"column":46}},"7":{"start":{"line":23,"column":24},"end":{"line":23,"column":48}},"8":{"start":{"line":25,"column":8},"end":{"line":25,"column":27}},"9":{"start":{"line":27,"column":8},"end":{"line":27,"column":15}},"10":{"start":{"line":31,"column":8},"end":{"line":34,"column":11}},"11":{"start":{"line":4,"column":13},"end":{"line":4,"column":28}}},"fnMap":{"0":{"name":"(anonymous_0)","decl":{"start":{"line":4,"column":28},"end":{"line":4,"column":null}},"loc":{"start":{"line":8,"column":4},"end":{"line":38,"column":1}}}},"branchMap":{"0":{"loc":{"start":{"line":14,"column":8},"end":{"line":19,"column":9}},"type":"if","locations":[{"start":{"line":14,"column":8},"end":{"line":19,"column":9}},{"start":{},"end":{}}]},"1":{"loc":{"start":{"line":14,"column":13},"end":{"line":14,"column":46}},"type":"cond-expr","locations":[{"start":{"line":14,"column":23},"end":{"line":14,"column":25}},{"start":{"line":14,"column":13},"end":{"line":14,"column":46}}]},"2":{"loc":{"start":{"line":14,"column":13},"end":{"line":14,"column":25}},"type":"binary-expr","locations":[{"start":{"line":14,"column":13},"end":{"line":14,"column":25}},{"start":{"line":14,"column":13},"end":{"line":14,"column":25}}]}},"s":{"0":2,"1":2,"2":0,"3":0,"4":0,"5":0,"6":0,"7":0,"8":0,"9":0,"10":0,"11":2},"f":{"0":0},"b":{"0":[0,0],"1":[0,0],"2":[0,0]}}
,"D:\\ATIS-Project\\Matrimony-App\\Marriage-Matrimony-\\backend\\src\\app\\middlewares\\globalErrorHandler.ts": {"path":"D:\\ATIS-Project\\Matrimony-App\\Marriage-Matrimony-\\backend\\src\\app\\middlewares\\globalErrorHandler.ts","statementMap":{"0":{"start":{"line":2,"column":0},"end":{"line":2,"column":56}},"1":{"start":{"line":3,"column":0},"end":{"line":3,"column":66}},"2":{"start":{"line":4,"column":0},"end":{"line":4,"column":54}},"3":{"start":{"line":5,"column":0},"end":{"line":5,"column":68}},"4":{"start":{"line":6,"column":0},"end":{"line":6,"column":31}},"5":{"start":{"line":7,"column":27},"end":{"line":23,"column":1}},"6":{"start":{"line":8,"column":2},"end":{"line":8,"column":41}},"7":{"start":{"line":9,"column":2},"end":{"line":9,"column":37}},"8":{"start":{"line":11,"column":2},"end":{"line":11,"column":59}},"9":{"start":{"line":11,"column":32},"end":{"line":11,"column":59}},"10":{"start":{"line":12,"column":2},"end":{"line":12,"column":58}},"11":{"start":{"line":12,"column":26},"end":{"line":12,"column":58}},"12":{"start":{"line":13,"column":2},"end":{"line":13,"column":71}},"13":{"start":{"line":13,"column":38},"end":{"line":13,"column":71}},"14":{"start":{"line":14,"column":2},"end":{"line":14,"column":57}},"15":{"start":{"line":14,"column":31},"end":{"line":14,"column":57}},"16":{"start":{"line":16,"column":2},"end":{"line":22,"column":5}},"17":{"start":{"line":25,"column":0},"end":{"line":25,"column":34}}},"fnMap":{"0":{"name":"(anonymous_1)","decl":{"start":{"line":7,"column":27},"end":{"line":7,"column":28}},"loc":{"start":{"line":7,"column":89},"end":{"line":23,"column":1}}}},"branchMap":{"0":{"loc":{"start":{"line":8,"column":19},"end":{"line":8,"column":40}},"type":"binary-expr","locations":[{"start":{"line":8,"column":19},"end":{"line":8,"column":33}},{"start":{"line":8,"column":37},"end":{"line":8,"column":40}}]},"1":{"loc":{"start":{"line":9,"column":15},"end":{"line":9,"column":36}},"type":"binary-expr","locations":[{"start":{"line":9,"column":15},"end":{"line":9,"column":25}},{"start":{"line":9,"column":29},"end":{"line":9,"column":36}}]},"2":{"loc":{"start":{"line":11,"column":2},"end":{"line":11,"column":59}},"type":"if","locations":[{"start":{"line":11,"column":2},"end":{"line":11,"column":59}},{"start":{},"end":{}}]},"3":{"loc":{"start":{"line":12,"column":2},"end":{"line":12,"column":58}},"type":"if","locations":[{"start":{"line":12,"column":2},"end":{"line":12,"column":58}},{"start":{},"end":{}}]},"4":{"loc":{"start":{"line":13,"column":2},"end":{"line":13,"column":71}},"type":"if","locations":[{"start":{"line":13,"column":2},"end":{"line":13,"column":71}},{"start":{},"end":{}}]},"5":{"loc":{"start":{"line":14,"column":2},"end":{"line":14,"column":57}},"type":"if","locations":[{"start":{"line":14,"column":2},"end":{"line":14,"column":57}},{"start":{},"end":{}}]},"6":{"loc":{"start":{"line":20,"column":19},"end":{"line":20,"column":69}},"type":"binary-expr","locations":[{"start":{"line":20,"column":19},"end":{"line":20,"column":29}},{"start":{"line":20,"column":33},"end":{"line":20,"column":69}}]},"7":{"loc":{"start":{"line":21,"column":11},"end":{"line":21,"column":73}},"type":"cond-expr","locations":[{"start":{"line":21,"column":52},"end":{"line":21,"column":61}},{"start":{"line":21,"column":64},"end":{"line":21,"column":73}}]}},"s":{"0":2,"1":2,"2":2,"3":2,"4":2,"5":2,"6":0,"7":0,"8":0,"9":0,"10":0,"11":0,"12":0,"13":0,"14":0,"15":0,"16":0,"17":2},"f":{"0":0},"b":{"0":[0,0],"1":[0,0],"2":[0,0],"3":[0,0],"4":[0,0],"5":[0,0],"6":[0,0],"7":[0,0]}}
,"D:\\ATIS-Project\\Matrimony-App\\Marriage-Matrimony-\\backend\\src\\app\\middlewares\\notFound.ts": {"path":"D:\\ATIS-Project\\Matrimony-App\\Marriage-Matrimony-\\backend\\src\\app\\middlewares\\notFound.ts","statementMap":{"0":{"start":{"line":2,"column":0},"end":{"line":2,"column":46}},"1":{"start":{"line":3,"column":17},"end":{"line":6,"column":1}},"2":{"start":{"line":4,"column":14},"end":{"line":4,"column":44}},"3":{"start":{"line":5,"column":2},"end":{"line":5,"column":12}},"4":{"start":{"line":8,"column":0},"end":{"line":8,"column":24}}},"fnMap":{"0":{"name":"(anonymous_0)","decl":{"start":{"line":3,"column":17},"end":{"line":3,"column":18}},"loc":{"start":{"line":3,"column":69},"end":{"line":6,"column":1}}}},"branchMap":{},"s":{"0":2,"1":2,"2":0,"3":0,"4":2},"f":{"0":0},"b":{}}
,"D:\\ATIS-Project\\Matrimony-App\\Marriage-Matrimony-\\backend\\src\\app\\modules\\account-settings\\accountSettings.controller.ts": {"path":"D:\\ATIS-Project\\Matrimony-App\\Marriage-Matrimony-\\backend\\src\\app\\modules\\account-settings\\accountSettings.controller.ts","statementMap":{"0":{"start":{"line":2,"column":0},"end":{"line":2,"column":58}},"1":{"start":{"line":3,"column":0},"end":{"line":3,"column":59}},"2":{"start":{"line":4,"column":0},"end":{"line":4,"column":38}},"3":{"start":{"line":5,"column":0},"end":{"line":5,"column":null}},"4":{"start":{"line":14,"column":34},"end":{"line":48,"column":2}},"5":{"start":{"line":17,"column":4},"end":{"line":48,"column":2}},"6":{"start":{"line":19,"column":4},"end":{"line":46,"column":5}},"7":{"start":{"line":21,"column":23},"end":{"line":24,"column":10}},"8":{"start":{"line":26,"column":8},"end":{"line":32,"column":9}},"9":{"start":{"line":28,"column":12},"end":{"line":30,"column":15}},"10":{"start":{"line":34,"column":8},"end":{"line":37,"column":11}},"11":{"start":{"line":41,"column":8},"end":{"line":44,"column":11}},"12":{"start":{"line":14,"column":13},"end":{"line":14,"column":34}},"13":{"start":{"line":50,"column":37},"end":{"line":102,"column":2}},"14":{"start":{"line":53,"column":19},"end":{"line":102,"column":2}},"15":{"start":{"line":55,"column":4},"end":{"line":100,"column":5}},"16":{"start":{"line":58,"column":12},"end":{"line":58,"column":55}},"17":{"start":{"line":60,"column":25},"end":{"line":63,"column":10}},"18":{"start":{"line":65,"column":8},"end":{"line":71,"column":9}},"19":{"start":{"line":66,"column":12},"end":{"line":69,"column":15}},"20":{"start":{"line":70,"column":12},"end":{"line":70,"column":19}},"21":{"start":{"line":73,"column":8},"end":{"line":74,"column":45}},"22":{"start":{"line":76,"column":8},"end":{"line":77,"column":44}},"23":{"start":{"line":79,"column":8},"end":{"line":80,"column":39}},"24":{"start":{"line":82,"column":8},"end":{"line":83,"column":41}},"25":{"start":{"line":85,"column":8},"end":{"line":85,"column":30}},"26":{"start":{"line":87,"column":8},"end":{"line":91,"column":11}},"27":{"start":{"line":95,"column":8},"end":{"line":98,"column":11}},"28":{"start":{"line":50,"column":13},"end":{"line":50,"column":37}},"29":{"start":{"line":104,"column":27},"end":{"line":162,"column":2}},"30":{"start":{"line":107,"column":19},"end":{"line":162,"column":2}},"31":{"start":{"line":109,"column":4},"end":{"line":161,"column":5}},"32":{"start":{"line":111,"column":30},"end":{"line":111,"column":63}},"33":{"start":{"line":113,"column":25},"end":{"line":116,"column":10}},"34":{"start":{"line":118,"column":8},"end":{"line":124,"column":9}},"35":{"start":{"line":119,"column":12},"end":{"line":122,"column":15}},"36":{"start":{"line":123,"column":12},"end":{"line":123,"column":19}},"37":{"start":{"line":126,"column":28},"end":{"line":126,"column":38}},"38":{"start":{"line":128,"column":8},"end":{"line":141,"column":9}},"39":{"start":{"line":131,"column":16},"end":{"line":131,"column":63}},"40":{"start":{"line":132,"column":16},"end":{"line":132,"column":22}},"41":{"start":{"line":135,"column":16},"end":{"line":135,"column":64}},"42":{"start":{"line":136,"column":16},"end":{"line":136,"column":22}},"43":{"start":{"line":139,"column":16},"end":{"line":139,"column":64}},"44":{"start":{"line":140,"column":16},"end":{"line":140,"column":22}},"45":{"start":{"line":143,"column":8},"end":{"line":143,"column":45}},"46":{"start":{"line":144,"column":8},"end":{"line":144,"column":55}},"47":{"start":{"line":146,"column":8},"end":{"line":146,"column":30}},"48":{"start":{"line":148,"column":8},"end":{"line":152,"column":11}},"49":{"start":{"line":156,"column":8},"end":{"line":159,"column":11}},"50":{"start":{"line":104,"column":13},"end":{"line":104,"column":27}},"51":{"start":{"line":164,"column":29},"end":{"line":203,"column":2}},"52":{"start":{"line":167,"column":19},"end":{"line":203,"column":2}},"53":{"start":{"line":169,"column":4},"end":{"line":202,"column":5}},"54":{"start":{"line":171,"column":25},"end":{"line":174,"column":10}},"55":{"start":{"line":176,"column":8},"end":{"line":182,"column":9}},"56":{"start":{"line":177,"column":12},"end":{"line":180,"column":15}},"57":{"start":{"line":181,"column":12},"end":{"line":181,"column":19}},"58":{"start":{"line":184,"column":8},"end":{"line":184,"column":46}},"59":{"start":{"line":185,"column":8},"end":{"line":185,"column":53}},"60":{"start":{"line":187,"column":8},"end":{"line":187,"column":30}},"61":{"start":{"line":189,"column":8},"end":{"line":193,"column":11}},"62":{"start":{"line":197,"column":8},"end":{"line":200,"column":11}},"63":{"start":{"line":164,"column":13},"end":{"line":164,"column":29}},"64":{"start":{"line":205,"column":38},"end":{"line":246,"column":2}},"65":{"start":{"line":208,"column":19},"end":{"line":246,"column":2}},"66":{"start":{"line":210,"column":4},"end":{"line":245,"column":5}},"67":{"start":{"line":213,"column":12},"end":{"line":213,"column":55}},"68":{"start":{"line":215,"column":25},"end":{"line":218,"column":10}},"69":{"start":{"line":220,"column":8},"end":{"line":226,"column":9}},"70":{"start":{"line":221,"column":12},"end":{"line":224,"column":15}},"71":{"start":{"line":225,"column":12},"end":{"line":225,"column":19}},"72":{"start":{"line":228,"column":8},"end":{"line":228,"column":71}},"73":{"start":{"line":230,"column":8},"end":{"line":230,"column":30}},"74":{"start":{"line":232,"column":8},"end":{"line":236,"column":11}},"75":{"start":{"line":240,"column":8},"end":{"line":243,"column":11}},"76":{"start":{"line":205,"column":13},"end":{"line":205,"column":38}},"77":{"start":{"line":248,"column":38},"end":{"line":289,"column":2}},"78":{"start":{"line":251,"column":19},"end":{"line":289,"column":2}},"79":{"start":{"line":253,"column":4},"end":{"line":288,"column":5}},"80":{"start":{"line":256,"column":12},"end":{"line":256,"column":55}},"81":{"start":{"line":258,"column":25},"end":{"line":261,"column":10}},"82":{"start":{"line":263,"column":8},"end":{"line":269,"column":9}},"83":{"start":{"line":264,"column":12},"end":{"line":267,"column":15}},"84":{"start":{"line":268,"column":12},"end":{"line":268,"column":19}},"85":{"start":{"line":271,"column":8},"end":{"line":271,"column":71}},"86":{"start":{"line":273,"column":8},"end":{"line":273,"column":30}},"87":{"start":{"line":275,"column":8},"end":{"line":279,"column":11}},"88":{"start":{"line":283,"column":8},"end":{"line":286,"column":11}},"89":{"start":{"line":248,"column":13},"end":{"line":248,"column":38}},"90":{"start":{"line":291,"column":40},"end":{"line":332,"column":2}},"91":{"start":{"line":294,"column":19},"end":{"line":332,"column":2}},"92":{"start":{"line":296,"column":4},"end":{"line":331,"column":5}},"93":{"start":{"line":299,"column":12},"end":{"line":299,"column":57}},"94":{"start":{"line":301,"column":25},"end":{"line":304,"column":10}},"95":{"start":{"line":306,"column":8},"end":{"line":312,"column":9}},"96":{"start":{"line":307,"column":12},"end":{"line":310,"column":15}},"97":{"start":{"line":311,"column":12},"end":{"line":311,"column":19}},"98":{"start":{"line":314,"column":8},"end":{"line":314,"column":73}},"99":{"start":{"line":316,"column":8},"end":{"line":316,"column":30}},"100":{"start":{"line":318,"column":8},"end":{"line":322,"column":11}},"101":{"start":{"line":326,"column":8},"end":{"line":329,"column":11}},"102":{"start":{"line":291,"column":13},"end":{"line":291,"column":40}},"103":{"start":{"line":334,"column":29},"end":{"line":387,"column":2}},"104":{"start":{"line":337,"column":19},"end":{"line":387,"column":2}},"105":{"start":{"line":339,"column":4},"end":{"line":385,"column":5}},"106":{"start":{"line":341,"column":21},"end":{"line":341,"column":53}},"107":{"start":{"line":343,"column":8},"end":{"line":349,"column":9}},"108":{"start":{"line":344,"column":12},"end":{"line":347,"column":15}},"109":{"start":{"line":348,"column":12},"end":{"line":348,"column":19}},"110":{"start":{"line":351,"column":24},"end":{"line":353,"column":10}},"111":{"start":{"line":355,"column":25},"end":{"line":357,"column":10}},"112":{"start":{"line":359,"column":8},"end":{"line":359,"column":30}},"113":{"start":{"line":361,"column":8},"end":{"line":364,"column":9}},"114":{"start":{"line":362,"column":12},"end":{"line":362,"column":37}},"115":{"start":{"line":363,"column":12},"end":{"line":363,"column":33}},"116":{"start":{"line":366,"column":8},"end":{"line":369,"column":9}},"117":{"start":{"line":367,"column":12},"end":{"line":367,"column":38}},"118":{"start":{"line":368,"column":12},"end":{"line":368,"column":34}},"119":{"start":{"line":371,"column":8},"end":{"line":371,"column":26}},"120":{"start":{"line":373,"column":8},"end":{"line":376,"column":11}},"121":{"start":{"line":380,"column":8},"end":{"line":383,"column":11}},"122":{"start":{"line":334,"column":13},"end":{"line":334,"column":29}}},"fnMap":{"0":{"name":"(anonymous_8)","decl":{"start":{"line":14,"column":34},"end":{"line":14,"column":null}},"loc":{"start":{"line":17,"column":4},"end":{"line":48,"column":2}}},"1":{"name":"(anonymous_9)","decl":{"start":{"line":17,"column":4},"end":{"line":17,"column":null}},"loc":{"start":{"line":17,"column":4},"end":{"line":48,"column":1}}},"2":{"name":"(anonymous_10)","decl":{"start":{"line":50,"column":37},"end":{"line":50,"column":null}},"loc":{"start":{"line":53,"column":19},"end":{"line":102,"column":2}}},"3":{"name":"(anonymous_11)","decl":{"start":{"line":53,"column":19},"end":{"line":53,"column":null}},"loc":{"start":{"line":53,"column":19},"end":{"line":102,"column":1}}},"4":{"name":"(anonymous_12)","decl":{"start":{"line":104,"column":27},"end":{"line":104,"column":null}},"loc":{"start":{"line":107,"column":19},"end":{"line":162,"column":2}}},"5":{"name":"(anonymous_13)","decl":{"start":{"line":107,"column":19},"end":{"line":107,"column":null}},"loc":{"start":{"line":107,"column":19},"end":{"line":162,"column":1}}},"6":{"name":"(anonymous_14)","decl":{"start":{"line":164,"column":29},"end":{"line":164,"column":null}},"loc":{"start":{"line":167,"column":19},"end":{"line":203,"column":2}}},"7":{"name":"(anonymous_15)","decl":{"start":{"line":167,"column":19},"end":{"line":167,"column":null}},"loc":{"start":{"line":167,"column":19},"end":{"line":203,"column":1}}},"8":{"name":"(anonymous_16)","decl":{"start":{"line":205,"column":38},"end":{"line":205,"column":null}},"loc":{"start":{"line":208,"column":19},"end":{"line":246,"column":2}}},"9":{"name":"(anonymous_17)","decl":{"start":{"line":208,"column":19},"end":{"line":208,"column":null}},"loc":{"start":{"line":208,"column":19},"end":{"line":246,"column":1}}},"10":{"name":"(anonymous_18)","decl":{"start":{"line":248,"column":38},"end":{"line":248,"column":null}},"loc":{"start":{"line":251,"column":19},"end":{"line":289,"column":2}}},"11":{"name":"(anonymous_19)","decl":{"start":{"line":251,"column":19},"end":{"line":251,"column":null}},"loc":{"start":{"line":251,"column":19},"end":{"line":289,"column":1}}},"12":{"name":"(anonymous_20)","decl":{"start":{"line":291,"column":40},"end":{"line":291,"column":null}},"loc":{"start":{"line":294,"column":19},"end":{"line":332,"column":2}}},"13":{"name":"(anonymous_21)","decl":{"start":{"line":294,"column":19},"end":{"line":294,"column":null}},"loc":{"start":{"line":294,"column":19},"end":{"line":332,"column":1}}},"14":{"name":"(anonymous_22)","decl":{"start":{"line":334,"column":29},"end":{"line":334,"column":null}},"loc":{"start":{"line":337,"column":19},"end":{"line":387,"column":2}}},"15":{"name":"(anonymous_23)","decl":{"start":{"line":337,"column":19},"end":{"line":337,"column":null}},"loc":{"start":{"line":337,"column":19},"end":{"line":387,"column":1}}}},"branchMap":{"0":{"loc":{"start":{"line":26,"column":8},"end":{"line":32,"column":9}},"type":"if","locations":[{"start":{"line":26,"column":8},"end":{"line":32,"column":9}},{"start":{},"end":{}}]},"1":{"loc":{"start":{"line":65,"column":8},"end":{"line":71,"column":9}},"type":"if","locations":[{"start":{"line":65,"column":8},"end":{"line":71,"column":9}},{"start":{},"end":{}}]},"2":{"loc":{"start":{"line":118,"column":8},"end":{"line":124,"column":9}},"type":"if","locations":[{"start":{"line":118,"column":8},"end":{"line":124,"column":9}},{"start":{},"end":{}}]},"3":{"loc":{"start":{"line":128,"column":8},"end":{"line":141,"column":9}},"type":"switch","locations":[{"start":{"line":130,"column":12},"end":{"line":132,"column":22}},{"start":{"line":134,"column":12},"end":{"line":136,"column":22}},{"start":{"line":138,"column":12},"end":{"line":140,"column":22}}]},"4":{"loc":{"start":{"line":176,"column":8},"end":{"line":182,"column":9}},"type":"if","locations":[{"start":{"line":176,"column":8},"end":{"line":182,"column":9}},{"start":{},"end":{}}]},"5":{"loc":{"start":{"line":220,"column":8},"end":{"line":226,"column":9}},"type":"if","locations":[{"start":{"line":220,"column":8},"end":{"line":226,"column":9}},{"start":{},"end":{}}]},"6":{"loc":{"start":{"line":263,"column":8},"end":{"line":269,"column":9}},"type":"if","locations":[{"start":{"line":263,"column":8},"end":{"line":269,"column":9}},{"start":{},"end":{}}]},"7":{"loc":{"start":{"line":306,"column":8},"end":{"line":312,"column":9}},"type":"if","locations":[{"start":{"line":306,"column":8},"end":{"line":312,"column":9}},{"start":{},"end":{}}]},"8":{"loc":{"start":{"line":343,"column":8},"end":{"line":349,"column":9}},"type":"if","locations":[{"start":{"line":343,"column":8},"end":{"line":349,"column":9}},{"start":{},"end":{}}]},"9":{"loc":{"start":{"line":361,"column":8},"end":{"line":364,"column":9}},"type":"if","locations":[{"start":{"line":361,"column":8},"end":{"line":364,"column":9}},{"start":{},"end":{}}]},"10":{"loc":{"start":{"line":366,"column":8},"end":{"line":369,"column":9}},"type":"if","locations":[{"start":{"line":366,"column":8},"end":{"line":369,"column":9}},{"start":{},"end":{}}]}},"s":{"0":2,"1":2,"2":2,"3":2,"4":2,"5":0,"6":0,"7":0,"8":0,"9":0,"10":0,"11":0,"12":2,"13":2,"14":0,"15":0,"16":0,"17":0,"18":0,"19":0,"20":0,"21":0,"22":0,"23":0,"24":0,"25":0,"26":0,"27":0,"28":2,"29":2,"30":0,"31":0,"32":0,"33":0,"34":0,"35":0,"36":0,"37":0,"38":0,"39":0,"40":0,"41":0,"42":0,"43":0,"44":0,"45":0,"46":0,"47":0,"48":0,"49":0,"50":2,"51":2,"52":0,"53":0,"54":0,"55":0,"56":0,"57":0,"58":0,"59":0,"60":0,"61":0,"62":0,"63":2,"64":2,"65":0,"66":0,"67":0,"68":0,"69":0,"70":0,"71":0,"72":0,"73":0,"74":0,"75":0,"76":2,"77":2,"78":0,"79":0,"80":0,"81":0,"82":0,"83":0,"84":0,"85":0,"86":0,"87":0,"88":0,"89":2,"90":2,"91":0,"92":0,"93":0,"94":0,"95":0,"96":0,"97":0,"98":0,"99":0,"100":0,"101":0,"102":2,"103":2,"104":0,"105":0,"106":0,"107":0,"108":0,"109":0,"110":0,"111":0,"112":0,"113":0,"114":0,"115":0,"116":0,"117":0,"118":0,"119":0,"120":0,"121":0,"122":2},"f":{"0":0,"1":0,"2":0,"3":0,"4":0,"5":0,"6":0,"7":0,"8":0,"9":0,"10":0,"11":0,"12":0,"13":0,"14":0,"15":0},"b":{"0":[0,0],"1":[0,0],"2":[0,0],"3":[0,0,0],"4":[0,0],"5":[0,0],"6":[0,0],"7":[0,0],"8":[0,0],"9":[0,0],"10":[0,0]}}
,"D:\\ATIS-Project\\Matrimony-App\\Marriage-Matrimony-\\backend\\src\\app\\modules\\account-settings\\accountSettings.model.ts": {"path":"D:\\ATIS-Project\\Matrimony-App\\Marriage-Matrimony-\\backend\\src\\app\\modules\\account-settings\\accountSettings.model.ts","statementMap":{"0":{"start":{"line":1,"column":0},"end":{"line":1,"column":44}},"1":{"start":{"line":4,"column":30},"end":{"line":143,"column":null}},"2":{"start":{"line":146,"column":13},"end":{"line":149,"column":2}}},"fnMap":{},"branchMap":{},"s":{"0":2,"1":2,"2":2},"f":{},"b":{}}
,"D:\\ATIS-Project\\Matrimony-App\\Marriage-Matrimony-\\backend\\src\\app\\modules\\account-settings\\accountSettings.routes.ts": {"path":"D:\\ATIS-Project\\Matrimony-App\\Marriage-Matrimony-\\backend\\src\\app\\modules\\account-settings\\accountSettings.routes.ts","statementMap":{"0":{"start":{"line":1,"column":0},"end":{"line":1,"column":33}},"1":{"start":{"line":2,"column":0},"end":{"line":2,"column":64}},"2":{"start":{"line":3,"column":0},"end":{"line":3,"column":null}},"3":{"start":{"line":15,"column":15},"end":{"line":15,"column":23}},"4":{"start":{"line":45,"column":0},"end":{"line":49,"column":2}},"5":{"start":{"line":98,"column":0},"end":{"line":102,"column":2}},"6":{"start":{"line":133,"column":0},"end":{"line":137,"column":2}},"7":{"start":{"line":155,"column":0},"end":{"line":159,"column":2}},"8":{"start":{"line":206,"column":0},"end":{"line":210,"column":2}},"9":{"start":{"line":242,"column":0},"end":{"line":246,"column":2}},"10":{"start":{"line":301,"column":0},"end":{"line":305,"column":2}},"11":{"start":{"line":325,"column":0},"end":{"line":329,"column":2}},"12":{"start":{"line":331,"column":13},"end":{"line":331,"column":44}}},"fnMap":{},"branchMap":{},"s":{"0":2,"1":2,"2":2,"3":2,"4":2,"5":2,"6":2,"7":2,"8":2,"9":2,"10":2,"11":2,"12":2},"f":{},"b":{}}
,"D:\\ATIS-Project\\Matrimony-App\\Marriage-Matrimony-\\backend\\src\\app\\modules\\account-settings\\accountSettings.validation.ts": {"path":"D:\\ATIS-Project\\Matrimony-App\\Marriage-Matrimony-\\backend\\src\\app\\modules\\account-settings\\accountSettings.validation.ts","statementMap":{"0":{"start":{"line":1,"column":0},"end":{"line":1,"column":24}},"1":{"start":{"line":3,"column":13},"end":{"line":28,"column":3}},"2":{"start":{"line":30,"column":13},"end":{"line":37,"column":3}},"3":{"start":{"line":39,"column":13},"end":{"line":54,"column":3}},"4":{"start":{"line":56,"column":13},"end":{"line":61,"column":3}},"5":{"start":{"line":63,"column":13},"end":{"line":86,"column":3}}},"fnMap":{},"branchMap":{},"s":{"0":2,"1":2,"2":2,"3":2,"4":2,"5":2},"f":{},"b":{}}
,"D:\\ATIS-Project\\Matrimony-App\\Marriage-Matrimony-\\backend\\src\\app\\modules\\admin\\admin-auth\\adminAuth.controller.ts": {"path":"D:\\ATIS-Project\\Matrimony-App\\Marriage-Matrimony-\\backend\\src\\app\\modules\\admin\\admin-auth\\adminAuth.controller.ts","statementMap":{"0":{"start":{"line":2,"column":0},"end":{"line":2,"column":28}},"1":{"start":{"line":4,"column":0},"end":{"line":4,"column":41}},"2":{"start":{"line":5,"column":0},"end":{"line":5,"column":null}},"3":{"start":{"line":10,"column":0},"end":{"line":10,"column":null}},"4":{"start":{"line":14,"column":0},"end":{"line":14,"column":62}},"5":{"start":{"line":15,"column":0},"end":{"line":15,"column":53}},"6":{"start":{"line":17,"column":26},"end":{"line":111,"column":2}},"7":{"start":{"line":20,"column":4},"end":{"line":111,"column":2}},"8":{"start":{"line":22,"column":4},"end":{"line":109,"column":5}},"9":{"start":{"line":24,"column":30},"end":{"line":26,"column":10}},"10":{"start":{"line":28,"column":36},"end":{"line":28,"column":54}},"11":{"start":{"line":30,"column":22},"end":{"line":34,"column":10}},"12":{"start":{"line":36,"column":8},"end":{"line":43,"column":9}},"13":{"start":{"line":38,"column":12},"end":{"line":41,"column":15}},"14":{"start":{"line":45,"column":34},"end":{"line":47,"column":null}},"15":{"start":{"line":50,"column":8},"end":{"line":57,"column":9}},"16":{"start":{"line":52,"column":12},"end":{"line":55,"column":15}},"17":{"start":{"line":59,"column":28},"end":{"line":59,"column":54}},"18":{"start":{"line":61,"column":29},"end":{"line":61,"column":56}},"19":{"start":{"line":63,"column":8},"end":{"line":63,"column":42}},"20":{"start":{"line":65,"column":8},"end":{"line":65,"column":37}},"21":{"start":{"line":67,"column":8},"end":{"line":67,"column":30}},"22":{"start":{"line":69,"column":8},"end":{"line":69,"column":27}},"23":{"start":{"line":71,"column":8},"end":{"line":95,"column":11}},"24":{"start":{"line":101,"column":8},"end":{"line":107,"column":11}},"25":{"start":{"line":17,"column":13},"end":{"line":17,"column":26}},"26":{"start":{"line":113,"column":33},"end":{"line":183,"column":2}},"27":{"start":{"line":116,"column":4},"end":{"line":183,"column":2}},"28":{"start":{"line":118,"column":4},"end":{"line":181,"column":5}},"29":{"start":{"line":121,"column":12},"end":{"line":123,"column":14}},"30":{"start":{"line":125,"column":33},"end":{"line":125,"column":51}},"31":{"start":{"line":127,"column":24},"end":{"line":127,"column":56}},"32":{"start":{"line":129,"column":22},"end":{"line":139,"column":10}},"33":{"start":{"line":141,"column":8},"end":{"line":151,"column":9}},"34":{"start":{"line":143,"column":12},"end":{"line":149,"column":15}},"35":{"start":{"line":153,"column":28},"end":{"line":153,"column":54}},"36":{"start":{"line":155,"column":8},"end":{"line":167,"column":11}},"37":{"start":{"line":173,"column":8},"end":{"line":179,"column":11}},"38":{"start":{"line":113,"column":13},"end":{"line":113,"column":33}},"39":{"start":{"line":185,"column":27},"end":{"line":251,"column":2}},"40":{"start":{"line":188,"column":4},"end":{"line":251,"column":2}},"41":{"start":{"line":190,"column":4},"end":{"line":249,"column":5}},"42":{"start":{"line":193,"column":12},"end":{"line":195,"column":14}},"43":{"start":{"line":197,"column":33},"end":{"line":197,"column":51}},"44":{"start":{"line":199,"column":24},"end":{"line":199,"column":56}},"45":{"start":{"line":201,"column":22},"end":{"line":211,"column":10}},"46":{"start":{"line":213,"column":8},"end":{"line":223,"column":9}},"47":{"start":{"line":215,"column":12},"end":{"line":221,"column":15}},"48":{"start":{"line":225,"column":8},"end":{"line":225,"column":39}},"49":{"start":{"line":227,"column":8},"end":{"line":227,"column":27}},"50":{"start":{"line":229,"column":8},"end":{"line":235,"column":11}},"51":{"start":{"line":241,"column":8},"end":{"line":247,"column":11}},"52":{"start":{"line":185,"column":13},"end":{"line":185,"column":27}},"53":{"start":{"line":253,"column":31},"end":{"line":304,"column":2}},"54":{"start":{"line":256,"column":4},"end":{"line":304,"column":2}},"55":{"start":{"line":258,"column":4},"end":{"line":302,"column":5}},"56":{"start":{"line":260,"column":22},"end":{"line":268,"column":44}},"57":{"start":{"line":270,"column":8},"end":{"line":280,"column":9}},"58":{"start":{"line":272,"column":12},"end":{"line":278,"column":15}},"59":{"start":{"line":282,"column":8},"end":{"line":288,"column":11}},"60":{"start":{"line":294,"column":8},"end":{"line":300,"column":11}},"61":{"start":{"line":253,"column":13},"end":{"line":253,"column":31}}},"fnMap":{"0":{"name":"(anonymous_8)","decl":{"start":{"line":17,"column":26},"end":{"line":17,"column":null}},"loc":{"start":{"line":20,"column":4},"end":{"line":111,"column":2}}},"1":{"name":"(anonymous_9)","decl":{"start":{"line":20,"column":4},"end":{"line":20,"column":null}},"loc":{"start":{"line":20,"column":4},"end":{"line":111,"column":1}}},"2":{"name":"(anonymous_10)","decl":{"start":{"line":113,"column":33},"end":{"line":113,"column":null}},"loc":{"start":{"line":116,"column":4},"end":{"line":183,"column":2}}},"3":{"name":"(anonymous_11)","decl":{"start":{"line":116,"column":4},"end":{"line":116,"column":null}},"loc":{"start":{"line":116,"column":4},"end":{"line":183,"column":1}}},"4":{"name":"(anonymous_12)","decl":{"start":{"line":185,"column":27},"end":{"line":185,"column":null}},"loc":{"start":{"line":188,"column":4},"end":{"line":251,"column":2}}},"5":{"name":"(anonymous_13)","decl":{"start":{"line":188,"column":4},"end":{"line":188,"column":null}},"loc":{"start":{"line":188,"column":4},"end":{"line":251,"column":1}}},"6":{"name":"(anonymous_14)","decl":{"start":{"line":253,"column":31},"end":{"line":253,"column":null}},"loc":{"start":{"line":256,"column":4},"end":{"line":304,"column":2}}},"7":{"name":"(anonymous_15)","decl":{"start":{"line":256,"column":4},"end":{"line":256,"column":null}},"loc":{"start":{"line":256,"column":4},"end":{"line":304,"column":1}}}},"branchMap":{"0":{"loc":{"start":{"line":36,"column":8},"end":{"line":43,"column":9}},"type":"if","locations":[{"start":{"line":36,"column":8},"end":{"line":43,"column":9}},{"start":{},"end":{}}]},"1":{"loc":{"start":{"line":50,"column":8},"end":{"line":57,"column":9}},"type":"if","locations":[{"start":{"line":50,"column":8},"end":{"line":57,"column":9}},{"start":{},"end":{}}]},"2":{"loc":{"start":{"line":141,"column":8},"end":{"line":151,"column":9}},"type":"if","locations":[{"start":{"line":141,"column":8},"end":{"line":151,"column":9}},{"start":{},"end":{}}]},"3":{"loc":{"start":{"line":213,"column":8},"end":{"line":223,"column":9}},"type":"if","locations":[{"start":{"line":213,"column":8},"end":{"line":223,"column":9}},{"start":{},"end":{}}]},"4":{"loc":{"start":{"line":270,"column":8},"end":{"line":280,"column":9}},"type":"if","locations":[{"start":{"line":270,"column":8},"end":{"line":280,"column":9}},{"start":{},"end":{}}]}},"s":{"0":2,"1":2,"2":2,"3":2,"4":2,"5":2,"6":2,"7":0,"8":0,"9":0,"10":0,"11":0,"12":0,"13":0,"14":0,"15":0,"16":0,"17":0,"18":0,"19":0,"20":0,"21":0,"22":0,"23":0,"24":0,"25":2,"26":2,"27":0,"28":0,"29":0,"30":0,"31":0,"32":0,"33":0,"34":0,"35":0,"36":0,"37":0,"38":2,"39":2,"40":0,"41":0,"42":0,"43":0,"44":0,"45":0,"46":0,"47":0,"48":0,"49":0,"50":0,"51":0,"52":2,"53":2,"54":0,"55":0,"56":0,"57":0,"58":0,"59":0,"60":0,"61":2},"f":{"0":0,"1":0,"2":0,"3":0,"4":0,"5":0,"6":0,"7":0},"b":{"0":[0,0],"1":[0,0],"2":[0,0],"3":[0,0],"4":[0,0]}}
,"D:\\ATIS-Project\\Matrimony-App\\Marriage-Matrimony-\\backend\\src\\app\\modules\\admin\\admin-auth\\adminAuth.routes.ts": {"path":"D:\\ATIS-Project\\Matrimony-App\\Marriage-Matrimony-\\backend\\src\\app\\modules\\admin\\admin-auth\\adminAuth.routes.ts","statementMap":{"0":{"start":{"line":1,"column":0},"end":{"line":1,"column":33}},"1":{"start":{"line":3,"column":0},"end":{"line":3,"column":null}},"2":{"start":{"line":10,"column":0},"end":{"line":10,"column":67}},"3":{"start":{"line":12,"column":15},"end":{"line":12,"column":23}},"4":{"start":{"line":44,"column":0},"end":{"line":44,"column":34}},"5":{"start":{"line":70,"column":0},"end":{"line":70,"column":49}},"6":{"start":{"line":100,"column":0},"end":{"line":100,"column":50}},"7":{"start":{"line":118,"column":0},"end":{"line":118,"column":49}},"8":{"start":{"line":120,"column":13},"end":{"line":120,"column":38}}},"fnMap":{},"branchMap":{},"s":{"0":2,"1":2,"2":2,"3":2,"4":2,"5":2,"6":2,"7":2,"8":2},"f":{},"b":{}}
,"D:\\ATIS-Project\\Matrimony-App\\Marriage-Matrimony-\\backend\\src\\app\\modules\\admin\\admin-auth\\adminAuth.validation.ts": {"path":"D:\\ATIS-Project\\Matrimony-App\\Marriage-Matrimony-\\backend\\src\\app\\modules\\admin\\admin-auth\\adminAuth.validation.ts","statementMap":{"0":{"start":{"line":1,"column":0},"end":{"line":1,"column":24}},"1":{"start":{"line":6,"column":13},"end":{"line":19,"column":3}},"2":{"start":{"line":24,"column":13},"end":{"line":31,"column":3}},"3":{"start":{"line":36,"column":13},"end":{"line":43,"column":3}}},"fnMap":{},"branchMap":{},"s":{"0":2,"1":2,"2":2,"3":2},"f":{},"b":{}}
,"D:\\ATIS-Project\\Matrimony-App\\Marriage-Matrimony-\\backend\\src\\app\\modules\\admin\\annual-income\\annualIncome.controllers.ts": {"path":"D:\\ATIS-Project\\Matrimony-App\\Marriage-Matrimony-\\backend\\src\\app\\modules\\admin\\annual-income\\annualIncome.controllers.ts","statementMap":{"0":{"start":{"line":2,"column":0},"end":{"line":2,"column":52}},"1":{"start":{"line":3,"column":0},"end":{"line":3,"column":null}},"2":{"start":{"line":8,"column":34},"end":{"line":23,"column":2}},"3":{"start":{"line":11,"column":4},"end":{"line":23,"column":2}},"4":{"start":{"line":12,"column":26},"end":{"line":14,"column":6}},"5":{"start":{"line":16,"column":19},"end":{"line":16,"column":64}},"6":{"start":{"line":18,"column":4},"end":{"line":22,"column":7}},"7":{"start":{"line":8,"column":13},"end":{"line":8,"column":34}},"8":{"start":{"line":25,"column":32},"end":{"line":37,"column":2}},"9":{"start":{"line":28,"column":4},"end":{"line":37,"column":2}},"10":{"start":{"line":29,"column":19},"end":{"line":31,"column":6}},"11":{"start":{"line":33,"column":4},"end":{"line":36,"column":7}},"12":{"start":{"line":25,"column":13},"end":{"line":25,"column":32}},"13":{"start":{"line":39,"column":35},"end":{"line":52,"column":2}},"14":{"start":{"line":42,"column":4},"end":{"line":52,"column":2}},"15":{"start":{"line":43,"column":19},"end":{"line":46,"column":6}},"16":{"start":{"line":48,"column":4},"end":{"line":51,"column":7}},"17":{"start":{"line":39,"column":13},"end":{"line":39,"column":35}},"18":{"start":{"line":54,"column":34},"end":{"line":73,"column":2}},"19":{"start":{"line":57,"column":4},"end":{"line":73,"column":2}},"20":{"start":{"line":58,"column":26},"end":{"line":60,"column":6}},"21":{"start":{"line":62,"column":19},"end":{"line":65,"column":null}},"22":{"start":{"line":68,"column":4},"end":{"line":72,"column":7}},"23":{"start":{"line":54,"column":13},"end":{"line":54,"column":34}},"24":{"start":{"line":75,"column":34},"end":{"line":90,"column":2}},"25":{"start":{"line":78,"column":4},"end":{"line":90,"column":2}},"26":{"start":{"line":79,"column":19},"end":{"line":82,"column":null}},"27":{"start":{"line":85,"column":4},"end":{"line":89,"column":7}},"28":{"start":{"line":75,"column":13},"end":{"line":75,"column":34}}},"fnMap":{"0":{"name":"(anonymous_7)","decl":{"start":{"line":8,"column":34},"end":{"line":8,"column":null}},"loc":{"start":{"line":11,"column":4},"end":{"line":23,"column":2}}},"1":{"name":"(anonymous_8)","decl":{"start":{"line":11,"column":4},"end":{"line":11,"column":null}},"loc":{"start":{"line":11,"column":4},"end":{"line":23,"column":1}}},"2":{"name":"(anonymous_9)","decl":{"start":{"line":25,"column":32},"end":{"line":25,"column":null}},"loc":{"start":{"line":28,"column":4},"end":{"line":37,"column":2}}},"3":{"name":"(anonymous_10)","decl":{"start":{"line":28,"column":4},"end":{"line":28,"column":null}},"loc":{"start":{"line":28,"column":4},"end":{"line":37,"column":1}}},"4":{"name":"(anonymous_11)","decl":{"start":{"line":39,"column":35},"end":{"line":39,"column":null}},"loc":{"start":{"line":42,"column":4},"end":{"line":52,"column":2}}},"5":{"name":"(anonymous_12)","decl":{"start":{"line":42,"column":4},"end":{"line":42,"column":null}},"loc":{"start":{"line":42,"column":4},"end":{"line":52,"column":1}}},"6":{"name":"(anonymous_13)","decl":{"start":{"line":54,"column":34},"end":{"line":54,"column":null}},"loc":{"start":{"line":57,"column":4},"end":{"line":73,"column":2}}},"7":{"name":"(anonymous_14)","decl":{"start":{"line":57,"column":4},"end":{"line":57,"column":null}},"loc":{"start":{"line":57,"column":4},"end":{"line":73,"column":1}}},"8":{"name":"(anonymous_15)","decl":{"start":{"line":75,"column":34},"end":{"line":75,"column":null}},"loc":{"start":{"line":78,"column":4},"end":{"line":90,"column":2}}},"9":{"name":"(anonymous_16)","decl":{"start":{"line":78,"column":4},"end":{"line":78,"column":null}},"loc":{"start":{"line":78,"column":4},"end":{"line":90,"column":1}}}},"branchMap":{},"s":{"0":2,"1":2,"2":2,"3":0,"4":0,"5":0,"6":0,"7":2,"8":2,"9":0,"10":0,"11":0,"12":2,"13":2,"14":0,"15":0,"16":0,"17":2,"18":2,"19":0,"20":0,"21":0,"22":0,"23":2,"24":2,"25":0,"26":0,"27":0,"28":2},"f":{"0":0,"1":0,"2":0,"3":0,"4":0,"5":0,"6":0,"7":0,"8":0,"9":0},"b":{}}
,"D:\\ATIS-Project\\Matrimony-App\\Marriage-Matrimony-\\backend\\src\\app\\modules\\admin\\annual-income\\annualIncome.model.ts": {"path":"D:\\ATIS-Project\\Matrimony-App\\Marriage-Matrimony-\\backend\\src\\app\\modules\\admin\\annual-income\\annualIncome.model.ts","statementMap":{"0":{"start":{"line":1,"column":0},"end":{"line":1,"column":41}},"1":{"start":{"line":4,"column":27},"end":{"line":20,"column":null}},"2":{"start":{"line":23,"column":13},"end":{"line":26,"column":2}}},"fnMap":{},"branchMap":{},"s":{"0":2,"1":2,"2":2},"f":{},"b":{}}
,"D:\\ATIS-Project\\Matrimony-App\\Marriage-Matrimony-\\backend\\src\\app\\modules\\admin\\annual-income\\annualIncome.routes.ts": {"path":"D:\\ATIS-Project\\Matrimony-App\\Marriage-Matrimony-\\backend\\src\\app\\modules\\admin\\annual-income\\annualIncome.routes.ts","statementMap":{"0":{"start":{"line":1,"column":0},"end":{"line":1,"column":33}},"1":{"start":{"line":2,"column":0},"end":{"line":2,"column":null}},"2":{"start":{"line":9,"column":0},"end":{"line":9,"column":67}},"3":{"start":{"line":11,"column":15},"end":{"line":11,"column":23}},"4":{"start":{"line":45,"column":0},"end":{"line":45,"column":51}},"5":{"start":{"line":58,"column":0},"end":{"line":58,"column":48}},"6":{"start":{"line":80,"column":0},"end":{"line":80,"column":54}},"7":{"start":{"line":112,"column":0},"end":{"line":112,"column":53}},"8":{"start":{"line":134,"column":0},"end":{"line":134,"column":55}},"9":{"start":{"line":136,"column":13},"end":{"line":136,"column":41}}},"fnMap":{},"branchMap":{},"s":{"0":2,"1":2,"2":2,"3":2,"4":2,"5":2,"6":2,"7":2,"8":2,"9":2},"f":{},"b":{}}
,"D:\\ATIS-Project\\Matrimony-App\\Marriage-Matrimony-\\backend\\src\\app\\modules\\admin\\annual-income\\annualIncome.validation.ts": {"path":"D:\\ATIS-Project\\Matrimony-App\\Marriage-Matrimony-\\backend\\src\\app\\modules\\admin\\annual-income\\annualIncome.validation.ts","statementMap":{"0":{"start":{"line":1,"column":0},"end":{"line":1,"column":24}},"1":{"start":{"line":3,"column":13},"end":{"line":7,"column":3}},"2":{"start":{"line":9,"column":13},"end":{"line":13,"column":3}}},"fnMap":{},"branchMap":{},"s":{"0":2,"1":2,"2":2},"f":{},"b":{}}
,"D:\\ATIS-Project\\Matrimony-App\\Marriage-Matrimony-\\backend\\src\\app\\modules\\admin\\height\\height.controllers.ts": {"path":"D:\\ATIS-Project\\Matrimony-App\\Marriage-Matrimony-\\backend\\src\\app\\modules\\admin\\height\\height.controllers.ts","statementMap":{"0":{"start":{"line":2,"column":0},"end":{"line":2,"column":40}},"1":{"start":{"line":3,"column":0},"end":{"line":3,"column":null}},"2":{"start":{"line":10,"column":28},"end":{"line":50,"column":2}},"3":{"start":{"line":13,"column":4},"end":{"line":50,"column":2}},"4":{"start":{"line":15,"column":4},"end":{"line":48,"column":5}},"5":{"start":{"line":17,"column":30},"end":{"line":19,"column":10}},"6":{"start":{"line":21,"column":31},"end":{"line":24,"column":10}},"7":{"start":{"line":26,"column":8},"end":{"line":31,"column":9}},"8":{"start":{"line":27,"column":12},"end":{"line":30,"column":15}},"9":{"start":{"line":33,"column":23},"end":{"line":33,"column":62}},"10":{"start":{"line":35,"column":8},"end":{"line":39,"column":11}},"11":{"start":{"line":43,"column":8},"end":{"line":46,"column":11}},"12":{"start":{"line":10,"column":13},"end":{"line":10,"column":28}},"13":{"start":{"line":54,"column":26},"end":{"line":80,"column":2}},"14":{"start":{"line":57,"column":4},"end":{"line":80,"column":2}},"15":{"start":{"line":59,"column":4},"end":{"line":78,"column":5}},"16":{"start":{"line":61,"column":24},"end":{"line":63,"column":10}},"17":{"start":{"line":65,"column":8},"end":{"line":69,"column":11}},"18":{"start":{"line":73,"column":8},"end":{"line":76,"column":11}},"19":{"start":{"line":54,"column":13},"end":{"line":54,"column":26}},"20":{"start":{"line":84,"column":29},"end":{"line":117,"column":2}},"21":{"start":{"line":87,"column":4},"end":{"line":117,"column":2}},"22":{"start":{"line":89,"column":4},"end":{"line":115,"column":5}},"23":{"start":{"line":91,"column":23},"end":{"line":94,"column":10}},"24":{"start":{"line":96,"column":8},"end":{"line":101,"column":9}},"25":{"start":{"line":97,"column":12},"end":{"line":100,"column":15}},"26":{"start":{"line":103,"column":8},"end":{"line":106,"column":11}},"27":{"start":{"line":110,"column":8},"end":{"line":113,"column":11}},"28":{"start":{"line":84,"column":13},"end":{"line":84,"column":29}},"29":{"start":{"line":121,"column":28},"end":{"line":172,"column":2}},"30":{"start":{"line":124,"column":4},"end":{"line":172,"column":2}},"31":{"start":{"line":126,"column":4},"end":{"line":170,"column":5}},"32":{"start":{"line":128,"column":30},"end":{"line":130,"column":10}},"33":{"start":{"line":132,"column":23},"end":{"line":146,"column":null}},"34":{"start":{"line":150,"column":8},"end":{"line":155,"column":9}},"35":{"start":{"line":151,"column":12},"end":{"line":154,"column":15}},"36":{"start":{"line":157,"column":8},"end":{"line":161,"column":11}},"37":{"start":{"line":165,"column":8},"end":{"line":168,"column":11}},"38":{"start":{"line":121,"column":13},"end":{"line":121,"column":28}},"39":{"start":{"line":176,"column":28},"end":{"line":221,"column":2}},"40":{"start":{"line":179,"column":4},"end":{"line":221,"column":2}},"41":{"start":{"line":181,"column":4},"end":{"line":219,"column":5}},"42":{"start":{"line":183,"column":23},"end":{"line":196,"column":null}},"43":{"start":{"line":200,"column":8},"end":{"line":205,"column":9}},"44":{"start":{"line":201,"column":12},"end":{"line":204,"column":15}},"45":{"start":{"line":207,"column":8},"end":{"line":210,"column":11}},"46":{"start":{"line":214,"column":8},"end":{"line":217,"column":11}},"47":{"start":{"line":176,"column":13},"end":{"line":176,"column":28}}},"fnMap":{"0":{"name":"(anonymous_7)","decl":{"start":{"line":10,"column":28},"end":{"line":10,"column":null}},"loc":{"start":{"line":13,"column":4},"end":{"line":50,"column":2}}},"1":{"name":"(anonymous_8)","decl":{"start":{"line":13,"column":4},"end":{"line":13,"column":null}},"loc":{"start":{"line":13,"column":4},"end":{"line":50,"column":1}}},"2":{"name":"(anonymous_9)","decl":{"start":{"line":54,"column":26},"end":{"line":54,"column":null}},"loc":{"start":{"line":57,"column":4},"end":{"line":80,"column":2}}},"3":{"name":"(anonymous_10)","decl":{"start":{"line":57,"column":4},"end":{"line":57,"column":null}},"loc":{"start":{"line":57,"column":4},"end":{"line":80,"column":1}}},"4":{"name":"(anonymous_11)","decl":{"start":{"line":84,"column":29},"end":{"line":84,"column":null}},"loc":{"start":{"line":87,"column":4},"end":{"line":117,"column":2}}},"5":{"name":"(anonymous_12)","decl":{"start":{"line":87,"column":4},"end":{"line":87,"column":null}},"loc":{"start":{"line":87,"column":4},"end":{"line":117,"column":1}}},"6":{"name":"(anonymous_13)","decl":{"start":{"line":121,"column":28},"end":{"line":121,"column":null}},"loc":{"start":{"line":124,"column":4},"end":{"line":172,"column":2}}},"7":{"name":"(anonymous_14)","decl":{"start":{"line":124,"column":4},"end":{"line":124,"column":null}},"loc":{"start":{"line":124,"column":4},"end":{"line":172,"column":1}}},"8":{"name":"(anonymous_15)","decl":{"start":{"line":176,"column":28},"end":{"line":176,"column":null}},"loc":{"start":{"line":179,"column":4},"end":{"line":221,"column":2}}},"9":{"name":"(anonymous_16)","decl":{"start":{"line":179,"column":4},"end":{"line":179,"column":null}},"loc":{"start":{"line":179,"column":4},"end":{"line":221,"column":1}}}},"branchMap":{"0":{"loc":{"start":{"line":26,"column":8},"end":{"line":31,"column":9}},"type":"if","locations":[{"start":{"line":26,"column":8},"end":{"line":31,"column":9}},{"start":{},"end":{}}]},"1":{"loc":{"start":{"line":96,"column":8},"end":{"line":101,"column":9}},"type":"if","locations":[{"start":{"line":96,"column":8},"end":{"line":101,"column":9}},{"start":{},"end":{}}]},"2":{"loc":{"start":{"line":150,"column":8},"end":{"line":155,"column":9}},"type":"if","locations":[{"start":{"line":150,"column":8},"end":{"line":155,"column":9}},{"start":{},"end":{}}]},"3":{"loc":{"start":{"line":200,"column":8},"end":{"line":205,"column":9}},"type":"if","locations":[{"start":{"line":200,"column":8},"end":{"line":205,"column":9}},{"start":{},"end":{}}]}},"s":{"0":2,"1":2,"2":2,"3":0,"4":0,"5":0,"6":0,"7":0,"8":0,"9":0,"10":0,"11":0,"12":2,"13":2,"14":0,"15":0,"16":0,"17":0,"18":0,"19":2,"20":2,"21":0,"22":0,"23":0,"24":0,"25":0,"26":0,"27":0,"28":2,"29":2,"30":0,"31":0,"32":0,"33":0,"34":0,"35":0,"36":0,"37":0,"38":2,"39":2,"40":0,"41":0,"42":0,"43":0,"44":0,"45":0,"46":0,"47":2},"f":{"0":0,"1":0,"2":0,"3":0,"4":0,"5":0,"6":0,"7":0,"8":0,"9":0},"b":{"0":[0,0],"1":[0,0],"2":[0,0],"3":[0,0]}}
,"D:\\ATIS-Project\\Matrimony-App\\Marriage-Matrimony-\\backend\\src\\app\\modules\\admin\\height\\height.model.ts": {"path":"D:\\ATIS-Project\\Matrimony-App\\Marriage-Matrimony-\\backend\\src\\app\\modules\\admin\\height\\height.model.ts","statementMap":{"0":{"start":{"line":1,"column":0},"end":{"line":1,"column":41}},"1":{"start":{"line":4,"column":21},"end":{"line":22,"column":null}},"2":{"start":{"line":25,"column":13},"end":{"line":28,"column":2}}},"fnMap":{},"branchMap":{},"s":{"0":2,"1":2,"2":2},"f":{},"b":{}}
,"D:\\ATIS-Project\\Matrimony-App\\Marriage-Matrimony-\\backend\\src\\app\\modules\\admin\\height\\height.routes.ts": {"path":"D:\\ATIS-Project\\Matrimony-App\\Marriage-Matrimony-\\backend\\src\\app\\modules\\admin\\height\\height.routes.ts","statementMap":{"0":{"start":{"line":1,"column":0},"end":{"line":1,"column":33}},"1":{"start":{"line":2,"column":0},"end":{"line":2,"column":null}},"2":{"start":{"line":9,"column":0},"end":{"line":9,"column":67}},"3":{"start":{"line":11,"column":15},"end":{"line":11,"column":23}},"4":{"start":{"line":51,"column":0},"end":{"line":51,"column":45}},"5":{"start":{"line":67,"column":0},"end":{"line":67,"column":42}},"6":{"start":{"line":92,"column":0},"end":{"line":92,"column":48}},"7":{"start":{"line":131,"column":0},"end":{"line":131,"column":47}},"8":{"start":{"line":158,"column":0},"end":{"line":158,"column":49}},"9":{"start":{"line":160,"column":13},"end":{"line":160,"column":35}}},"fnMap":{},"branchMap":{},"s":{"0":2,"1":2,"2":2,"3":2,"4":2,"5":2,"6":2,"7":2,"8":2,"9":2},"f":{},"b":{}}
,"D:\\ATIS-Project\\Matrimony-App\\Marriage-Matrimony-\\backend\\src\\app\\modules\\admin\\height\\height.validation.ts": {"path":"D:\\ATIS-Project\\Matrimony-App\\Marriage-Matrimony-\\backend\\src\\app\\modules\\admin\\height\\height.validation.ts","statementMap":{"0":{"start":{"line":1,"column":0},"end":{"line":1,"column":24}},"1":{"start":{"line":3,"column":13},"end":{"line":14,"column":3}},"2":{"start":{"line":16,"column":13},"end":{"line":28,"column":3}}},"fnMap":{},"branchMap":{},"s":{"0":2,"1":2,"2":2},"f":{},"b":{}}
,"D:\\ATIS-Project\\Matrimony-App\\Marriage-Matrimony-\\backend\\src\\app\\modules\\admin\\location\\location.controller.ts": {"path":"D:\\ATIS-Project\\Matrimony-App\\Marriage-Matrimony-\\backend\\src\\app\\modules\\admin\\location\\location.controller.ts","statementMap":{"0":{"start":{"line":2,"column":0},"end":{"line":2,"column":44}},"1":{"start":{"line":3,"column":0},"end":{"line":3,"column":null}},"2":{"start":{"line":8,"column":30},"end":{"line":54,"column":2}},"3":{"start":{"line":11,"column":4},"end":{"line":54,"column":2}},"4":{"start":{"line":13,"column":4},"end":{"line":52,"column":5}},"5":{"start":{"line":15,"column":30},"end":{"line":17,"column":10}},"6":{"start":{"line":19,"column":33},"end":{"line":24,"column":10}},"7":{"start":{"line":26,"column":8},"end":{"line":33,"column":9}},"8":{"start":{"line":28,"column":12},"end":{"line":31,"column":15}},"9":{"start":{"line":35,"column":25},"end":{"line":35,"column":66}},"10":{"start":{"line":37,"column":8},"end":{"line":41,"column":11}},"11":{"start":{"line":47,"column":8},"end":{"line":50,"column":11}},"12":{"start":{"line":8,"column":13},"end":{"line":8,"column":30}},"13":{"start":{"line":56,"column":28},"end":{"line":84,"column":2}},"14":{"start":{"line":59,"column":4},"end":{"line":84,"column":2}},"15":{"start":{"line":61,"column":4},"end":{"line":82,"column":5}},"16":{"start":{"line":63,"column":26},"end":{"line":65,"column":10}},"17":{"start":{"line":67,"column":8},"end":{"line":71,"column":11}},"18":{"start":{"line":77,"column":8},"end":{"line":80,"column":11}},"19":{"start":{"line":56,"column":13},"end":{"line":56,"column":28}},"20":{"start":{"line":86,"column":31},"end":{"line":135,"column":2}},"21":{"start":{"line":89,"column":4},"end":{"line":135,"column":2}},"22":{"start":{"line":91,"column":4},"end":{"line":133,"column":5}},"23":{"start":{"line":93,"column":25},"end":{"line":99,"column":10}},"24":{"start":{"line":101,"column":8},"end":{"line":111,"column":9}},"25":{"start":{"line":103,"column":12},"end":{"line":109,"column":15}},"26":{"start":{"line":113,"column":8},"end":{"line":119,"column":11}},"27":{"start":{"line":125,"column":8},"end":{"line":131,"column":11}},"28":{"start":{"line":86,"column":13},"end":{"line":86,"column":31}},"29":{"start":{"line":137,"column":30},"end":{"line":212,"column":2}},"30":{"start":{"line":140,"column":4},"end":{"line":212,"column":2}},"31":{"start":{"line":142,"column":4},"end":{"line":210,"column":5}},"32":{"start":{"line":144,"column":30},"end":{"line":148,"column":10}},"33":{"start":{"line":150,"column":25},"end":{"line":172,"column":null}},"34":{"start":{"line":176,"column":8},"end":{"line":186,"column":9}},"35":{"start":{"line":178,"column":12},"end":{"line":184,"column":15}},"36":{"start":{"line":188,"column":8},"end":{"line":196,"column":11}},"37":{"start":{"line":202,"column":8},"end":{"line":208,"column":11}},"38":{"start":{"line":137,"column":13},"end":{"line":137,"column":30}},"39":{"start":{"line":214,"column":30},"end":{"line":279,"column":2}},"40":{"start":{"line":217,"column":4},"end":{"line":279,"column":2}},"41":{"start":{"line":219,"column":4},"end":{"line":277,"column":5}},"42":{"start":{"line":221,"column":25},"end":{"line":241,"column":null}},"43":{"start":{"line":245,"column":8},"end":{"line":255,"column":9}},"44":{"start":{"line":247,"column":12},"end":{"line
[...]
,"D:\\ATIS-Project\\Matrimony-App\\Marriage-Matrimony-\\backend\\src\\app\\modules\\profile-details\\shortlist\\shortlist.model.ts": {"path":"D:\\ATIS-Project\\Matrimony-App\\Marriage-Matrimony-\\backend\\src\\app\\modules\\profile-details\\shortlist\\shortlist.model.ts","statementMap":{"0":{"start":{"line":1,"column":0},"end":{"line":1,"column":44}},"1":{"start":{"line":4,"column":24},"end":{"line":20,"column":null}},"2":{"start":{"line":24,"column":0},"end":{"line":27,"column":2}},"3":{"start":{"line":29,"column":13},"end":{"line":32,"column":2}}},"fnMap":{},"branchMap":{},"s":{"0":2,"1":2,"2":2,"3":2},"f":{},"b":{}}
,"D:\\ATIS-Project\\Matrimony-App\\Marriage-Matrimony-\\backend\\src\\app\\modules\\profile-details\\shortlist\\shortlist.routes.ts": {"path":"D:\\ATIS-Project\\Matrimony-App\\Marriage-Matrimony-\\backend\\src\\app\\modules\\profile-details\\shortlist\\shortlist.routes.ts","statementMap":{"0":{"start":{"line":1,"column":0},"end":{"line":1,"column":30}},"1":{"start":{"line":2,"column":0},"end":{"line":2,"column":null}},"2":{"start":{"line":8,"column":0},"end":{"line":8,"column":67}},"3":{"start":{"line":10,"column":15},"end":{"line":10,"column":31}},"4":{"start":{"line":51,"column":0},"end":{"line":51,"column":47}},"5":{"start":{"line":69,"column":0},"end":{"line":69,"column":56}},"6":{"start":{"line":96,"column":0},"end":{"line":96,"column":51}},"7":{"start":{"line":123,"column":0},"end":{"line":123,"column":57}},"8":{"start":{"line":125,"column":13},"end":{"line":125,"column":40}}},"fnMap":{},"branchMap":{},"s":{"0":2,"1":2,"2":2,"3":2,"4":2,"5":2,"6":2,"7":2,"8":2},"f":{},"b":{}}
,"D:\\ATIS-Project\\Matrimony-App\\Marriage-Matrimony-\\backend\\src\\app\\modules\\profile-details\\shortlist\\shortlist.validation.ts": {"path":"D:\\ATIS-Project\\Matrimony-App\\Marriage-Matrimony-\\backend\\src\\app\\modules\\profile-details\\shortlist\\shortlist.validation.ts","statementMap":{"0":{"start":{"line":1,"column":0},"end":{"line":1,"column":24}},"1":{"start":{"line":3,"column":13},"end":{"line":5,"column":3}},"2":{"start":{"line":7,"column":13},"end":{"line":9,"column":3}}},"fnMap":{},"branchMap":{},"s":{"0":2,"1":2,"2":2},"f":{},"b":{}}
,"D:\\ATIS-Project\\Matrimony-App\\Marriage-Matrimony-\\backend\\src\\app\\modules\\success-story\\successStory.controller.ts": {"path":"D:\\ATIS-Project\\Matrimony-App\\Marriage-Matrimony-\\backend\\src\\app\\modules\\success-story\\successStory.controller.ts","statementMap":{"0":{"start":{"line":2,"column":0},"end":{"line":2,"column":52}},"1":{"start":{"line":3,"column":0},"end":{"line":3,"column":null}},"2":{"start":{"line":9,"column":34},"end":{"line":42,"column":2}},"3":{"start":{"line":12,"column":19},"end":{"line":42,"column":2}},"4":{"start":{"line":14,"column":4},"end":{"line":40,"column":5}},"5":{"start":{"line":17,"column":12},"end":{"line":20,"column":null}},"6":{"start":{"line":23,"column":29},"end":{"line":24,"column":null}},"7":{"start":{"line":27,"column":8},"end":{"line":31,"column":11}},"8":{"start":{"line":35,"column":8},"end":{"line":38,"column":11}},"9":{"start":{"line":9,"column":13},"end":{"line":9,"column":34}},"10":{"start":{"line":44,"column":33},"end":{"line":109,"column":2}},"11":{"start":{"line":47,"column":19},"end":{"line":109,"column":2}},"12":{"start":{"line":49,"column":4},"end":{"line":107,"column":5}},"13":{"start":{"line":51,"column":21},"end":{"line":51,"column":48}},"14":{"start":{"line":52,"column":22},"end":{"line":52,"column":51}},"15":{"start":{"line":53,"column":21},"end":{"line":53,"column":39}},"16":{"start":{"line":55,"column":28},"end":{"line":57,"column":10}},"17":{"start":{"line":59,"column":8},"end":{"line":61,"column":9}},"18":{"start":{"line":60,"column":12},"end":{"line":60,"column":49}},"19":{"start":{"line":63,"column":8},"end":{"line":83,"column":9}},"20":{"start":{"line":65,"column":12},"end":{"line":81,"column":14}},"21":{"start":{"line":85,"column":22},"end":{"line":85,"column":63}},"22":{"start":{"line":87,"column":31},"end":{"line":90,"column":25}},"23":{"start":{"line":92,"column":8},"end":{"line":98,"column":11}},"24":{"start":{"line":102,"column":8},"end":{"line":105,"column":11}},"25":{"start":{"line":44,"column":13},"end":{"line":44,"column":33}},"26":{"start":{"line":111,"column":35},"end":{"line":152,"column":2}},"27":{"start":{"line":114,"column":19},"end":{"line":152,"column":2}},"28":{"start":{"line":116,"column":4},"end":{"line":150,"column":5}},"29":{"start":{"line":119,"column":12},"end":{"line":125,"column":14}},"30":{"start":{"line":127,"column":8},"end":{"line":136,"column":9}},"31":{"start":{"line":129,"column":12},"end":{"line":132,"column":15}},"32":{"start":{"line":134,"column":12},"end":{"line":134,"column":19}},"33":{"start":{"line":138,"column":8},"end":{"line":141,"column":11}},"34":{"start":{"line":145,"column":8},"end":{"line":148,"column":11}},"35":{"start":{"line":111,"column":13},"end":{"line":111,"column":35}},"36":{"start":{"line":154,"column":34},"end":{"line":218,"column":2}},"37":{"start":{"line":157,"column":19},"end":{"line":218,"column":2}},"38":{"start":{"line":159,"column":4},"end":{"line":216,"column":5}},"39":{"start":{"line":162,"column":12},"end":{"line":168,"column":14}},"40":{"start":{"line":170,"column":8},"end":{"line":179,"column":9}},"41":{"start":{"line":172,"column":12},"end":{"line":175,"column":15}},"42":{"start":{"line":177,"column":12},"end":{"line":177,"column":19}},"43":{"start":{"line":182,"column":12},"end":{"line":192,"column":null}},"44":{"start":{"line":196,"column":8},"end":{"line":199,"column":10}},"45":{"start":{"line":201,"column":8},"end":{"line":201,"column":35}},"46":{"start":{"line":203,"column":8},"end":{"line":207,"column":11}},"47":{"start":{"line":211,"column":8},"end":{"line":214,"column":11}},"48":{"start":{"line":154,"column":13},"end":{"line":154,"column":34}},"49":{"start":{"line":220,"column":34},"end":{"line":265,"column":2}},"50":{"start":{"line":223,"column":19},"end":{"line":265,"column":2}},"51":{"start":{"line":225,"column":4},"end":{"line":263,"column":5}},"52":{"start":{"line":228,"column":12},"end":{"line":234,"column":14}},"53":{"start":{"line":236,"column":8},"end":{"line":245,"column":9}},"54":{"start":{"line":238,"column":12},"end":{"line":241,"column":15}},"55":{"start":{"line":243,"column":12},"end":{"line":243,"column":19}},"56":{"start":{"line":247,"column":8},"end":{"line":247,"column":38}},"57":{"start":{"line":249,"column":8},"end":{"line":249,"column":34}},"58":{"start":{"line":251,"column":8},"end":{"line":254,"column":11}},"59":{"start":{"line":258,"column":8},"end":{"line":261,"column":11}},"60":{"start":{"line":220,"column":13},"end":{"line":220,"column":34}}},"fnMap":{"0":{"name":"(anonymous_7)","decl":{"start":{"line":9,"column":34},"end":{"line":9,"column":null}},"loc":{"start":{"line":12,"column":19},"end":{"line":42,"column":2}}},"1":{"name":"(anonymous_8)","decl":{"start":{"line":12,"column":19},"end":{"line":12,"column":null}},"loc":{"start":{"line":12,"column":19},"end":{"line":42,"column":1}}},"2":{"name":"(anonymous_9)","decl":{"start":{"line":44,"column":33},"end":{"line":44,"column":null}},"loc":{"start":{"line":47,"column":19},"end":{"line":109,"column":2}}},"3":{"name":"(anonymous_10)","decl":{"start":{"line":47,"column":19},"end":{"line":47,"column":null}},"loc":{"start":{"line":47,"column":19},"end":{"line":109,"column":1}}},"4":{"name":"(anonymous_11)","decl":{"start":{"line":111,"column":35},"end":{"line":111,"column":null}},"loc":{"start":{"line":114,"column":19},"end":{"line":152,"column":2}}},"5":{"name":"(anonymous_12)","decl":{"start":{"line":114,"column":19},"end":{"line":114,"column":null}},"loc":{"start":{"line":114,"column":19},"end":{"line":152,"column":1}}},"6":{"name":"(anonymous_13)","decl":{"start":{"line":154,"column":34},"end":{"line":154,"column":null}},"loc":{"start":{"line":157,"column":19},"end":{"line":218,"column":2}}},"7":{"name":"(anonymous_14)","decl":{"start":{"line":157,"column":19},"end":{"line":157,"column":null}},"loc":{"start":{"line":157,"column":19},"end":{"line":218,"column":1}}},"8":{"name":"(anonymous_15)","decl":{"start":{"line":220,"column":34},"end":{"line":220,"column":null}},"loc":{"start":{"line":223,"column":19},"end":{"line":265,"column":2}}},"9":{"name":"(anonymous_16)","decl":{"start":{"line":223,"column":19},"end":{"line":223,"column":null}},"loc":{"start":{"line":223,"column":19},"end":{"line":265,"column":1}}}},"branchMap":{"0":{"loc":{"start":{"line":20,"column":23},"end":{"line":20,"column":37}},"type":"cond-expr","locations":[{"start":{"line":20,"column":31},"end":{"line":20,"column":33}},{"start":{"line":20,"column":31},"end":{"line":20,"column":37}}]},"1":{"loc":{"start":{"line":20,"column":23},"end":{"line":20,"column":33}},"type":"binary-expr","locations":[{"start":{"line":20,"column":23},"end":{"line":20,"column":33}},{"start":{"line":20,"column":31},"end":{"line":20,"column":33}}]},"2":{"loc":{"start":{"line":51,"column":21},"end":{"line":51,"column":48}},"type":"binary-expr","locations":[{"start":{"line":51,"column":21},"end":{"line":51,"column":43}},{"start":{"line":51,"column":47},"end":{"line":51,"column":48}}]},"3":{"loc":{"start":{"line":52,"column":22},"end":{"line":52,"column":51}},"type":"binary-expr","locations":[{"start":{"line":52,"column":22},"end":{"line":52,"column":45}},{"start":{"line":52,"column":49},"end":{"line":52,"column":51}}]},"4":{"loc":{"start":{"line":59,"column":8},"end":{"line":61,"column":9}},"type":"if","locations":[{"start":{"line":59,"column":8},"end":{"line":61,"column":9}},{"start":{},"end":{}}]},"5":{"loc":{"start":{"line":63,"column":8},"end":{"line":83,"column":9}},"type":"if","locations":[{"start":{"line":63,"column":8},"end":{"line":83,"column":9}},{"start":{},"end":{}}]},"6":{"loc":{"start":{"line":127,"column":8},"end":{"line":136,"column":9}},"type":"if","locations":[{"start":{"line":127,"column":8},"end":{"line":136,"column":9}},{"start":{},"end":{}}]},"7":{"loc":{"start":{"line":170,"column":8},"end":{"line":179,"column":9}},"type":"if","locations":[{"start":{"line":170,"column":8},"end":{"line":179,"column":9}},{"start":{},"end":{}}]},"8":{"loc":{"start":{"line":186,"column":20},"end":{"line":188,"column":18}},"type":"binary-expr","locations":[{"start":{"line":186,"column":20},"end":{"line":186,"column":33}},{"start":{"line":186,"column":37},"end":{"line":188,"column":18}}]},"9":{"loc":{"start":{"line":190,"column":20},"end":{"line":192,"column":18}},"type":"binary-expr","locations":[{"start":{"line":190,"column":20},"end":{"line":190,"column":28}},{"start":{"line":190,"column":32},"end":{"line":192,"column":18}}]},"10":{"loc":{"start":{"line":236,"column":8},"end":{"line":245,"column":9}},"type":"if","locations":[{"start":{"line":236,"column":8},"end":{"line":245,"column":9}},{"start":{},"end":{}}]}},"s":{"0":2,"1":2,"2":2,"3":0,"4":0,"5":0,"6":0,"7":0,"8":0,"9":2,"10":2,"11":0,"12":0,"13":0,"14":0,"15":0,"16":0,"17":0,"18":0,"19":0,"20":0,"21":0,"22":0,"23":0,"24":0,"25":2,"26":2,"27":0,"28":0,"29":0,"30":0,"31":0,"32":0,"33":0,"34":0,"35":2,"36":2,"37":0,"38":0,"39":0,"40":0,"41":0,"42":0,"43":0,"44":0,"45":0,"46":0,"47":0,"48":2,"49":2,"50":0,"51":0,"52":0,"53":0,"54":0,"55":0,"56":0,"57":0,"58":0,"59":0,"60":2},"f":{"0":0,"1":0,"2":0,"3":0,"4":0,"5":0,"6":0,"7":0,"8":0,"9":0},"b":{"0":[0,0],"1":[0,0],"2":[0,0],"3":[0,0],"4":[0,0],"5":[0,0],"6":[0,0],"7":[0,0],"8":[0,0],"9":[0,0],"10":[0,0]}}
,"D:\\ATIS-Project\\Matrimony-App\\Marriage-Matrimony-\\backend\\src\\app\\modules\\success-story\\successStory.model.ts": {"path":"D:\\ATIS-Project\\Matrimony-App\\Marriage-Matrimony-\\backend\\src\\app\\modules\\success-story\\successStory.model.ts","statementMap":{"0":{"start":{"line":1,"column":0},"end":{"line":1,"column":44}},"1":{"start":{"line":4,"column":27},"end":{"line":41,"column":2}},"2":{"start":{"line":43,"column":13},"end":{"line":46,"column":2}}},"fnMap":{},"branchMap":{},"s":{"0":2,"1":2,"2":2},"f":{},"b":{}}
,"D:\\ATIS-Project\\Matrimony-App\\Marriage-Matrimony-\\backend\\src\\app\\modules\\success-story\\successStory.routes.ts": {"path":"D:\\ATIS-Project\\Matrimony-App\\Marriage-Matrimony-\\backend\\src\\app\\modules\\success-story\\successStory.routes.ts","statementMap":{"0":{"start":{"line":1,"column":0},"end":{"line":1,"column":33}},"1":{"start":{"line":2,"column":0},"end":{"line":2,"column":null}},"2":{"start":{"line":9,"column":0},"end":{"line":9,"column":64}},"3":{"start":{"line":10,"column":0},"end":{"line":10,"column":49}},"4":{"start":{"line":12,"column":15},"end":{"line":12,"column":23}},"5":{"start":{"line":63,"column":0},"end":{"line":68,"column":2}},"6":{"start":{"line":102,"column":0},"end":{"line":105,"column":2}},"7":{"start":{"line":125,"column":0},"end":{"line":128,"column":2}},"8":{"start":{"line":176,"column":0},"end":{"line":181,"column":2}},"9":{"start":{"line":205,"column":0},"end":{"line":209,"column":2}},"10":{"start":{"line":211,"column":13},"end":{"line":211,"column":41}}},"fnMap":{},"branchMap":{},"s":{"0":2,"1":2,"2":2,"3":2,"4":2,"5":2,"6":2,"7":2,"8":2,"9":2,"10":2},"f":{},"b":{}}
,"D:\\ATIS-Project\\Matrimony-App\\Marriage-Matrimony-\\backend\\src\\app\\modules\\success-story\\successStory.validation.ts": {"path":"D:\\ATIS-Project\\Matrimony-App\\Marriage-Matrimony-\\backend\\src\\app\\modules\\success-story\\successStory.validation.ts","statementMap":{"0":{"start":{"line":1,"column":0},"end":{"line":1,"column":24}},"1":{"start":{"line":3,"column":13},"end":{"line":15,"column":3}},"2":{"start":{"line":17,"column":13},"end":{"line":18,"column":35}}},"fnMap":{},"branchMap":{},"s":{"0":2,"1":2,"2":2},"f":{},"b":{}}
,"D:\\ATIS-Project\\Matrimony-App\\Marriage-Matrimony-\\backend\\src\\app\\routes\\index.ts": {"path":"D:\\ATIS-Project\\Matrimony-App\\Marriage-Matrimony-\\backend\\src\\app\\routes\\index.ts","statementMap":{"0":{"start":{"line":1,"column":0},"end":{"line":1,"column":33}},"1":{"start":{"line":2,"column":0},"end":{"line":2,"column":75}},"2":{"start":{"line":3,"column":0},"end":{"line":3,"column":57}},"3":{"start":{"line":4,"column":0},"end":{"line":4,"column":74}},"4":{"start":{"line":5,"column":0},"end":{"line":5,"column":75}},"5":{"start":{"line":6,"column":0},"end":{"line":6,"column":90}},"6":{"start":{"line":7,"column":0},"end":{"line":7,"column":69}},"7":{"start":{"line":8,"column":0},"end":{"line":8,"column":79}},"8":{"start":{"line":9,"column":0},"end":{"line":9,"column":88}},"9":{"start":{"line":10,"column":0},"end":{"line":10,"column":88}},"10":{"start":{"line":11,"column":0},"end":{"line":11,"column":85}},"11":{"start":{"line":12,"column":0},"end":{"line":12,"column":75}},"12":{"start":{"line":13,"column":0},"end":{"line":13,"column":75}},"13":{"start":{"line":14,"column":0},"end":{"line":14,"column":91}},"14":{"start":{"line":15,"column":0},"end":{"line":15,"column":90}},"15":{"start":{"line":16,"column":0},"end":{"line":16,"column":79}},"16":{"start":{"line":17,"column":0},"end":{"line":17,"column":76}},"17":{"start":{"line":18,"column":0},"end":{"line":18,"column":101}},"18":{"start":{"line":19,"column":0},"end":{"line":19,"column":66}},"19":{"start":{"line":20,"column":0},"end":{"line":20,"column":91}},"20":{"start":{"line":21,"column":0},"end":{"line":21,"column":113}},"21":{"start":{"line":22,"column":0},"end":{"line":22,"column":81}},"22":{"start":{"line":23,"column":0},"end":{"line":23,"column":82}},"23":{"start":{"line":25,"column":15},"end":{"line":25,"column":23}},"24":{"start":{"line":27,"column":21},"end":{"line":120,"column":2}},"25":{"start":{"line":122,"column":0},"end":{"line":122,"column":69}},"26":{"start":{"line":122,"column":32},"end":{"line":122,"column":67}},"27":{"start":{"line":124,"column":0},"end":{"line":124,"column":22}}},"fnMap":{"0":{"name":"(anonymous_0)","decl":{"start":{"line":122,"column":21},"end":{"line":122,"column":22}},"loc":{"start":{"line":122,"column":32},"end":{"line":122,"column":67}}}},"branchMap":{},"s":{"0":2,"1":2,"2":2,"3":2,"4":2,"5":2,"6":2,"7":2,"8":2,"9":2,"10":2,"11":2,"12":2,"13":2,"14":2,"15":2,"16":2,"17":2,"18":2,"19":2,"20":2,"21":2,"22":2,"23":2,"24":2,"25":2,"26":46,"27":2},"f":{"0":46},"b":{}}
,"D:\\ATIS-Project\\Matrimony-App\\Marriage-Matrimony-\\backend\\src\\app\\utils\\generateJWT.ts": {"path":"D:\\ATIS-Project\\Matrimony-App\\Marriage-Matrimony-\\backend\\src\\app\\utils\\generateJWT.ts","statementMap":{"0":{"start":{"line":1,"column":0},"end":{"line":1,"column":31}},"1":{"start":{"line":4,"column":35},"end":{"line":19,"column":1}},"2":{"start":{"line":6,"column":4},"end":{"line":17,"column":6}},"3":{"start":{"line":4,"column":13},"end":{"line":4,"column":35}},"4":{"start":{"line":21,"column":36},"end":{"line":33,"column":1}},"5":{"start":{"line":23,"column":4},"end":{"line":31,"column":6}},"6":{"start":{"line":21,"column":13},"end":{"line":21,"column":36}}},"fnMap":{"0":{"name":"(anonymous_1)","decl":{"start":{"line":4,"column":35},"end":{"line":4,"column":36}},"loc":{"start":{"line":4,"column":63},"end":{"line":19,"column":1}}},"1":{"name":"(anonymous_2)","decl":{"start":{"line":21,"column":36},"end":{"line":21,"column":37}},"loc":{"start":{"line":21,"column":64},"end":{"line":33,"column":1}}}},"branchMap":{},"s":{"0":2,"1":2,"2":2,"3":2,"4":2,"5":2,"6":2},"f":{"0":2,"1":2},"b":{}}
,"D:\\ATIS-Project\\Matrimony-App\\Marriage-Matrimony-\\backend\\src\\app\\utils\\generateOTP.ts": {"path":"D:\\ATIS-Project\\Matrimony-App\\Marriage-Matrimony-\\backend\\src\\app\\utils\\generateOTP.ts","statementMap":{"0":{"start":{"line":1,"column":0},"end":{"line":1,"column":28}},"1":{"start":{"line":3,"column":27},"end":{"line":5,"column":1}},"2":{"start":{"line":4,"column":4},"end":{"line":4,"column":52}},"3":{"start":{"line":3,"column":13},"end":{"line":3,"column":27}}},"fnMap":{"0":{"name":"(anonymous_1)","decl":{"start":{"line":3,"column":27},"end":{"line":3,"column":38}},"loc":{"start":{"line":3,"column":40},"end":{"line":5,"column":1}}}},"branchMap":{},"s":{"0":2,"1":2,"2":2,"3":2},"f":{"0":2},"b":{}}
,"D:\\ATIS-Project\\Matrimony-App\\Marriage-Matrimony-\\backend\\src\\app\\utils\\verifyJWT.ts": {"path":"D:\\ATIS-Project\\Matrimony-App\\Marriage-Matrimony-\\backend\\src\\app\\utils\\verifyJWT.ts","statementMap":{"0":{"start":{"line":1,"column":0},"end":{"line":1,"column":47}},"1":{"start":{"line":3,"column":33},"end":{"line":12,"column":1}},"2":{"start":{"line":7,"column":4},"end":{"line":10,"column":20}},"3":{"start":{"line":3,"column":13},"end":{"line":3,"column":33}},"4":{"start":{"line":14,"column":34},"end":{"line":23,"column":1}},"5":{"start":{"line":18,"column":4},"end":{"line":21,"column":20}},"6":{"start":{"line":14,"column":13},"end":{"line":14,"column":34}}},"fnMap":{"0":{"name":"(anonymous_1)","decl":{"start":{"line":3,"column":33},"end":{"line":3,"column":null}},"loc":{"start":{"line":5,"column":16},"end":{"line":12,"column":1}}},"1":{"name":"(anonymous_2)","decl":{"start":{"line":14,"column":34},"end":{"line":14,"column":null}},"loc":{"start":{"line":16,"column":16},"end":{"line":23,"column":1}}}},"branchMap":{},"s":{"0":2,"1":2,"2":0,"3":2,"4":2,"5":0,"6":2},"f":{"0":0,"1":0},"b":{}}
}
