TN:
SF:src\app.ts
FN:15,(anonymous_1)
FN:70,(anonymous_2)
FNF:2
FNH:1
FNDA:14,(anonymous_1)
FNDA:0,(anonymous_2)
DA:1,2
DA:2,2
DA:3,2
DA:4,2
DA:5,2
DA:6,2
DA:7,2
DA:9,2
DA:11,2
DA:14,2
DA:16,14
DA:21,14
DA:24,0
DA:25,0
DA:26,0
DA:30,0
DA:31,0
DA:34,0
DA:55,2
DA:56,2
DA:59,2
DA:60,2
DA:63,2
DA:64,2
DA:68,2
DA:70,2
DA:71,0
DA:74,2
DA:77,2
DA:80,2
DA:82,2
LF:31
LH:24
BRDA:21,0,0,14
BRDA:21,0,1,0
BRDA:24,1,0,0
BRDA:24,1,1,0
BRDA:25,2,0,0
BRDA:25,2,1,0
BRDA:25,3,0,0
BRDA:25,3,1,0
BRDA:30,4,0,0
BRDA:30,4,1,0
BRDA:63,5,0,2
BRDA:63,5,1,0
BRF:12
BRH:2
end_of_record
TN:
SF:src\app\config\cloudinary.ts
FN:199,(anonymous_1)
FN:20,(anonymous_2)
FN:123,(anonymous_3)
FN:128,(anonymous_4)
FN:135,(anonymous_5)
FNF:5
FNH:0
FNDA:0,(anonymous_1)
FNDA:0,(anonymous_2)
FNDA:0,(anonymous_3)
FNDA:0,(anonymous_4)
FNDA:0,(anonymous_5)
DA:1,2
DA:2,2
DA:3,2
DA:4,2
DA:7,2
DA:10,2
DA:17,2
DA:21,0
DA:22,0
DA:23,0
DA:27,0
DA:28,0
DA:29,0
DA:30,0
DA:31,0
DA:32,0
DA:33,0
DA:34,0
DA:35,0
DA:36,0
DA:37,0
DA:38,0
DA:39,0
DA:40,0
DA:41,0
DA:42,0
DA:43,0
DA:44,0
DA:45,0
DA:46,0
DA:47,0
DA:48,0
DA:49,0
DA:50,0
DA:51,0
DA:52,0
DA:53,0
DA:54,0
DA:55,0
DA:56,0
DA:57,0
DA:58,0
DA:59,0
DA:60,0
DA:61,0
DA:62,0
DA:63,0
DA:64,0
DA:65,0
DA:66,0
DA:67,0
DA:68,0
DA:69,0
DA:70,0
DA:71,0
DA:72,0
DA:73,0
DA:74,0
DA:75,0
DA:77,0
DA:124,0
DA:125,0
DA:129,0
DA:135,2
DA:140,0
DA:189,0
DA:190,0
DA:192,0
DA:197,2
DA:199,2
LF:70
LH:10
BRDA:21,0,0,0
BRDA:21,0,1,0
BRDA:23,1,0,0
BRDA:23,1,1,0
BRDA:24,2,0,0
BRDA:24,2,1,0
BRDA:28,3,0,0
BRDA:28,3,1,0
BRDA:30,4,0,0
BRDA:30,4,1,0
BRDA:32,5,0,0
BRDA:32,5,1,0
BRDA:34,6,0,0
BRDA:34,6,1,0
BRDA:36,7,0,0
BRDA:36,7,1,0
BRDA:38,8,0,0
BRDA:38,8,1,0
BRDA:40,9,0,0
BRDA:40,9,1,0
BRDA:42,10,0,0
BRDA:42,10,1,0
BRDA:44,11,0,0
BRDA:44,11,1,0
BRDA:46,12,0,0
BRDA:46,12,1,0
BRDA:48,13,0,0
BRDA:48,13,1,0
BRDA:50,14,0,0
BRDA:50,14,1,0
BRDA:52,15,0,0
BRDA:52,15,1,0
BRDA:54,16,0,0
BRDA:54,16,1,0
BRDA:56,17,0,0
BRDA:56,17,1,0
BRDA:58,18,0,0
BRDA:58,18,1,0
BRDA:60,19,0,0
BRDA:60,19,1,0
BRDA:62,20,0,0
BRDA:62,20,1,0
BRDA:64,21,0,0
BRDA:64,21,1,0
BRDA:66,22,0,0
BRDA:66,22,1,0
BRDA:68,23,0,0
BRDA:68,23,1,0
BRDA:70,24,0,0
BRDA:70,24,1,0
BRDA:72,25,0,0
BRDA:72,25,1,0
BRDA:74,26,0,0
BRDA:74,26,1,0
BRDA:124,27,0,0
BRDA:124,27,1,0
BRDA:189,28,0,0
BRDA:189,28,1,0
BRF:58
BRH:0
end_of_record
TN:
SF:src\app\config\swagger.ts
FN:312,(anonymous_1)
FNF:1
FNH:1
FNDA:2,(anonymous_1)
DA:1,2
DA:2,2
DA:6,2
DA:8,2
DA:306,2
DA:308,2
DA:310,2
DA:312,2
DA:313,2
DA:319,2
DA:329,2
LF:11
LH:11
BRF:0
BRH:0
end_of_record
TN:
SF:src\app\errors\appError.ts
FN:6,(anonymous_0)
FNF:1
FNH:0
FNDA:0,(anonymous_0)
DA:1,2
DA:7,0
DA:8,0
DA:9,0
DA:10,0
DA:12,0
LF:6
LH:1
BRDA:9,0,0,0
BRDA:9,0,1,0
BRF:2
BRH:0
end_of_record
TN:
SF:src\app\errors\handleCastError.ts
FN:3,(anonymous_0)
FNF:1
FNH:0
FNDA:0,(anonymous_0)
DA:2,2
DA:3,2
DA:4,0
DA:5,0
DA:8,2
LF:5
LH:3
BRF:0
BRH:0
end_of_record
TN:
SF:src\app\errors\handleDuplicateError.ts
FN:6,(anonymous_0)
FNF:1
FNH:0
FNDA:0,(anonymous_0)
DA:6,2
DA:8,0
DA:11,0
DA:13,0
DA:20,0
DA:22,0
DA:29,2
LF:7
LH:2
BRDA:8,0,0,0
BRDA:8,0,1,0
BRDA:8,1,0,0
BRDA:8,1,1,0
BRDA:11,2,0,0
BRDA:11,2,1,0
BRDA:11,3,0,0
BRDA:11,3,1,0
BRDA:11,4,0,0
BRDA:11,4,1,0
BRF:10
BRH:0
end_of_record
TN:
SF:src\app\errors\handleValidationError.ts
FN:2,(anonymous_0)
FN:3,(anonymous_1)
FNF:2
FNH:0
FNDA:0,(anonymous_0)
FNDA:0,(anonymous_1)
DA:1,2
DA:2,2
DA:3,0
DA:4,0
DA:5,0
DA:8,2
LF:6
LH:3
BRF:0
BRH:0
end_of_record
TN:
SF:src\app\errors\handleZodError.ts
FN:4,(anonymous_0)
FN:11,(anonymous_1)
FNF:2
FNH:0
FNDA:0,(anonymous_0)
FNDA:0,(anonymous_1)
DA:3,2
DA:4,2
DA:5,0
DA:11,0
DA:16,0
DA:17,0
DA:18,0
DA:21,2
LF:8
LH:3
BRDA:5,0,0,0
BRDA:5,0,1,0
BRDA:7,1,0,0
BRDA:7,1,1,0
BRDA:12,2,0,0
BRDA:12,2,1,0
BRDA:12,3,0,0
BRDA:12,3,1,0
BRDA:12,4,0,0
BRDA:12,4,1,0
BRDA:12,5,0,0
BRDA:12,5,1,0
BRDA:12,6,0,0
BRDA:12,6,1,0
BRDA:12,7,0,0
BRDA:12,7,1,0
BRDA:12,8,0,0
BRDA:12,8,1,0
BRDA:13,9,0,0
BRDA:13,9,1,0
BRDA:13,10,0,0
BRDA:13,10,1,0
BRDA:13,11,0,0
BRDA:13,11,1,0
BRDA:13,12,0,0
BRDA:13,12,1,0
BRF:26
BRH:0
end_of_record
TN:
SF:src\app\middlewares\authMiddleware.ts
FN:4,(anonymous_0)
FNF:1
FNH:0
FNDA:0,(anonymous_0)
DA:2,2
DA:4,2
DA:10,0
DA:12,0
DA:14,0
DA:15,0
DA:21,0
DA:23,0
DA:25,0
DA:27,0
DA:31,0
LF:11
LH:2
BRDA:14,0,0,0
BRDA:14,0,1,0
BRDA:14,1,0,0
BRDA:14,1,1,0
BRDA:14,2,0,0
BRDA:14,2,1,0
BRF:6
BRH:0
end_of_record
TN:
SF:src\app\middlewares\globalErrorHandler.ts
FN:7,(anonymous_1)
FNF:1
FNH:0
FNDA:0,(anonymous_1)
DA:2,2
DA:3,2
DA:4,2
DA:5,2
DA:6,2
DA:7,2
DA:8,0
DA:9,0
DA:11,0
DA:12,0
DA:13,0
DA:14,0
DA:16,0
DA:25,2
LF:14
LH:7
BRDA:8,0,0,0
BRDA:8,0,1,0
BRDA:9,1,0,0
BRDA:9,1,1,0
BRDA:11,2,0,0
BRDA:11,2,1,0
BRDA:12,3,0,0
BRDA:12,3,1,0
BRDA:13,4,0,0
BRDA:13,4,1,0
BRDA:14,5,0,0
BRDA:14,5,1,0
BRDA:20,6,0,0
BRDA:20,6,1,0
BRDA:21,7,0,0
BRDA:21,7,1,0
BRF:16
BRH:0
end_of_record
TN:
SF:src\app\middlewares\notFound.ts
FN:3,(anonymous_0)
FNF:1
FNH:0
FNDA:0,(anonymous_0)
DA:2,2
DA:3,2
DA:4,0
DA:5,0
DA:8,2
LF:5
LH:3
BRF:0
BRH:0
end_of_record
TN:
SF:src\app\modules\account-settings\accountSettings.controller.ts
FN:14,(anonymous_8)
FN:17,(anonymous_9)
FN:50,(anonymous_10)
FN:53,(anonymous_11)
FN:104,(anonymous_12)
FN:107,(anonymous_13)
FN:164,(anonymous_14)
FN:167,(anonymous_15)
FN:205,(anonymous_16)
FN:208,(anonymous_17)
FN:248,(anonymous_18)
FN:251,(anonymous_19)
FN:291,(anonymous_20)
FN:294,(anonymous_21)
FN:334,(anonymous_22)
FN:337,(anonymous_23)
FNF:16
FNH:0
FNDA:0,(anonymous_8)
FNDA:0,(anonymous_9)
FNDA:0,(anonymous_10)
FNDA:0,(anonymous_11)
FNDA:0,(anonymous_12)
FNDA:0,(anonymous_13)
FNDA:0,(anonymous_14)
FNDA:0,(anonymous_15)
FNDA:0,(anonymous_16)
FNDA:0,(anonymous_17)
FNDA:0,(anonymous_18)
FNDA:0,(anonymous_19)
FNDA:0,(anonymous_20)
FNDA:0,(anonymous_21)
FNDA:0,(anonymous_22)
FNDA:0,(anonymous_23)
DA:2,2
DA:3,2
DA:4,2
DA:5,2
DA:14,2
DA:17,0
DA:19,0
DA:21,0
DA:26,0
DA:28,0
DA:34,0
DA:41,0
DA:50,2
DA:53,0
DA:55,0
DA:58,0
DA:60,0
DA:65,0
DA:66,0
DA:70,0
DA:73,0
DA:76,0
DA:79,0
DA:82,0
DA:85,0
DA:87,0
DA:95,0
DA:104,2
DA:107,0
DA:109,0
DA:111,0
DA:113,0
DA:118,0
DA:119,0
DA:123,0
DA:126,0
DA:128,0
DA:131,0
DA:132,0
DA:135,0
DA:136,0
DA:139,0
DA:140,0
DA:143,0
DA:144,0
DA:146,0
DA:148,0
DA:156,0
DA:164,2
DA:167,0
DA:169,0
DA:171,0
DA:176,0
DA:177,0
DA:181,0
DA:184,0
DA:185,0
DA:187,0
DA:189,0
DA:197,0
DA:205,2
DA:208,0
DA:210,0
DA:213,0
DA:215,0
DA:220,0
DA:221,0
DA:225,0
DA:228,0
DA:230,0
DA:232,0
DA:240,0
DA:248,2
DA:251,0
DA:253,0
DA:256,0
DA:258,0
DA:263,0
DA:264,0
DA:268,0
DA:271,0
DA:273,0
DA:275,0
DA:283,0
DA:291,2
DA:294,0
DA:296,0
DA:299,0
DA:301,0
DA:306,0
DA:307,0
DA:311,0
DA:314,0
DA:316,0
DA:318,0
DA:326,0
DA:334,2
DA:337,0
DA:339,0
DA:341,0
DA:343,0
DA:344,0
DA:348,0
DA:351,0
DA:355,0
DA:359,0
DA:361,0
DA:362,0
DA:363,0
DA:366,0
DA:367,0
DA:368,0
DA:371,0
DA:373,0
DA:380,0
LF:115
LH:12
BRDA:26,0,0,0
BRDA:26,0,1,0
BRDA:65,1,0,0
BRDA:65,1,1,0
BRDA:118,2,0,0
BRDA:118,2,1,0
BRDA:128,3,0,0
BRDA:128,3,1,0
BRDA:128,3,2,0
BRDA:176,4,0,0
BRDA:176,4,1,0
BRDA:220,5,0,0
BRDA:220,5,1,0
BRDA:263,6,0,0
BRDA:263,6,1,0
BRDA:306,7,0,0
BRDA:306,7,1,0
BRDA:343,8,0,0
BRDA:343,8,1,0
BRDA:361,9,0,0
BRDA:361,9,1,0
BRDA:366,10,0,0
BRDA:366,10,1,0
BRF:23
BRH:0
end_of_record
TN:
SF:src\app\modules\account-settings\accountSettings.model.ts
FNF:0
FNH:0
DA:1,2
DA:4,2
DA:146,2
LF:3
LH:3
BRF:0
BRH:0
end_of_record
TN:
SF:src\app\modules\account-settings\accountSettings.routes.ts
FNF:0
FNH:0
DA:1,2
DA:2,2
DA:3,2
DA:15,2
DA:45,2
DA:98,2
DA:133,2
DA:155,2
DA:206,2
DA:242,2
DA:301,2
DA:325,2
DA:331,2
LF:13
LH:13
BRF:0
BRH:0
end_of_record
TN:
SF:src\app\modules\account-settings\accountSettings.validation.ts
FNF:0
FNH:0
DA:1,2
DA:3,2
DA:30,2
DA:39,2
DA:56,2
DA:63,2
LF:6
LH:6
BRF:0
BRH:0
end_of_record
TN:
SF:src\app\modules\admin\admin-auth\adminAuth.controller.ts
FN:17,(anonymous_8)
FN:20,(anonymous_9)
FN:113,(anonymous_10)
FN:116,(anonymous_11)
FN:185,(anonymous_12)
FN:188,(anonymous_13)
FN:253,(anonymous_14)
FN:256,(anonymous_15)
FNF:8
FNH:0
FNDA:0,(anonymous_8)
FNDA:0,(anonymous_9)
FNDA:0,(anonymous_10)
FNDA:0,(anonymous_11)
FNDA:0,(anonymous_12)
FNDA:0,(anonymous_13)
FNDA:0,(anonymous_14)
FNDA:0,(anonymous_15)
DA:2,2
DA:4,2
DA:5,2
DA:10,2
DA:14,2
DA:15,2
DA:17,2
DA:20,0
DA:22,0
DA:24,0
DA:28,0
DA:30,0
DA:36,0
DA:38,0
DA:45,0
DA:50,0
DA:52,0
DA:59,0
DA:61,0
DA:63,0
DA:65,0
DA:67,0
DA:69,0
DA:71,0
DA:101,0
DA:113,2
DA:116,0
DA:118,0
DA:121,0
DA:125,0
DA:127,0
DA:129,0
DA:141,0
DA:143,0
DA:153,0
DA:155,0
DA:173,0
DA:185,2
DA:188,0
DA:190,0
DA:193,0
DA:197,0
DA:199,0
DA:201,0
DA:213,0
DA:215,0
DA:225,0
DA:227,0
DA:229,0
DA:241,0
DA:253,2
DA:256,0
DA:258,0
DA:260,0
DA:270,0
DA:272,0
DA:282,0
DA:294,0
LF:58
LH:10
BRDA:36,0,0,0
BRDA:36,0,1,0
BRDA:50,1,0,0
BRDA:50,1,1,0
BRDA:141,2,0,0
BRDA:141,2,1,0
BRDA:213,3,0,0
BRDA:213,3,1,0
BRDA:270,4,0,0
BRDA:270,4,1,0
BRF:10
BRH:0
end_of_record
TN:
SF:src\app\modules\admin\admin-auth\adminAuth.routes.ts
FNF:0
FNH:0
DA:1,2
DA:3,2
DA:10,2
DA:12,2
DA:44,2
DA:70,2
DA:100,2
DA:118,2
DA:120,2
LF:9
LH:9
BRF:0
BRH:0
end_of_record
TN:
SF:src\app\modules\admin\admin-auth\adminAuth.validation.ts
FNF:0
FNH:0
DA:1,2
DA:6,2
DA:24,2
DA:36,2
LF:4
LH:4
BRF:0
BRH:0
end_of_record
TN:
SF:src\app\modules\admin\annual-income\annualIncome.controllers.ts
FN:8,(anonymous_7)
FN:11,(anonymous_8)
FN:25,(anonymous_9)
FN:28,(anonymous_10)
FN:39,(anonymous_11)
FN:42,(anonymous_12)
FN:54,(anonymous_13)
FN:57,(anonymous_14)
FN:75,(anonymous_15)
FN:78,(anonymous_16)
FNF:10
FNH:0
FNDA:0,(anonymous_7)
FNDA:0,(anonymous_8)
FNDA:0,(anonymous_9)
FNDA:0,(anonymous_10)
FNDA:0,(anonymous_11)
FNDA:0,(anonymous_12)
FNDA:0,(anonymous_13)
FNDA:0,(anonymous_14)
FNDA:0,(anonymous_15)
FNDA:0,(anonymous_16)
DA:2,2
DA:3,2
DA:8,2
DA:11,0
DA:12,0
DA:16,0
DA:18,0
DA:25,2
DA:28,0
DA:29,0
DA:33,0
DA:39,2
DA:42,0
DA:43,0
DA:48,0
DA:54,2
DA:57,0
DA:58,0
DA:62,0
DA:68,0
DA:75,2
DA:78,0
DA:79,0
DA:85,0
LF:24
LH:7
BRF:0
BRH:0
end_of_record
TN:
SF:src\app\modules\admin\annual-income\annualIncome.model.ts
FNF:0
FNH:0
DA:1,2
DA:4,2
DA:23,2
LF:3
LH:3
BRF:0
BRH:0
end_of_record
TN:
SF:src\app\modules\admin\annual-income\annualIncome.routes.ts
FNF:0
FNH:0
DA:1,2
DA:2,2
DA:9,2
DA:11,2
DA:45,2
DA:58,2
DA:80,2
DA:112,2
DA:134,2
DA:136,2
LF:10
LH:10
BRF:0
BRH:0
end_of_record
TN:
SF:src\app\modules\admin\annual-income\annualIncome.validation.ts
FNF:0
FNH:0
DA:1,2
DA:3,2
DA:9,2
LF:3
LH:3
BRF:0
BRH:0
end_of_record
TN:
SF:src\app\modules\admin\height\height.controllers.ts
FN:10,(anonymous_7)
FN:13,(anonymous_8)
FN:54,(anonymous_9)
FN:57,(anonymous_10)
FN:84,(anonymous_11)
FN:87,(anonymous_12)
FN:121,(anonymous_13)
FN:124,(anonymous_14)
FN:176,(anonymous_15)
FN:179,(anonymous_16)
FNF:10
FNH:0
FNDA:0,(anonymous_7)
FNDA:0,(anonymous_8)
FNDA:0,(anonymous_9)
FNDA:0,(anonymous_10)
FNDA:0,(anonymous_11)
FNDA:0,(anonymous_12)
FNDA:0,(anonymous_13)
FNDA:0,(anonymous_14)
FNDA:0,(anonymous_15)
FNDA:0,(anonymous_16)
DA:2,2
DA:3,2
DA:10,2
DA:13,0
DA:15,0
DA:17,0
DA:21,0
DA:26,0
DA:27,0
DA:33,0
DA:35,0
DA:43,0
DA:54,2
DA:57,0
DA:59,0
DA:61,0
DA:65,0
DA:73,0
DA:84,2
DA:87,0
DA:89,0
DA:91,0
DA:96,0
DA:97,0
DA:103,0
DA:110,0
DA:121,2
DA:124,0
DA:126,0
DA:128,0
DA:132,0
DA:150,0
DA:151,0
DA:157,0
DA:165,0
DA:176,2
DA:179,0
DA:181,0
DA:183,0
DA:200,0
DA:201,0
DA:207,0
DA:214,0
LF:43
LH:7
BRDA:26,0,0,0
BRDA:26,0,1,0
BRDA:96,1,0,0
BRDA:96,1,1,0
BRDA:150,2,0,0
BRDA:150,2,1,0
BRDA:200,3,0,0
BRDA:200,3,1,0
BRF:8
BRH:0
end_of_record
TN:
SF:src\app\modules\admin\height\height.model.ts
FNF:0
FNH:0
DA:1,2
DA:4,2
DA:25,2
LF:3
LH:3
BRF:0
BRH:0
end_of_record
TN:
SF:src\app\modules\admin\height\height.routes.ts
FNF:0
FNH:0
DA:1,2
DA:2,2
DA:9,2
DA:11,2
DA:51,2
DA:67,2
DA:92,2
DA:131,2
DA:158,2
DA:160,2
LF:10
LH:10
BRF:0
BRH:0
end_of_record
TN:
SF:src\app\modules\admin\height\height.validation.ts
FNF:0
FNH:0
DA:1,2
DA:3,2
DA:16,2
LF:3
LH:3
BRF:0
BRH:0
end_of_record
TN:
SF:src\app\modules\admin\location\location.controller.ts
FN:8,(anonymous_7)
FN:11,(anonymous_8)
FN:56,(anonymous_9)
FN:59,(anonymous_10)
FN:86,(anonymous_11)
FN:89,(anonymous_12)
FN:137,(anonymous_13)
FN:140,(anonymous_14)
FN:214,(anonymous_15)
FN:217,(anonymous_16)
FNF:10
FNH:0
FNDA:0,(anonymous_7)
FNDA:0,(anonymous_8)
FNDA:0,(anonymous_9)
FNDA:0,(anonymous_10)
FNDA:0,(anonymous_11)
FNDA:0,(anonymous_12)
FNDA:0,(anonymous_13)
FNDA:0,(anonymous_14)
FNDA:0,(anonymous_15)
FNDA:0,(anonymous_16)
DA:2,2
DA:3,2
DA:8,2
DA:11,0
DA:13,0
DA:15,0
DA:19,0
DA:26,0
DA:28,0
DA:35,0
DA:37,0
DA:47,0
DA:56,2
DA:59,0
DA:61,0
DA:63,0
DA:67,0
DA:77,0
DA:86,2
DA:89,0
DA:91,0
DA:93,0
DA:101,0
DA:103,0
DA:113,0
DA:125,0
DA:137,2
DA:140,0
DA:142,0
DA:144,0
DA:150,0
DA:176,0
DA:178,0
DA:188,0
DA:202,0
DA:214,2
DA:217,0
DA:219,0
DA:221,0
DA:245,0
DA:247,0
DA:257,0
DA:269,0
LF:43
LH:7
BRDA:26,0,0,0
BRDA:26,0,1,0
BRDA:101,1,0,0
BRDA:101,1,1,0
BRDA:176,2,0,0
BRDA:176,2,1,0
BRDA:245,3,0,0
BRDA:245,3,1,0
BRF:8
BRH:0
end_of_record
TN:
SF:src\app\modules\admin\location\location.model.ts
FNF:0
FNH:0
DA:1,2
DA:4,2
DA:36,2
LF:3
LH:3
BRF:0
BRH:0
end_of_record
TN:
SF:src\app\modules\admin\location\location.routes.ts
FNF:0
FNH:0
DA:1,2
DA:2,2
DA:9,2
DA:11,2
DA:59,2
DA:77,2
DA:104,2
DA:149,2
DA:176,2
DA:178,2
LF:10
LH:10
BRF:0
BRH:0
end_of_record
TN:
SF:src\app\modules\admin\location\location.validation.ts
FNF:0
FNH:0
DA:1,2
DA:3,2
DA:26,2
LF:3
LH:3
BRF:0
BRH:0
end_of_record
TN:
SF:src\app\modules\admin\mother-tongue\motherTongue.controller.ts
FN:4,(anonymous_7)
FN:7,(anonymous_8)
FN:49,(anonymous_9)
FN:52,(anonymous_10)
FN:79,(anonymous_11)
FN:82,(anonymous_12)
FN:119,(anonymous_13)
FN:122,(anonymous_14)
FN:188,(anonymous_15)
FN:191,(anonymous_16)
FNF:10
FNH:0
FNDA:0,(anonymous_7)
FNDA:0,(anonymous_8)
FNDA:0,(anonymous_9)
FNDA:0,(anonymous_10)
FNDA:0,(anonymous_11)
FNDA:0,(anonymous_12)
FNDA:0,(anonymous_13)
FNDA:0,(anonymous_14)
FNDA:0,(anonymous_15)
FNDA:0,(anonymous_16)
DA:2,2
DA:4,2
DA:7,0
DA:9,0
DA:11,0
DA:13,0
DA:18,0
DA:20,0
DA:27,0
DA:31,0
DA:39,0
DA:49,2
DA:52,0
DA:54,0
DA:56,0
DA:62,0
DA:69,0
DA:79,2
DA:82,0
DA:84,0
DA:86,0
DA:88,0
DA:93,0
DA:95,0
DA:102,0
DA:109,0
DA:119,2
DA:122,0
DA:124,0
DA:126,0
DA:128,0
DA:130,0
DA:132,0
DA:138,0
DA:140,0
DA:149,0
DA:161,0
DA:163,0
DA:170,0
DA:178,0
DA:188,2
DA:191,0
DA:193,0
DA:195,0
DA:197,0
DA:210,0
DA:212,0
DA:219,0
DA:226,0
LF:49
LH:6
BRDA:18,0,0,0
BRDA:18,0,1,0
BRDA:93,1,0,0
BRDA:93,1,1,0
BRDA:130,2,0,0
BRDA:130,2,1,0
BRDA:138,3,0,0
BRDA:138,3,1,0
BRDA:161,4,0,0
BRDA:161,4,1,0
BRDA:210,5,0,0
BRDA:210,5,1,0
BRF:12
BRH:0
end_of_record
TN:
SF:src\app\modules\admin\mother-tongue\motherTongue.model.ts
FNF:0
FNH:0
DA:1,2
DA:4,2
DA:23,2
LF:3
LH:3
BRF:0
BRH:0
end_of_record
TN:
SF:src\app\modules\admin\mother-tongue\motherTongue.routes.ts
FNF:0
FNH:0
DA:1,2
DA:2,2
DA:9,2
DA:15,2
DA:49,2
DA:62,2
DA:83,2
DA:114,2
DA:136,2
DA:138,2
LF:10
LH:10
BRF:0
BRH:0
end_of_record
TN:
SF:src\app\modules\admin\occupation\occupation.controller.ts
FN:5,(anonymous_7)
FN:8,(anonymous_8)
FN:51,(anonymous_9)
FN:54,(anonymous_10)
FN:76,(anonymous_11)
FN:79,(anonymous_12)
FN:109,(anonymous_13)
FN:112,(anonymous_14)
FN:164,(anonymous_15)
FN:167,(anonymous_16)
FNF:10
FNH:0
FNDA:0,(anonymous_7)
FNDA:0,(anonymous_8)
FNDA:0,(anonymous_9)
FNDA:0,(anonymous_10)
FNDA:0,(anonymous_11)
FNDA:0,(anonymous_12)
FNDA:0,(anonymous_13)
FNDA:0,(anonymous_14)
FNDA:0,(anonymous_15)
FNDA:0,(anonymous_16)
DA:2,2
DA:3,2
DA:5,2
DA:8,0
DA:9,0
DA:10,0
DA:14,0
DA:16,0
DA:23,0
DA:24,0
DA:28,0
DA:31,0
DA:36,0
DA:42,0
DA:44,0
DA:51,2
DA:54,0
DA:55,0
DA:56,0
DA:61,0
DA:67,0
DA:69,0
DA:76,2
DA:79,0
DA:80,0
DA:81,0
DA:86,0
DA:87,0
DA:91,0
DA:94,0
DA:100,0
DA:102,0
DA:109,2
DA:112,0
DA:113,0
DA:114,0
DA:116,0
DA:121,0
DA:122,0
DA:126,0
DA:129,0
DA:137,0
DA:138,0
DA:142,0
DA:145,0
DA:147,0
DA:149,0
DA:155,0
DA:157,0
DA:164,2
DA:167,0
DA:168,0
DA:169,0
DA:174,0
DA:175,0
DA:179,0
DA:182,0
DA:184,0
DA:186,0
DA:191,0
DA:193,0
LF:61
LH:7
BRDA:23,0,0,0
BRDA:23,0,1,0
BRDA:46,1,0,0
BRDA:46,1,1,0
BRDA:71,2,0,0
BRDA:71,2,1,0
BRDA:86,3,0,0
BRDA:86,3,1,0
BRDA:104,4,0,0
BRDA:104,4,1,0
BRDA:121,5,0,0
BRDA:121,5,1,0
BRDA:137,6,0,0
BRDA:137,6,1,0
BRDA:159,7,0,0
BRDA:159,7,1,0
BRDA:174,8,0,0
BRDA:174,8,1,0
BRDA:195,9,0,0
BRDA:195,9,1,0
BRF:20
BRH:0
end_of_record
TN:
SF:src\app\modules\admin\occupation\occupation.model.ts
FNF:0
FNH:0
DA:1,2
DA:4,2
DA:28,2
LF:3
LH:3
BRF:0
BRH:0
end_of_record
TN:
SF:src\app\modules\admin\occupation\occupation.routes.ts
FNF:0
FNH:0
DA:1,2
DA:2,2
DA:9,2
DA:11,2
DA:42,2
DA:55,2
DA:77,2
DA:115,2
DA:139,2
DA:141,2
LF:10
LH:10
BRF:0
BRH:0
end_of_record
TN:
SF:src\app\modules\admin\occupation\occupation.validation.ts
FNF:0
FNH:0
DA:1,2
DA:3,2
LF:2
LH:2
BRF:0
BRH:0
end_of_record
TN:
SF:src\app\modules\admin\qualification\qualification.controllers.ts
FN:10,(anonymous_7)
FN:13,(anonymous_8)
FN:69,(anonymous_9)
FN:72,(anonymous_10)
FN:108,(anonymous_11)
FN:111,(anonymous_12)
FN:161,(anonymous_13)
FN:164,(anonymous_14)
FN:240,(anonymous_15)
FN:243,(anonymous_16)
FNF:10
FNH:0
FNDA:0,(anonymous_7)
FNDA:0,(anonymous_8)
FNDA:0,(anonymous_9)
FNDA:0,(anonymous_10)
FNDA:0,(anonymous_11)
FNDA:0,(anonymous_12)
FNDA:0,(anonymous_13)
FNDA:0,(anonymous_14)
FNDA:0,(anonymous_15)
FNDA:0,(anonymous_16)
DA:2,2
DA:3,2
DA:10,2
DA:13,0
DA:15,0
DA:17,0
DA:21,0
DA:35,0
DA:37,0
DA:44,0
DA:48,0
DA:58,0
DA:69,2
DA:72,0
DA:74,0
DA:76,0
DA:80,0
DA:94,0
DA:108,2
DA:111,0
DA:113,0
DA:115,0
DA:123,0
DA:125,0
DA:135,0
DA:147,0
DA:161,2
DA:164,0
DA:166,0
DA:168,0
DA:174,0
DA:200,0
DA:202,0
DA:212,0
DA:226,0
DA:240,2
DA:243,0
DA:245,0
DA:247,0
DA:271,0
DA:273,0
DA:283,0
DA:295,0
LF:43
LH:7
BRDA:35,0,0,0
BRDA:35,0,1,0
BRDA:123,1,0,0
BRDA:123,1,1,0
BRDA:200,2,0,0
BRDA:200,2,1,0
BRDA:271,3,0,0
BRDA:271,3,1,0
BRF:8
BRH:0
end_of_record
TN:
SF:src\app\modules\admin\qualification\qualification.model.ts
FNF:0
FNH:0
DA:1,2
DA:4,2
DA:42,2
LF:3
LH:3
BRF:0
BRH:0
end_of_record
TN:
SF:src\app\modules\admin\qualification\qualification.routes.ts
FNF:0
FNH:0
DA:1,2
DA:2,2
DA:9,2
DA:11,2
DA:61,2
DA:77,2
DA:102,2
DA:148,2
DA:175,2
DA:177,2
LF:10
LH:10
BRF:0
BRH:0
end_of_record
TN:
SF:src\app\modules\admin\qualification\qualification.validation.ts
FNF:0
FNH:0
DA:1,2
DA:3,2
DA:31,2
LF:3
LH:3
BRF:0
BRH:0
end_of_record
TN:
SF:src\app\modules\admin\religion\religion.controllers.ts
FN:5,(anonymous_7)
FN:5,(anonymous_8)
FN:53,(anonymous_9)
FN:53,(anonymous_10)
FN:81,(anonymous_11)
FN:84,(anonymous_12)
FN:130,(anonymous_13)
FN:133,(anonymous_14)
FN:235,(anonymous_15)
FN:238,(anonymous_16)
FNF:10
FNH:0
FNDA:0,(anonymous_7)
FNDA:0,(anonymous_8)
FNDA:0,(anonymous_9)
FNDA:0,(anonymous_10)
FNDA:0,(anonymous_11)
FNDA:0,(anonymous_12)
FNDA:0,(anonymous_13)
FNDA:0,(anonymous_14)
FNDA:0,(anonymous_15)
FNDA:0,(anonymous_16)
DA:2,2
DA:3,2
DA:5,2
DA:7,0
DA:9,0
DA:13,0
DA:19,0
DA:21,0
DA:28,0
DA:32,0
DA:43,0
DA:53,2
DA:55,0
DA:57,0
DA:63,0
DA:72,0
DA:81,2
DA:84,0
DA:86,0
DA:88,0
DA:96,0
DA:98,0
DA:108,0
DA:118,0
DA:130,2
DA:133,0
DA:135,0
DA:137,0
DA:143,0
DA:145,0
DA:159,0
DA:161,0
DA:173,0
DA:199,0
DA:201,0
DA:211,0
DA:223,0
DA:235,2
DA:238,0
DA:240,0
DA:242,0
DA:266,0
DA:268,0
DA:278,0
DA:288,0
LF:45
LH:7
BRDA:19,0,0,0
BRDA:19,0,1,0
BRDA:96,1,0,0
BRDA:96,1,1,0
BRDA:143,2,0,0
BRDA:143,2,1,0
BRDA:159,3,0,0
BRDA:159,3,1,0
BRDA:199,4,0,0
BRDA:199,4,1,0
BRDA:266,5,0,0
BRDA:266,5,1,0
BRF:12
BRH:0
end_of_record
TN:
SF:src\app\modules\admin\religion\religion.model.ts
FNF:0
FNH:0
DA:1,2
DA:4,2
DA:23,2
LF:3
LH:3
BRF:0
BRH:0
end_of_record
TN:
SF:src\app\modules\admin\religion\religion.routes.ts
FNF:0
FNH:0
DA:1,2
DA:3,2
DA:13,2
DA:15,2
DA:51,2
DA:62,2
DA:82,2
DA:116,2
DA:138,2
DA:140,2
LF:10
LH:10
BRF:0
BRH:0
end_of_record
TN:
SF:src\app\modules\admin\religion\religion.validation.ts
FNF:0
FNH:0
DA:1,2
DA:3,2
DA:12,2
LF:3
LH:3
BRF:0
BRH:0
end_of_record
TN:
SF:src\app\modules\admin\religion\caste\caste.controllers.ts
FN:11,(anonymous_7)
FN:14,(anonymous_8)
FN:94,(anonymous_9)
FN:97,(anonymous_10)
FN:135,(anonymous_11)
FN:138,(anonymous_12)
FN:178,(anonymous_13)
FN:181,(anonymous_14)
FN:231,(anonymous_15)
FN:234,(anonymous_16)
FN:310,(anonymous_17)
FN:313,(anonymous_18)
FNF:12
FNH:0
FNDA:0,(anonymous_7)
FNDA:0,(anonymous_8)
FNDA:0,(anonymous_9)
FNDA:0,(anonymous_10)
FNDA:0,(anonymous_11)
FNDA:0,(anonymous_12)
FNDA:0,(anonymous_13)
FNDA:0,(anonymous_14)
FNDA:0,(anonymous_15)
FNDA:0,(anonymous_16)
FNDA:0,(anonymous_17)
FNDA:0,(anonymous_18)
DA:2,2
DA:3,2
DA:4,2
DA:11,2
DA:14,0
DA:16,0
DA:18,0
DA:22,0
DA:30,0
DA:32,0
DA:42,0
DA:52,0
DA:54,0
DA:64,0
DA:66,0
DA:80,0
DA:94,2
DA:97,0
DA:99,0
DA:101,0
DA:107,0
DA:121,0
DA:135,2
DA:138,0
DA:140,0
DA:142,0
DA:150,0
DA:164,0
DA:178,2
DA:181,0
DA:183,0
DA:185,0
DA:193,0
DA:195,0
DA:205,0
DA:217,0
DA:231,2
DA:234,0
DA:236,0
DA:238,0
DA:244,0
DA:270,0
DA:272,0
DA:282,0
DA:296,0
DA:310,2
DA:313,0
DA:315,0
DA:317,0
DA:341,0
DA:343,0
DA:353,0
DA:365,0
LF:53
LH:9
BRDA:30,0,0,0
BRDA:30,0,1,0
BRDA:52,1,0,0
BRDA:52,1,1,0
BRDA:193,2,0,0
BRDA:193,2,1,0
BRDA:270,3,0,0
BRDA:270,3,1,0
BRDA:341,4,0,0
BRDA:341,4,1,0
BRF:10
BRH:0
end_of_record
TN:
SF:src\app\modules\admin\religion\caste\caste.model.ts
FNF:0
FNH:0
DA:1,2
DA:4,2
DA:29,2
DA:39,2
LF:4
LH:4
BRF:0
BRH:0
end_of_record
TN:
SF:src\app\modules\admin\religion\caste\caste.routes.ts
FNF:0
FNH:0
DA:1,2
DA:2,2
DA:10,2
DA:12,2
DA:54,2
DA:65,2
DA:85,2
DA:105,2
DA:142,2
DA:164,2
DA:166,2
LF:11
LH:11
BRF:0
BRH:0
end_of_record
TN:
SF:src\app\modules\admin\religion\caste\caste.validation.ts
FNF:0
FNH:0
DA:1,2
DA:3,2
DA:15,2
LF:3
LH:3
BRF:0
BRH:0
end_of_record
TN:
SF:src\app\modules\admin\religion\caste\sub-caste\subCaste.controllers.ts
FN:12,(anonymous_7)
FN:15,(anonymous_8)
FN:111,(anonymous_9)
FN:114,(anonymous_10)
FN:154,(anonymous_11)
FN:157,(anonymous_12)
FN:197,(anonymous_13)
FN:200,(anonymous_14)
FN:252,(anonymous_15)
FN:255,(anonymous_16)
FN:331,(anonymous_17)
FN:334,(anonymous_18)
FNF:12
FNH:0
FNDA:0,(anonymous_7)
FNDA:0,(anonymous_8)
FNDA:0,(anonymous_9)
FNDA:0,(anonymous_10)
FNDA:0,(anonymous_11)
FNDA:0,(anonymous_12)
FNDA:0,(anonymous_13)
FNDA:0,(anonymous_14)
FNDA:0,(anonymous_15)
FNDA:0,(anonymous_16)
FNDA:0,(anonymous_17)
FNDA:0,(anonymous_18)
DA:2,2
DA:3,2
DA:4,2
DA:5,2
DA:12,2
DA:15,0
DA:17,0
DA:19,0
DA:23,0
DA:28,0
DA:30,0
DA:37,0
DA:47,0
DA:49,0
DA:59,0
DA:69,0
DA:71,0
DA:81,0
DA:83,0
DA:97,0
DA:111,2
DA:114,0
DA:116,0
DA:118,0
DA:126,0
DA:140,0
DA:154,2
DA:157,0
DA:159,0
DA:161,0
DA:169,0
DA:183,0
DA:197,2
DA:200,0
DA:202,0
DA:204,0
DA:214,0
DA:216,0
DA:226,0
DA:238,0
DA:252,2
DA:255,0
DA:257,0
DA:259,0
DA:265,0
DA:291,0
DA:293,0
DA:303,0
DA:317,0
DA:331,2
DA:334,0
DA:336,0
DA:338,0
DA:362,0
DA:364,0
DA:374,0
DA:386,0
LF:57
LH:10
BRDA:28,0,0,0
BRDA:28,0,1,0
BRDA:47,1,0,0
BRDA:47,1,1,0
BRDA:69,2,0,0
BRDA:69,2,1,0
BRDA:214,3,0,0
BRDA:214,3,1,0
BRDA:291,4,0,0
BRDA:291,4,1,0
BRDA:362,5,0,0
BRDA:362,5,1,0
BRF:12
BRH:0
end_of_record
TN:
SF:src\app\modules\admin\religion\caste\sub-caste\subCaste.model.ts
FNF:0
FNH:0
DA:1,2
DA:4,2
DA:38,2
DA:48,2
LF:4
LH:4
BRF:0
BRH:0
end_of_record
TN:
SF:src\app\modules\admin\religion\caste\sub-caste\subCaste.routes.ts
FNF:0
FNH:0
DA:1,2
DA:2,2
DA:10,2
DA:12,2
DA:58,2
DA:69,2
DA:87,2
DA:107,2
DA:147,2
DA:169,2
DA:171,2
LF:11
LH:11
BRF:0
BRH:0
end_of_record
TN:
SF:src\app\modules\admin\religion\caste\sub-caste\subCaste.validation.ts
FNF:0
FNH:0
DA:1,2
DA:3,2
DA:17,2
LF:3
LH:3
BRF:0
BRH:0
end_of_record
TN:
SF:src\app\modules\auth\auth.constants.ts
FNF:0
FNH:0
DA:1,2
DA:3,2
DA:5,2
DA:7,2
LF:4
LH:4
BRF:0
BRH:0
end_of_record
TN:
SF:src\app\modules\auth\auth.controller.ts
FN:19,(anonymous_8)
FN:19,(anonymous_9)
FN:87,(anonymous_10)
FN:87,(anonymous_11)
FN:194,(anonymous_12)
FN:197,(anonymous_13)
FN:318,(anonymous_14)
FN:318,(anonymous_15)
FN:386,(anonymous_16)
FN:389,(anonymous_17)
FNF:10
FNH:4
FNDA:5,(anonymous_8)
FNDA:5,(anonymous_9)
FNDA:9,(anonymous_10)
FNDA:9,(anonymous_11)
FNDA:0,(anonymous_12)
FNDA:0,(anonymous_13)
FNDA:0,(anonymous_14)
FNDA:0,(anonymous_15)
FNDA:0,(anonymous_16)
FNDA:0,(anonymous_17)
DA:2,2
DA:3,2
DA:4,2
DA:5,2
DA:9,2
DA:11,2
DA:16,2
DA:17,2
DA:19,5
DA:21,5
DA:23,5
DA:25,2
DA:27,2
DA:33,2
DA:36,2
DA:38,1
DA:45,2
DA:48,2
DA:51,2
DA:62,2
DA:68,2
DA:80,3
DA:87,9
DA:89,9
DA:91,9
DA:93,7
DA:96,7
DA:101,7
DA:102,1
DA:109,6
DA:114,6
DA:115,1
DA:122,5
DA:124,1
DA:125,1
DA:127,1
DA:134,4
DA:136,2
DA:139,2
DA:140,1
DA:143,2
DA:145,2
DA:152,2
DA:153,2
DA:157,2
DA:159,2
DA:160,2
DA:161,2
DA:164,2
DA:167,2
DA:169,2
DA:170,2
DA:172,2
DA:185,2
DA:194,2
DA:197,0
DA:199,0
DA:201,0
DA:203,0
DA:205,0
DA:210,0
DA:211,0
DA:217,0
DA:222,0
DA:224,0
DA:232,0
DA:234,0
DA:242,0
DA:245,0
DA:248,0
DA:253,0
DA:263,0
DA:265,0
DA:267,0
DA:269,0
DA:276,0
DA:295,0
DA:308,0
DA:318,2
DA:320,0
DA:322,0
DA:324,0
DA:327,0
DA:332,0
DA:334,0
DA:335,0
DA:342,0
DA:347,0
DA:348,0
DA:355,0
DA:357,0
DA:359,0
DA:364,0
DA:366,0
DA:377,0
DA:386,2
DA:389,0
DA:391,0
DA:393,0
DA:395,0
DA:397,0
DA:399,0
DA:406,0
DA:413,0
LF:104
LH:57
BRDA:33,0,0,2
BRDA:33,0,1,1
BRDA:36,1,0,1
BRDA:36,1,1,1
BRDA:70,2,0,1
BRDA:70,2,1,1
BRDA:74,3,0,2
BRDA:74,3,1,0
BRDA:101,4,0,1
BRDA:101,4,1,6
BRDA:114,5,0,1
BRDA:114,5,1,5
BRDA:122,6,0,1
BRDA:122,6,1,4
BRDA:134,7,0,2
BRDA:134,7,1,2
BRDA:139,8,0,1
BRDA:139,8,1,1
BRDA:174,9,0,1
BRDA:174,9,1,1
BRDA:210,10,0,0
BRDA:210,10,1,0
BRDA:222,11,0,0
BRDA:222,11,1,0
BRDA:232,12,0,0
BRDA:232,12,1,0
BRDA:242,13,0,0
BRDA:242,13,1,0
BRDA:248,14,0,0
BRDA:248,14,1,0
BRDA:301,15,0,0
BRDA:301,15,1,0
BRDA:334,16,0,0
BRDA:334,16,1,0
BRDA:334,17,0,0
BRDA:334,17,1,0
BRDA:347,18,0,0
BRDA:347,18,1,0
BRDA:397,19,0,0
BRDA:397,19,1,0
BRF:40
BRH:19
end_of_record
TN:
SF:src\app\modules\auth\auth.interface.ts
FN:3,(anonymous_0)
FN:7,(anonymous_1)
FNF:2
FNH:2
FNDA:2,(anonymous_0)
FNDA:2,(anonymous_1)
DA:3,2
DA:4,2
DA:7,2
DA:8,2
DA:9,2
LF:5
LH:5
BRDA:3,0,0,2
BRDA:3,0,1,2
BRDA:7,1,0,2
BRDA:7,1,1,2
BRF:4
BRH:4
end_of_record
TN:
SF:src\app\modules\auth\auth.model.ts
FNF:0
FNH:0
DA:1,2
DA:2,2
DA:4,2
DA:75,2
LF:4
LH:4
BRF:0
BRH:0
end_of_record
TN:
SF:src\app\modules\auth\auth.routes.ts
FNF:0
FNH:0
DA:1,2
DA:3,2
DA:11,2
DA:13,2
DA:44,2
DA:77,2
DA:108,2
DA:135,2
DA:154,2
DA:156,2
LF:10
LH:10
BRF:0
BRH:0
end_of_record
TN:
SF:src\app\modules\auth\auth.validation.ts
FNF:0
FNH:0
DA:1,2
DA:7,2
DA:12,2
DA:17,2
DA:26,2
DA:34,2
DA:42,2
DA:49,2
DA:56,2
LF:9
LH:9
BRF:0
BRH:0
end_of_record
TN:
SF:src\app\modules\auth\otp\otp.model.ts
FNF:0
FNH:0
DA:1,2
DA:4,2
DA:49,2
LF:3
LH:3
BRF:0
BRH:0
end_of_record
TN:
SF:src\app\modules\onBoarding\onBoarding.controller.ts
FN:39,getOrCreateOnboarding
FN:94,(anonymous_10)
FN:94,(anonymous_11)
FN:111,(anonymous_12)
FN:114,(anonymous_13)
FN:132,(anonymous_14)
FNF:6
FNH:0
FNDA:0,getOrCreateOnboarding
FNDA:0,(anonymous_10)
FNDA:0,(anonymous_11)
FNDA:0,(anonymous_12)
FNDA:0,(anonymous_13)
FNDA:0,(anonymous_14)
DA:3,2
DA:4,2
DA:5,2
DA:6,2
DA:41,0
DA:43,0
DA:45,0
DA:52,0
DA:59,0
DA:66,0
DA:90,0
DA:94,2
DA:95,0
DA:96,0
DA:98,0
DA:103,0
DA:111,2
DA:114,0
DA:116,0
DA:118,0
DA:120,0
DA:125,0
DA:126,0
DA:129,0
DA:131,0
DA:132,0
DA:138,0
DA:150,0
DA:151,0
DA:157,0
DA:173,0
LF:31
LH:6
BRDA:43,0,0,0
BRDA:43,0,1,0
BRDA:106,1,0,0
BRDA:106,1,1,0
BRDA:125,2,0,0
BRDA:125,2,1,0
BRDA:150,3,0,0
BRDA:150,3,1,0
BRF:8
BRH:0
end_of_record
TN:
SF:src\app\modules\onBoarding\onBoarding.model.ts
FNF:0
FNH:0
DA:1,2
DA:6,2
DA:24,2
DA:29,2
LF:4
LH:4
BRF:0
BRH:0
end_of_record
TN:
SF:src\app\modules\onBoarding\onBoarding.routes.ts
FNF:0
FNH:0
DA:1,2
DA:2,2
DA:3,2
DA:5,2
DA:66,2
DA:189,2
DA:191,2
LF:7
LH:7
BRF:0
BRH:0
end_of_record
TN:
SF:src\app\modules\onBoarding\onBoarding.validation.ts
FNF:0
FNH:0
DA:1,2
DA:4,2
DA:12,2
LF:3
LH:3
BRF:0
BRH:0
end_of_record
TN:
SF:src\app\modules\package\package.controllers.ts
FN:5,(anonymous_8)
FN:8,(anonymous_9)
FN:39,(anonymous_10)
FN:42,(anonymous_11)
FN:62,(anonymous_12)
FN:65,(anonymous_13)
FN:89,(anonymous_14)
FN:92,(anonymous_15)
FN:128,(anonymous_16)
FN:131,(anonymous_17)
FNF:10
FNH:0
FNDA:0,(anonymous_8)
FNDA:0,(anonymous_9)
FNDA:0,(anonymous_10)
FNDA:0,(anonymous_11)
FNDA:0,(anonymous_12)
FNDA:0,(anonymous_13)
FNDA:0,(anonymous_14)
FNDA:0,(anonymous_15)
FNDA:0,(anonymous_16)
FNDA:0,(anonymous_17)
DA:2,2
DA:3,2
DA:5,2
DA:8,0
DA:9,0
DA:10,0
DA:12,0
DA:16,0
DA:17,0
DA:21,0
DA:24,0
DA:26,0
DA:32,0
DA:39,2
DA:42,0
DA:43,0
DA:44,0
DA:50,0
DA:55,0
DA:62,2
DA:65,0
DA:66,0
DA:67,0
DA:69,0
DA:70,0
DA:74,0
DA:77,0
DA:82,0
DA:89,2
DA:92,0
DA:93,0
DA:94,0
DA:96,0
DA:98,0
DA:99,0
DA:103,0
DA:106,0
DA:115,0
DA:121,0
DA:128,2
DA:131,0
DA:132,0
DA:133,0
DA:135,0
DA:136,0
DA:140,0
DA:143,0
DA:144,0
DA:146,0
DA:151,0
LF:50
LH:7
BRDA:16,0,0,0
BRDA:16,0,1,0
BRDA:69,1,0,0
BRDA:69,1,1,0
BRDA:98,2,0,0
BRDA:98,2,1,0
BRDA:135,3,0,0
BRDA:135,3,1,0
BRF:8
BRH:0
end_of_record
TN:
SF:src\app\modules\package\package.model.ts
FNF:0
FNH:0
DA:1,2
DA:4,2
DA:61,2
LF:3
LH:3
BRF:0
BRH:0
end_of_record
TN:
SF:src\app\modules\package\package.routes.ts
FNF:0
FNH:0
DA:1,2
DA:2,2
DA:9,2
DA:11,2
DA:85,2
DA:98,2
DA:118,2
DA:177,2
DA:201,2
DA:203,2
LF:10
LH:10
BRF:0
BRH:0
end_of_record
TN:
SF:src\app\modules\package\package.validation.ts
FNF:0
FNH:0
DA:1,2
DA:3,2
DA:32,2
LF:3
LH:3
BRF:0
BRH:0
end_of_record
TN:
SF:src\app\modules\profile-details\profile.controllers.ts
FN:10,(anonymous_7)
FN:10,(anonymous_8)
FN:55,(anonymous_9)
FN:59,(anonymous_10)
FN:60,(anonymous_11)
FN:65,(anonymous_12)
FN:69,(anonymous_13)
FN:72,(anonymous_14)
FN:72,(anonymous_15)
FN:107,(anonymous_16)
FN:152,(anonymous_17)
FN:385,(anonymous_18)
FN:385,(anonymous_19)
FN:420,(anonymous_20)
FN:423,(anonymous_21)
FN:434,(anonymous_22)
FN:449,(anonymous_23)
FN:541,(anonymous_24)
FN:541,(anonymous_25)
FN:554,(anonymous_26)
FN:598,(anonymous_27)
FN:602,(anonymous_28)
FN:786,(anonymous_29)
FN:789,(anonymous_30)
FN:830,(anonymous_31)
FN:830,(anonymous_32)
FN:876,(anonymous_33)
FN:879,(anonymous_34)
FN:926,(anonymous_35)
FN:937,(anonymous_36)
FN:1052,(anonymous_37)
FN:1053,(anonymous_38)
FNF:32
FNH:0
FNDA:0,(anonymous_7)
FNDA:0,(anonymous_8)
FNDA:0,(anonymous_9)
FNDA:0,(anonymous_10)
FNDA:0,(anonymous_11)
FNDA:0,(anonymous_12)
FNDA:0,(anonymous_13)
FNDA:0,(anonymous_14)
FNDA:0,(anonymous_15)
FNDA:0,(anonymous_16)
FNDA:0,(anonymous_17)
FNDA:0,(anonymous_18)
FNDA:0,(anonymous_19)
FNDA:0,(anonymous_20)
FNDA:0,(anonymous_21)
FNDA:0,(anonymous_22)
FNDA:0,(anonymous_23)
FNDA:0,(anonymous_24)
FNDA:0,(anonymous_25)
FNDA:0,(anonymous_26)
FNDA:0,(anonymous_27)
FNDA:0,(anonymous_28)
FNDA:0,(anonymous_29)
FNDA:0,(anonymous_30)
FNDA:0,(anonymous_31)
FNDA:0,(anonymous_32)
FNDA:0,(anonymous_33)
FNDA:0,(anonymous_34)
FNDA:0,(anonymous_35)
FNDA:0,(anonymous_36)
FNDA:0,(anonymous_37)
FNDA:0,(anonymous_38)
DA:2,2
DA:3,2
DA:4,2
DA:5,2
DA:6,2
DA:7,2
DA:8,2
DA:10,2
DA:12,0
DA:14,0
DA:18,0
DA:23,0
DA:24,0
DA:30,0
DA:35,0
DA:44,0
DA:55,2
DA:56,0
DA:57,0
DA:58,0
DA:59,0
DA:60,0
DA:63,0
DA:65,0
DA:69,2
DA:70,0
DA:72,2
DA:73,0
DA:75,0
DA:80,0
DA:81,0
DA:89,0
DA:97,0
DA:106,0
DA:107,0
DA:110,0
DA:116,0
DA:148,0
DA:150,0
DA:152,0
DA:153,0
DA:154,0
DA:155,0
DA:156,0
DA:160,0
DA:161,0
DA:162,0
DA:163,0
DA:164,0
DA:165,0
DA:166,0
DA:167,0
DA:168,0
DA:169,0
DA:170,0
DA:171,0
DA:172,0
DA:173,0
DA:174,0
DA:175,0
DA:176,0
DA:177,0
DA:178,0
DA:179,0
DA:180,0
DA:181,0
DA:182,0
DA:184,0
DA:185,0
DA:186,0
DA:189,0
DA:190,0
DA:191,0
DA:194,0
DA:195,0
DA:196,0
DA:197,0
DA:198,0
DA:201,0
DA:202,0
DA:207,0
DA:212,0
DA:213,0
DA:218,0
DA:219,0
DA:223,0
DA:224,0
DA:225,0
DA:227,0
DA:228,0
DA:232,0
DA:236,0
DA:246,0
DA:247,0
DA:250,0
DA:251,0
DA:254,0
DA:255,0
DA:258,0
DA:259,0
DA:264,0
DA:268,0
DA:273,0
DA:277,0
DA:282,0
DA:283,0
DA:286,0
DA:287,0
DA:290,0
DA:291,0
DA:296,0
DA:297,0
DA:302,0
DA:303,0
DA:307,0
DA:308,0
DA:313,0
DA:314,0
DA:319,0
DA:320,0
DA:325,0
DA:326,0
DA:331,0
DA:332,0
DA:337,0
DA:338,0
DA:345,0
DA:347,0
DA:353,0
DA:385,2
DA:387,0
DA:389,0
DA:391,0
DA:396,0
DA:397,0
DA:404,0
DA:413,0
DA:420,2
DA:423,0
DA:425,0
DA:427,0
DA:431,0
DA:433,0
DA:436,0
DA:438,0
DA:439,0
DA:445,0
DA:446,0
DA:448,0
DA:449,0
DA:453,0
DA:467,0
DA:468,0
DA:474,0
DA:482,0
DA:541,2
DA:543,0
DA:545,0
DA:547,0
DA:548,0
DA:554,0
DA:556,0
DA:573,0
DA:574,0
DA:580,0
DA:588,0
DA:598,2
DA:599,0
DA:601,0
DA:602,0
DA:603,0
DA:606,0
DA:786,2
DA:789,0
DA:791,0
DA:793,0
DA:795,0
DA:800,0
DA:801,0
DA:807,0
DA:814,0
DA:815,0
DA:821,0
DA:830,2
DA:832,0
DA:834,0
DA:851,0
DA:852,0
DA:859,0
DA:868,0
DA:876,2
DA:879,0
DA:881,0
DA:884,0
DA:889,0
DA:890,0
DA:897,0
DA:902,0
DA:907,0
DA:912,0
DA:917,0
DA:925,0
DA:926,0
DA:930,0
DA:937,0
DA:939,0
DA:942,0
DA:946,0
DA:950,0
DA:954,0
DA:958,0
DA:962,0
DA:966,0
DA:970,0
DA:974,0
DA:978,0
DA:982,0
DA:986,0
DA:990,0
DA:994,0
DA:998,0
DA:1002,0
DA:1006,0
DA:1010,0
DA:1014,0
DA:1018,0
DA:1022,0
DA:1026,0
DA:1030,0
DA:1035,0
DA:1036,0
DA:1037,0
DA:1038,0
DA:1042,0
DA:1044,0
DA:1051,0
DA:1052,0
DA:1053,0
DA:1056,0
DA:1064,0
LF:240
LH:18
BRDA:23,0,0,0
BRDA:23,0,1,0
BRDA:56,1,0,0
BRDA:56,1,1,0
BRDA:56,2,0,0
BRDA:56,2,1,0
BRDA:56,2,2,0
BRDA:57,3,0,0
BRDA:57,3,1,0
BRDA:70,4,0,0
BRDA:70,4,1,0
BRDA:70,4,2,0
BRDA:80,5,0,0
BRDA:80,5,1,0
BRDA:154,6,0,0
BRDA:154,6,1,0
BRDA:184,7,0,0
BRDA:184,7,1,0
BRDA:189,8,0,0
BRDA:189,8,1,0
BRDA:194,9,0,0
BRDA:194,9,1,0
BRDA:194,10,0,0
BRDA:194,10,1,0
BRDA:196,11,0,0
BRDA:196,11,1,0
BRDA:197,12,0,0
BRDA:197,12,1,0
BRDA:201,13,0,0
BRDA:201,13,1,0
BRDA:201,14,0,0
BRDA:201,14,1,0
BRDA:203,15,0,0
BRDA:203,15,1,0
BRDA:204,16,0,0
BRDA:204,16,1,0
BRDA:205,17,0,0
BRDA:205,17,1,0
BRDA:212,18,0,0
BRDA:212,18,1,0
BRDA:218,19,0,0
BRDA:218,19,1,0
BRDA:219,20,0,0
BRDA:219,20,1,0
BRDA:220,21,0,0
BRDA:220,21,1,0
BRDA:220,22,0,0
BRDA:220,22,1,0
BRDA:220,23,0,0
BRDA:220,23,1,0
BRDA:220,24,0,0
BRDA:220,24,1,0
BRDA:220,25,0,0
BRDA:220,25,1,0
BRDA:221,26,0,0
BRDA:221,26,1,0
BRDA:221,27,0,0
BRDA:221,27,1,0
BRDA:221,28,0,0
BRDA:221,28,1,0
BRDA:221,29,0,0
BRDA:221,29,1,0
BRDA:224,30,0,0
BRDA:224,30,1,0
BRDA:227,31,0,0
BRDA:227,31,1,0
BRDA:232,32,0,0
BRDA:232,32,1,0
BRDA:233,33,0,0
BRDA:233,33,1,0
BRDA:233,34,0,0
BRDA:233,34,1,0
BRDA:233,35,0,0
BRDA:233,35,1,0
BRDA:233,36,0,0
BRDA:233,36,1,0
BRDA:233,37,0,0
BRDA:233,37,1,0
BRDA:234,38,0,0
BRDA:234,38,1,0
BRDA:234,39,0,0
BRDA:234,39,1,0
BRDA:234,40,0,0
BRDA:234,40,1,0
BRDA:234,41,0,0
BRDA:234,41,1,0
BRDA:237,42,0,0
BRDA:237,42,1,0
BRDA:240,43,0,0
BRDA:240,43,1,0
BRDA:246,44,0,0
BRDA:246,44,1,0
BRDA:246,45,0,0
BRDA:246,45,1,0
BRDA:246,46,0,0
BRDA:246,46,1,0
BRDA:250,47,0,0
BRDA:250,47,1,0
BRDA:250,48,0,0
BRDA:250,48,1,0
BRDA:250,49,0,0
BRDA:250,49,1,0
BRDA:254,50,0,0
BRDA:254,50,1,0
BRDA:254,51,0,0
BRDA:254,51,1,0
BRDA:254,52,0,0
BRDA:254,52,1,0
BRDA:258,53,0,0
BRDA:258,53,1,0
BRDA:258,54,0,0
BRDA:258,54,1,0
BRDA:258,55,0,0
BRDA:258,55,1,0
BRDA:258,56,0,0
BRDA:258,56,1,0
BRDA:258,57,0,0
BRDA:258,57,1,0
BRDA:264,58,0,0
BRDA:264,58,1,0
BRDA:265,59,0,0
BRDA:265,59,1,0
BRDA:265,60,0,0
BRDA:265,60,1,0
BRDA:265,61,0,0
BRDA:265,61,1,0
BRDA:266,62,0,0
BRDA:266,62,1,0
BRDA:266,63,0,0
BRDA:266,63,1,0
BRDA:266,64,0,0
BRDA:266,64,1,0
BRDA:266,65,0,0
BRDA:266,65,1,0
BRDA:273,66,0,0
BRDA:273,66,1,0
BRDA:274,67,0,0
BRDA:274,67,1,0
BRDA:274,68,0,0
BRDA:274,68,1,0
BRDA:274,69,0,0
BRDA:274,69,1,0
BRDA:274,70,0,0
BRDA:274,70,1,0
BRDA:274,71,0,0
BRDA:274,71,1,0
BRDA:275,72,0,0
BRDA:275,72,1,0
BRDA:275,73,0,0
BRDA:275,73,1,0
BRDA:275,74,0,0
BRDA:275,74,1,0
BRDA:275,75,0,0
BRDA:275,75,1,0
BRDA:275,76,0,0
BRDA:275,76,1,0
BRDA:275,77,0,0
BRDA:275,77,1,0
BRDA:282,78,0,0
BRDA:282,78,1,0
BRDA:282,79,0,0
BRDA:282,79,1,0
BRDA:282,80,0,0
BRDA:282,80,1,0
BRDA:286,81,0,0
BRDA:286,81,1,0
BRDA:286,82,0,0
BRDA:286,82,1,0
BRDA:286,83,0,0
BRDA:286,83,1,0
BRDA:286,84,0,0
BRDA:286,84,1,0
BRDA:286,85,0,0
BRDA:286,85,1,0
BRDA:290,86,0,0
BRDA:290,86,1,0
BRDA:290,87,0,0
BRDA:290,87,1,0
BRDA:290,88,0,0
BRDA:290,88,1,0
BRDA:290,89,0,0
BRDA:290,89,1,0
BRDA:290,90,0,0
BRDA:290,90,1,0
BRDA:290,91,0,0
BRDA:290,91,1,0
BRDA:290,92,0,0
BRDA:290,92,1,0
BRDA:296,93,0,0
BRDA:296,93,1,0
BRDA:296,94,0,0
BRDA:296,94,1,0
BRDA:296,95,0,0
BRDA:296,95,1,0
BRDA:296,96,0,0
BRDA:296,96,1,0
BRDA:296,97,0,0
BRDA:296,97,1,0
BRDA:296,98,0,0
BRDA:296,98,1,0
BRDA:296,99,0,0
BRDA:296,99,1,0
BRDA:302,100,0,0
BRDA:302,100,1,0
BRDA:302,101,0,0
BRDA:302,101,1,0
BRDA:302,102,0,0
BRDA:302,102,1,0
BRDA:302,103,0,0
BRDA:302,103,1,0
BRDA:302,104,0,0
BRDA:302,104,1,0
BRDA:307,105,0,0
BRDA:307,105,1,0
BRDA:307,106,0,0
BRDA:307,106,1,0
BRDA:307,107,0,0
BRDA:307,107,1,0
BRDA:307,108,0,0
BRDA:307,108,1,0
BRDA:307,109,0,0
BRDA:307,109,1,0
BRDA:313,110,0,0
BRDA:313,110,1,0
BRDA:313,111,0,0
BRDA:313,111,1,0
BRDA:313,112,0,0
BRDA:313,112,1,0
BRDA:313,113,0,0
BRDA:313,113,1,0
BRDA:313,114,0,0
BRDA:313,114,1,0
BRDA:319,115,0,0
BRDA:319,115,1,0
BRDA:319,116,0,0
BRDA:319,116,1,0
BRDA:319,117,0,0
BRDA:319,117,1,0
BRDA:319,118,0,0
BRDA:319,118,1,0
BRDA:319,119,0,0
BRDA:319,119,1,0
BRDA:325,120,0,0
BRDA:325,120,1,0
BRDA:325,121,0,0
BRDA:325,121,1,0
BRDA:325,122,0,0
BRDA:325,122,1,0
BRDA:325,123,0,0
BRDA:325,123,1,0
BRDA:325,124,0,0
BRDA:325,124,1,0
BRDA:331,125,0,0
BRDA:331,125,1,0
BRDA:331,126,0,0
BRDA:331,126,1,0
BRDA:331,127,0,0
BRDA:331,127,1,0
BRDA:331,128,0,0
BRDA:331,128,1,0
BRDA:331,129,0,0
BRDA:331,129,1,0
BRDA:337,130,0,0
BRDA:337,130,1,0
BRDA:337,131,0,0
BRDA:337,131,1,0
BRDA:337,132,0,0
BRDA:337,132,1,0
BRDA:337,133,0,0
BRDA:337,133,1,0
BRDA:337,134,0,0
BRDA:337,134,1,0
BRDA:396,135,0,0
BRDA:396,135,1,0
BRDA:438,136,0,0
BRDA:438,136,1,0
BRDA:438,137,0,0
BRDA:438,137,1,0
BRDA:445,138,0,0
BRDA:445,138,1,0
BRDA:448,139,0,0
BRDA:448,139,1,0
BRDA:467,140,0,0
BRDA:467,140,1,0
BRDA:547,141,0,0
BRDA:547,141,1,0
BRDA:547,142,0,0
BRDA:547,142,1,0
BRDA:573,143,0,0
BRDA:573,143,1,0
BRDA:800,144,0,0
BRDA:800,144,1,0
BRDA:814,145,0,0
BRDA:814,145,1,0
BRDA:851,146,0,0
BRDA:851,146,1,0
BRDA:889,147,0,0
BRDA:889,147,1,0
BRDA:942,148,0,0
BRDA:942,148,1,0
BRDA:943,149,0,0
BRDA:943,149,1,0
BRDA:943,150,0,0
BRDA:943,150,1,0
BRDA:944,151,0,0
BRDA:944,151,1,0
BRDA:944,152,0,0
BRDA:944,152,1,0
BRDA:950,153,0,0
BRDA:950,153,1,0
BRDA:951,154,0,0
BRDA:951,154,1,0
BRDA:951,155,0,0
BRDA:951,155,1,0
BRDA:952,156,0,0
BRDA:952,156,1,0
BRDA:952,157,0,0
BRDA:952,157,1,0
BRDA:958,158,0,0
BRDA:958,158,1,0
BRDA:959,159,0,0
BRDA:959,159,1,0
BRDA:959,160,0,0
BRDA:959,160,1,0
BRDA:960,161,0,0
BRDA:960,161,1,0
BRDA:960,162,0,0
BRDA:960,162,1,0
BRDA:966,163,0,0
BRDA:966,163,1,0
BRDA:967,164,0,0
BRDA:967,164,1,0
BRDA:967,165,0,0
BRDA:967,165,1,0
BRDA:968,166,0,0
BRDA:968,166,1,0
BRDA:968,167,0,0
BRDA:968,167,1,0
BRDA:974,168,0,0
BRDA:974,168,1,0
BRDA:975,169,0,0
BRDA:975,169,1,0
BRDA:975,170,0,0
BRDA:975,170,1,0
BRDA:976,171,0,0
BRDA:976,171,1,0
BRDA:976,172,0,0
BRDA:976,172,1,0
BRDA:982,173,0,0
BRDA:982,173,1,0
BRDA:983,174,0,0
BRDA:983,174,1,0
BRDA:983,175,0,0
BRDA:983,175,1,0
BRDA:984,176,0,0
BRDA:984,176,1,0
BRDA:984,177,0,0
BRDA:984,177,1,0
BRDA:990,178,0,0
BRDA:990,178,1,0
BRDA:991,179,0,0
BRDA:991,179,1,0
BRDA:991,180,0,0
BRDA:991,180,1,0
BRDA:992,181,0,0
BRDA:992,181,1,0
BRDA:992,182,0,0
BRDA:992,182,1,0
BRDA:998,183,0,0
BRDA:998,183,1,0
BRDA:999,184,0,0
BRDA:999,184,1,0
BRDA:999,185,0,0
BRDA:999,185,1,0
BRDA:1000,186,0,0
BRDA:1000,186,1,0
BRDA:1000,187,0,0
BRDA:1000,187,1,0
BRDA:1006,188,0,0
BRDA:1006,188,1,0
BRDA:1007,189,0,0
BRDA:1007,189,1,0
BRDA:1007,190,0,0
BRDA:1007,190,1,0
BRDA:1008,191,0,0
BRDA:1008,191,1,0
BRDA:1008,192,0,0
BRDA:1008,192,1,0
BRDA:1014,193,0,0
BRDA:1014,193,1,0
BRDA:1015,194,0,0
BRDA:1015,194,1,0
BRDA:1015,195,0,0
BRDA:1015,195,1,0
BRDA:1016,196,0,0
BRDA:1016,196,1,0
BRDA:1016,197,0,0
BRDA:1016,197,1,0
BRDA:1022,198,0,0
BRDA:1022,198,1,0
BRDA:1023,199,0,0
BRDA:1023,199,1,0
BRDA:1023,200,0,0
BRDA:1023,200,1,0
BRDA:1023,201,0,0
BRDA:1023,201,1,0
BRDA:1023,202,0,0
BRDA:1023,202,1,0
BRDA:1024,203,0,0
BRDA:1024,203,1,0
BRDA:1024,204,0,0
BRDA:1024,204,1,0
BRDA:1024,205,0,0
BRDA:1024,205,1,0
BRDA:1024,206,0,0
BRDA:1024,206,1,0
BRDA:1035,207,0,0
BRDA:1035,207,1,0
BRDA:1037,208,0,0
BRDA:1037,208,1,0
BRF:420
BRH:0
end_of_record
TN:
SF:src\app\modules\profile-details\profile.model.ts
FNF:0
FNH:0
DA:1,2
DA:4,2
DA:648,2
LF:3
LH:3
BRF:0
BRH:0
end_of_record
TN:
SF:src\app\modules\profile-details\profile.routes.ts
FNF:0
FNH:0
DA:1,2
DA:2,2
DA:13,2
DA:14,2
DA:16,2
DA:372,2
DA:402,2
DA:418,2
DA:608,2
DA:662,2
DA:702,2
DA:1068,2
DA:1084,2
DA:1086,2
LF:14
LH:14
BRF:0
BRH:0
end_of_record
TN:
SF:src\app\modules\profile-details\profile.validation.ts
FN:4,(anonymous_0)
FN:6,(anonymous_1)
FN:11,(anonymous_2)
FN:13,(anonymous_3)
FNF:4
FNH:2
FNDA:36,(anonymous_0)
FNDA:0,(anonymous_1)
FNDA:4,(anonymous_2)
FNDA:0,(anonymous_3)
DA:1,2
DA:4,2
DA:5,36
DA:6,0
DA:11,2
DA:12,4
DA:13,0
DA:21,2
DA:53,2
DA:69,2
DA:87,2
DA:101,2
DA:153,2
DA:192,2
DA:213,2
DA:225,2
DA:239,2
DA:278,2
DA:294,2
DA:346,2
DA:392,2
DA:428,2
LF:22
LH:20
BRDA:6,0,0,0
BRDA:6,0,1,0
BRDA:13,1,0,0
BRDA:13,1,1,0
BRF:4
BRH:0
end_of_record
TN:
SF:src\app\modules\profile-details\block\block.controllers.ts
FN:9,(anonymous_7)
FN:12,(anonymous_8)
FN:80,(anonymous_9)
FN:83,(anonymous_10)
FN:115,(anonymous_11)
FN:118,(anonymous_12)
FN:167,(anonymous_13)
FN:170,(anonymous_14)
FNF:8
FNH:0
FNDA:0,(anonymous_7)
FNDA:0,(anonymous_8)
FNDA:0,(anonymous_9)
FNDA:0,(anonymous_10)
FNDA:0,(anonymous_11)
FNDA:0,(anonymous_12)
FNDA:0,(anonymous_13)
FNDA:0,(anonymous_14)
DA:2,2
DA:3,2
DA:4,2
DA:9,2
DA:12,0
DA:13,0
DA:14,0
DA:16,0
DA:20,0
DA:21,0
DA:27,0
DA:28,0
DA:34,0
DA:36,0
DA:37,0
DA:43,0
DA:48,0
DA:49,0
DA:55,0
DA:60,0
DA:66,0
DA:67,0
DA:73,0
DA:80,2
DA:83,0
DA:84,0
DA:85,0
DA:89,0
DA:90,0
DA:96,0
DA:103,0
DA:108,0
DA:115,2
DA:118,0
DA:119,0
DA:120,0
DA:122,0
DA:126,0
DA:127,0
DA:133,0
DA:141,0
DA:142,0
DA:148,0
DA:153,0
DA:154,0
DA:160,0
DA:167,2
DA:170,0
DA:171,0
DA:172,0
DA:174,0
DA:178,0
DA:179,0
DA:185,0
DA:190,0
DA:191,0
DA:197,0
DA:202,0
DA:203,0
DA:209,0
LF:60
LH:7
BRDA:20,0,0,0
BRDA:20,0,1,0
BRDA:27,1,0,0
BRDA:27,1,1,0
BRDA:36,2,0,0
BRDA:36,2,1,0
BRDA:48,3,0,0
BRDA:48,3,1,0
BRDA:66,4,0,0
BRDA:66,4,1,0
BRDA:89,5,0,0
BRDA:89,5,1,0
BRDA:126,6,0,0
BRDA:126,6,1,0
BRDA:141,7,0,0
BRDA:141,7,1,0
BRDA:153,8,0,0
BRDA:153,8,1,0
BRDA:178,9,0,0
BRDA:178,9,1,0
BRDA:190,10,0,0
BRDA:190,10,1,0
BRDA:202,11,0,0
BRDA:202,11,1,0
BRF:24
BRH:0
end_of_record
TN:
SF:src\app\modules\profile-details\block\block.model.ts
FNF:0
FNH:0
DA:1,2
DA:4,2
DA:23,2
DA:28,2
LF:4
LH:4
BRF:0
BRH:0
end_of_record
TN:
SF:src\app\modules\profile-details\block\block.routes.ts
FNF:0
FNH:0
DA:1,2
DA:2,2
DA:3,2
DA:10,2
DA:51,2
DA:69,2
DA:96,2
DA:123,2
DA:125,2
LF:9
LH:9
BRF:0
BRH:0
end_of_record
TN:
SF:src\app\modules\profile-details\block\block.validation.ts
FNF:0
FNH:0
DA:1,2
DA:3,2
DA:7,2
LF:3
LH:3
BRF:0
BRH:0
end_of_record
TN:
SF:src\app\modules\profile-details\ignore\ignore.controllers.ts
FN:11,(anonymous_8)
FN:11,(anonymous_9)
FN:92,(anonymous_10)
FN:92,(anonymous_11)
FN:124,(anonymous_12)
FN:124,(anonymous_13)
FN:173,(anonymous_14)
FN:173,(anonymous_15)
FNF:8
FNH:0
FNDA:0,(anonymous_8)
FNDA:0,(anonymous_9)
FNDA:0,(anonymous_10)
FNDA:0,(anonymous_11)
FNDA:0,(anonymous_12)
FNDA:0,(anonymous_13)
FNDA:0,(anonymous_14)
FNDA:0,(anonymous_15)
DA:2,2
DA:3,2
DA:4,2
DA:5,2
DA:6,2
DA:11,2
DA:12,0
DA:13,0
DA:15,0
DA:19,0
DA:20,0
DA:26,0
DA:27,0
DA:33,0
DA:37,0
DA:38,0
DA:44,0
DA:49,0
DA:50,0
DA:56,0
DA:62,0
DA:67,0
DA:72,0
DA:78,0
DA:79,0
DA:85,0
DA:92,2
DA:93,0
DA:94,0
DA:98,0
DA:99,0
DA:105,0
DA:112,0
DA:117,0
DA:124,2
DA:125,0
DA:126,0
DA:128,0
DA:132,0
DA:133,0
DA:139,0
DA:147,0
DA:148,0
DA:154,0
DA:159,0
DA:160,0
DA:166,0
DA:173,2
DA:174,0
DA:175,0
DA:177,0
DA:181,0
DA:182,0
DA:188,0
DA:193,0
DA:194,0
DA:200,0
DA:205,0
DA:206,0
DA:212,0
LF:60
LH:9
BRDA:19,0,0,0
BRDA:19,0,1,0
BRDA:26,1,0,0
BRDA:26,1,1,0
BRDA:37,2,0,0
BRDA:37,2,1,0
BRDA:49,3,0,0
BRDA:49,3,1,0
BRDA:78,4,0,0
BRDA:78,4,1,0
BRDA:98,5,0,0
BRDA:98,5,1,0
BRDA:132,6,0,0
BRDA:132,6,1,0
BRDA:147,7,0,0
BRDA:147,7,1,0
BRDA:159,8,0,0
BRDA:159,8,1,0
BRDA:181,9,0,0
BRDA:181,9,1,0
BRDA:193,10,0,0
BRDA:193,10,1,0
BRDA:205,11,0,0
BRDA:205,11,1,0
BRF:24
BRH:0
end_of_record
TN:
SF:src\app\modules\profile-details\ignore\ignore.model.ts
FNF:0
FNH:0
DA:1,2
DA:4,2
DA:22,2
DA:27,2
LF:4
LH:4
BRF:0
BRH:0
end_of_record
TN:
SF:src\app\modules\profile-details\ignore\ignore.routes.ts
FNF:0
FNH:0
DA:1,2
DA:2,2
DA:3,2
DA:10,2
DA:51,2
DA:69,2
DA:96,2
DA:123,2
DA:125,2
LF:9
LH:9
BRF:0
BRH:0
end_of_record
TN:
SF:src\app\modules\profile-details\ignore\ignore.validation.ts
FNF:0
FNH:0
DA:1,2
DA:3,2
DA:7,2
LF:3
LH:3
BRF:0
BRH:0
end_of_record
TN:
SF:src\app\modules\profile-details\interest\interest.controllers.ts
FN:10,(anonymous_8)
FN:13,(anonymous_9)
FN:93,(anonymous_10)
FN:96,(anonymous_11)
FN:133,(anonymous_12)
FN:136,(anonymous_13)
FN:185,(anonymous_14)
FN:188,(anonymous_15)
FN:249,(anonymous_16)
FN:252,(anonymous_17)
FN:309,(anonymous_18)
FN:312,(anonymous_19)
FNF:12
FNH:0
FNDA:0,(anonymous_8)
FNDA:0,(anonymous_9)
FNDA:0,(anonymous_10)
FNDA:0,(anonymous_11)
FNDA:0,(anonymous_12)
FNDA:0,(anonymous_13)
FNDA:0,(anonymous_14)
FNDA:0,(anonymous_15)
FNDA:0,(anonymous_16)
FNDA:0,(anonymous_17)
FNDA:0,(anonymous_18)
FNDA:0,(anonymous_19)
DA:2,2
DA:3,2
DA:4,2
DA:5,2
DA:6,2
DA:10,2
DA:13,0
DA:14,0
DA:16,0
DA:21,0
DA:26,0
DA:27,0
DA:34,0
DA:35,0
DA:42,0
DA:48,0
DA:49,0
DA:56,0
DA:62,0
DA:67,0
DA:73,0
DA:77,0
DA:85,0
DA:93,2
DA:96,0
DA:97,0
DA:99,0
DA:104,0
DA:105,0
DA:111,0
DA:117,0
DA:125,0
DA:133,2
DA:136,0
DA:138,0
DA:140,0
DA:145,0
DA:146,0
DA:152,0
DA:159,0
DA:173,0
DA:185,2
DA:188,0
DA:190,0
DA:193,0
DA:198,0
DA:199,0
DA:206,0
DA:225,0
DA:226,0
DA:232,0
DA:240,0
DA:249,2
DA:252,0
DA:254,0
DA:256,0
DA:261,0
DA:262,0
DA:268,0
DA:285,0
DA:286,0
DA:292,0
DA:300,0
DA:309,2
DA:312,0
DA:314,0
DA:316,0
DA:321,0
DA:322,0
DA:328,0
DA:345,0
DA:346,0
DA:352,0
DA:360,0
LF:74
LH:11
BRDA:26,0,0,0
BRDA:26,0,1,0
BRDA:34,1,0,0
BRDA:34,1,1,0
BRDA:48,2,0,0
BRDA:48,2,1,0
BRDA:104,3,0,0
BRDA:104,3,1,0
BRDA:145,4,0,0
BRDA:145,4,1,0
BRDA:198,5,0,0
BRDA:198,5,1,0
BRDA:225,6,0,0
BRDA:225,6,1,0
BRDA:261,7,0,0
BRDA:261,7,1,0
BRDA:285,8,0,0
BRDA:285,8,1,0
BRDA:321,9,0,0
BRDA:321,9,1,0
BRDA:345,10,0,0
BRDA:345,10,1,0
BRF:22
BRH:0
end_of_record
TN:
SF:src\app\modules\profile-details\interest\interest.model.ts
FNF:0
FNH:0
DA:1,2
DA:4,2
DA:42,2
DA:52,2
LF:4
LH:4
BRF:0
BRH:0
end_of_record
TN:
SF:src\app\modules\profile-details\interest\interest.routes.ts
FNF:0
FNH:0
DA:1,2
DA:2,2
DA:11,2
DA:13,2
DA:49,2
DA:62,2
DA:75,2
DA:97,2
DA:119,2
DA:141,2
DA:143,2
LF:11
LH:11
BRF:0
BRH:0
end_of_record
TN:
SF:src\app\modules\profile-details\interest\interest.validation.ts
FNF:0
FNH:0
DA:1,2
DA:3,2
DA:13,2
LF:3
LH:3
BRF:0
BRH:0
end_of_record
TN:
SF:src\app\modules\profile-details\partner-preference\partnerPreference.controller.ts
FN:7,(anonymous_7)
FN:26,(anonymous_8)
FN:56,(anonymous_9)
FN:59,(anonymous_10)
FN:134,(anonymous_11)
FN:137,(anonymous_12)
FNF:6
FNH:0
FNDA:0,(anonymous_7)
FNDA:0,(anonymous_8)
FNDA:0,(anonymous_9)
FNDA:0,(anonymous_10)
FNDA:0,(anonymous_11)
FNDA:0,(anonymous_12)
DA:2,2
DA:3,2
DA:4,2
DA:7,2
DA:8,0
DA:26,2
DA:30,0
DA:32,0
DA:33,0
DA:34,0
DA:36,0
DA:37,0
DA:41,0
DA:46,0
DA:47,0
DA:49,0
DA:53,0
DA:56,2
DA:59,0
DA:60,0
DA:63,0
DA:66,0
DA:71,0
DA:72,0
DA:76,0
DA:82,0
DA:83,0
DA:89,0
DA:105,0
DA:109,0
DA:116,0
DA:118,0
DA:119,0
DA:124,0
DA:127,0
DA:134,2
DA:137,0
DA:138,0
DA:141,0
DA:146,0
DA:147,0
DA:152,0
DA:156,0
DA:176,0
DA:177,0
DA:182,0
DA:185,0
DA:193,0
DA:195,0
LF:49
LH:7
BRDA:28,0,0,0
BRDA:34,1,0,0
BRDA:34,1,1,0
BRDA:36,2,0,0
BRDA:36,2,1,0
BRDA:41,3,0,0
BRDA:41,3,1,0
BRDA:41,3,2,0
BRDA:41,3,3,0
BRDA:46,4,0,0
BRDA:46,4,1,0
BRDA:71,5,0,0
BRDA:71,5,1,0
BRDA:118,6,0,0
BRDA:118,6,1,0
BRDA:146,7,0,0
BRDA:146,7,1,0
BRDA:176,8,0,0
BRDA:176,8,1,0
BRF:19
BRH:0
end_of_record
TN:
SF:src\app\modules\profile-details\partner-preference\partnerPreference.model.ts
FNF:0
FNH:0
DA:1,2
DA:4,2
DA:241,2
LF:3
LH:3
BRF:0
BRH:0
end_of_record
TN:
SF:src\app\modules\profile-details\partner-preference\partnerPreference.routes.ts
FNF:0
FNH:0
DA:1,2
DA:2,2
DA:6,2
DA:8,2
DA:243,2
DA:306,2
DA:312,2
LF:7
LH:7
BRF:0
BRH:0
end_of_record
TN:
SF:src\app\modules\profile-details\partner-preference\partnerPreference.validation.ts
FN:8,(anonymous_0)
FN:9,(anonymous_1)
FN:12,(anonymous_2)
FN:14,(anonymous_3)
FN:21,(anonymous_4)
FN:23,(anonymous_5)
FN:29,(anonymous_6)
FN:31,(anonymous_7)
FN:34,(anonymous_8)
FN:42,(anonymous_9)
FN:44,(anonymous_10)
FN:50,(anonymous_11)
FN:52,(anonymous_12)
FN:55,(anonymous_13)
FN:107,(anonymous_14)
FNF:15
FNH:5
FNDA:42,(anonymous_0)
FNDA:0,(anonymous_1)
FNDA:0,(anonymous_2)
FNDA:0,(anonymous_3)
FNDA:10,(anonymous_4)
FNDA:0,(anonymous_5)
FNDA:12,(anonymous_6)
FNDA:0,(anonymous_7)
FNDA:0,(anonymous_8)
FNDA:6,(anonymous_9)
FNDA:0,(anonymous_10)
FNDA:8,(anonymous_11)
FNDA:0,(anonymous_12)
FNDA:0,(anonymous_13)
FNDA:0,(anonymous_14)
DA:1,2
DA:3,2
DA:8,2
DA:9,42
DA:12,2
DA:13,0
DA:14,0
DA:21,2
DA:22,10
DA:23,0
DA:29,2
DA:30,12
DA:32,0
DA:33,0
DA:34,0
DA:36,0
DA:42,2
DA:43,6
DA:44,0
DA:50,2
DA:51,8
DA:53,0
DA:54,0
DA:55,0
DA:57,0
DA:62,2
DA:107,0
LF:27
LH:14
BRDA:9,0,0,0
BRDA:9,0,1,0
BRDA:14,1,0,0
BRDA:14,1,1,0
BRDA:14,2,0,0
BRDA:14,2,1,0
BRDA:23,3,0,0
BRDA:23,3,1,0
BRDA:23,4,0,0
BRDA:23,4,1,0
BRDA:32,5,0,0
BRDA:32,5,1,0
BRDA:32,6,0,0
BRDA:32,6,1,0
BRDA:33,7,0,0
BRDA:33,7,1,0
BRDA:34,8,0,0
BRDA:34,8,1,0
BRDA:34,8,2,0
BRDA:44,9,0,0
BRDA:44,9,1,0
BRDA:44,10,0,0
BRDA:44,10,1,0
BRDA:53,11,0,0
BRDA:53,11,1,0
BRDA:53,12,0,0
BRDA:53,12,1,0
BRDA:54,13,0,0
BRDA:54,13,1,0
BRDA:55,14,0,0
BRDA:55,14,1,0
BRDA:55,14,2,0
BRDA:107,15,0,0
BRDA:107,15,1,0
BRF:34
BRH:0
end_of_record
TN:
SF:src\app\modules\profile-details\profile-visits\profileVisits.controllers.ts
FN:6,(anonymous_8)
FN:6,(anonymous_9)
FN:87,(anonymous_10)
FN:87,(anonymous_11)
FN:123,(anonymous_12)
FN:123,(anonymous_13)
FN:158,(anonymous_14)
FN:158,(anonymous_15)
FNF:8
FNH:0
FNDA:0,(anonymous_8)
FNDA:0,(anonymous_9)
FNDA:0,(anonymous_10)
FNDA:0,(anonymous_11)
FNDA:0,(anonymous_12)
FNDA:0,(anonymous_13)
FNDA:0,(anonymous_14)
FNDA:0,(anonymous_15)
DA:2,2
DA:3,2
DA:4,2
DA:6,2
DA:8,0
DA:9,0
DA:11,0
DA:15,0
DA:16,0
DA:20,0
DA:23,0
DA:27,0
DA:31,0
DA:34,0
DA:38,0
DA:39,0
DA:43,0
DA:47,0
DA:52,0
DA:55,0
DA:60,0
DA:62,0
DA:69,0
DA:74,0
DA:80,0
DA:87,2
DA:89,0
DA:90,0
DA:94,0
DA:95,0
DA:99,0
DA:102,0
DA:111,0
DA:116,0
DA:123,2
DA:124,0
DA:125,0
DA:129,0
DA:130,0
DA:134,0
DA:137,0
DA:146,0
DA:151,0
DA:158,2
DA:159,0
DA:160,0
DA:164,0
DA:165,0
DA:169,0
DA:172,0
DA:177,0
DA:178,0
DA:182,0
DA:185,0
DA:190,0
LF:55
LH:7
BRDA:15,0,0,0
BRDA:15,0,1,0
BRDA:23,1,0,0
BRDA:23,1,1,0
BRDA:38,2,0,0
BRDA:38,2,1,0
BRDA:52,3,0,0
BRDA:52,3,1,0
BRDA:94,4,0,0
BRDA:94,4,1,0
BRDA:129,5,0,0
BRDA:129,5,1,0
BRDA:164,6,0,0
BRDA:164,6,1,0
BRDA:177,7,0,0
BRDA:177,7,1,0
BRF:16
BRH:0
end_of_record
TN:
SF:src\app\modules\profile-details\profile-visits\profileVisits.model.ts
FNF:0
FNH:0
DA:1,2
DA:4,2
DA:22,2
DA:27,2
LF:4
LH:4
BRF:0
BRH:0
end_of_record
TN:
SF:src\app\modules\profile-details\profile-visits\profileVisits.routes.ts
FNF:0
FNH:0
DA:1,2
DA:2,2
DA:8,2
DA:10,2
DA:52,2
DA:87,2
DA:122,2
DA:153,2
LF:8
LH:8
BRF:0
BRH:0
end_of_record
TN:
SF:src\app\modules\profile-details\profile-visits\profileVisits.validation.ts
FNF:0
FNH:0
DA:1,2
DA:3,2
LF:2
LH:2
BRF:0
BRH:0
end_of_record
TN:
SF:src\app\modules\profile-details\shortlist\shortlist.controller.ts
FN:9,(anonymous_7)
FN:9,(anonymous_8)
FN:88,(anonymous_9)
FN:91,(anonymous_10)
FN:123,(anonymous_11)
FN:126,(anonymous_12)
FN:177,(anonymous_13)
FN:180,(anonymous_14)
FNF:8
FNH:0
FNDA:0,(anonymous_7)
FNDA:0,(anonymous_8)
FNDA:0,(anonymous_9)
FNDA:0,(anonymous_10)
FNDA:0,(anonymous_11)
FNDA:0,(anonymous_12)
FNDA:0,(anonymous_13)
FNDA:0,(anonymous_14)
DA:2,2
DA:3,2
DA:4,2
DA:9,2
DA:10,0
DA:11,0
DA:14,0
DA:18,0
DA:19,0
DA:26,0
DA:27,0
DA:34,0
DA:36,0
DA:37,0
DA:44,0
DA:49,0
DA:50,0
DA:56,0
DA:61,0
DA:67,0
DA:74,0
DA:75,0
DA:81,0
DA:88,2
DA:91,0
DA:92,0
DA:93,0
DA:97,0
DA:98,0
DA:104,0
DA:111,0
DA:116,0
DA:123,2
DA:126,0
DA:127,0
DA:128,0
DA:130,0
DA:134,0
DA:135,0
DA:141,0
DA:149,0
DA:150,0
DA:156,0
DA:161,0
DA:163,0
DA:164,0
DA:170,0
DA:177,2
DA:180,0
DA:181,0
DA:182,0
DA:184,0
DA:188,0
DA:189,0
DA:195,0
DA:200,0
DA:201,0
DA:207,0
DA:212,0
DA:213,0
DA:219,0
LF:61
LH:7
BRDA:18,0,0,0
BRDA:18,0,1,0
BRDA:26,1,0,0
BRDA:26,1,1,0
BRDA:36,2,0,0
BRDA:36,2,1,0
BRDA:49,3,0,0
BRDA:49,3,1,0
BRDA:74,4,0,0
BRDA:74,4,1,0
BRDA:97,5,0,0
BRDA:97,5,1,0
BRDA:134,6,0,0
BRDA:134,6,1,0
BRDA:149,7,0,0
BRDA:149,7,1,0
BRDA:163,8,0,0
BRDA:163,8,1,0
BRDA:188,9,0,0
BRDA:188,9,1,0
BRDA:200,10,0,0
BRDA:200,10,1,0
BRDA:212,11,0,0
BRDA:212,11,1,0
BRF:24
BRH:0
end_of_record
TN:
SF:src\app\modules\profile-details\shortlist\shortlist.model.ts
FNF:0
FNH:0
DA:1,2
DA:4,2
DA:24,2
DA:29,2
LF:4
LH:4
BRF:0
BRH:0
end_of_record
TN:
SF:src\app\modules\profile-details\shortlist\shortlist.routes.ts
FNF:0
FNH:0
DA:1,2
DA:2,2
DA:8,2
DA:10,2
DA:51,2
DA:69,2
DA:96,2
DA:123,2
DA:125,2
LF:9
LH:9
BRF:0
BRH:0
end_of_record
TN:
SF:src\app\modules\profile-details\shortlist\shortlist.validation.ts
FNF:0
FNH:0
DA:1,2
DA:3,2
DA:7,2
LF:3
LH:3
BRF:0
BRH:0
end_of_record
TN:
SF:src\app\modules\success-story\successStory.controller.ts
FN:9,(anonymous_7)
FN:12,(anonymous_8)
FN:44,(anonymous_9)
FN:47,(anonymous_10)
FN:111,(anonymous_11)
FN:114,(anonymous_12)
FN:154,(anonymous_13)
FN:157,(anonymous_14)
FN:220,(anonymous_15)
FN:223,(anonymous_16)
FNF:10
FNH:0
FNDA:0,(anonymous_7)
FNDA:0,(anonymous_8)
FNDA:0,(anonymous_9)
FNDA:0,(anonymous_10)
FNDA:0,(anonymous_11)
FNDA:0,(anonymous_12)
FNDA:0,(anonymous_13)
FNDA:0,(anonymous_14)
FNDA:0,(anonymous_15)
FNDA:0,(anonymous_16)
DA:2,2
DA:3,2
DA:9,2
DA:12,0
DA:14,0
DA:17,0
DA:23,0
DA:27,0
DA:35,0
DA:44,2
DA:47,0
DA:49,0
DA:51,0
DA:52,0
DA:53,0
DA:55,0
DA:59,0
DA:60,0
DA:63,0
DA:65,0
DA:85,0
DA:87,0
DA:92,0
DA:102,0
DA:111,2
DA:114,0
DA:116,0
DA:119,0
DA:127,0
DA:129,0
DA:134,0
DA:138,0
DA:145,0
DA:154,2
DA:157,0
DA:159,0
DA:162,0
DA:170,0
DA:172,0
DA:177,0
DA:182,0
DA:196,0
DA:201,0
DA:203,0
DA:211,0
DA:220,2
DA:223,0
DA:225,0
DA:228,0
DA:236,0
DA:238,0
DA:243,0
DA:247,0
DA:249,0
DA:251,0
DA:258,0
LF:56
LH:7
BRDA:20,0,0,0
BRDA:20,0,1,0
BRDA:20,1,0,0
BRDA:20,1,1,0
BRDA:51,2,0,0
BRDA:51,2,1,0
BRDA:52,3,0,0
BRDA:52,3,1,0
BRDA:59,4,0,0
BRDA:59,4,1,0
BRDA:63,5,0,0
BRDA:63,5,1,0
BRDA:127,6,0,0
BRDA:127,6,1,0
BRDA:170,7,0,0
BRDA:170,7,1,0
BRDA:186,8,0,0
BRDA:186,8,1,0
BRDA:190,9,0,0
BRDA:190,9,1,0
BRDA:236,10,0,0
BRDA:236,10,1,0
BRF:22
BRH:0
end_of_record
TN:
SF:src\app\modules\success-story\successStory.model.ts
FNF:0
FNH:0
DA:1,2
DA:4,2
DA:43,2
LF:3
LH:3
BRF:0
BRH:0
end_of_record
TN:
SF:src\app\modules\success-story\successStory.routes.ts
FNF:0
FNH:0
DA:1,2
DA:2,2
DA:9,2
DA:10,2
DA:12,2
DA:63,2
DA:102,2
DA:125,2
DA:176,2
DA:205,2
DA:211,2
LF:11
LH:11
BRF:0
BRH:0
end_of_record
TN:
SF:src\app\modules\success-story\successStory.validation.ts
FNF:0
FNH:0
DA:1,2
DA:3,2
DA:17,2
LF:3
LH:3
BRF:0
BRH:0
end_of_record
TN:
SF:src\app\routes\index.ts
FN:122,(anonymous_0)
FNF:1
FNH:1
FNDA:46,(anonymous_0)
DA:1,2
DA:2,2
DA:3,2
DA:4,2
DA:5,2
DA:6,2
DA:7,2
DA:8,2
DA:9,2
DA:10,2
DA:11,2
DA:12,2
DA:13,2
DA:14,2
DA:15,2
DA:16,2
DA:17,2
DA:18,2
DA:19,2
DA:20,2
DA:21,2
DA:22,2
DA:23,2
DA:25,2
DA:27,2
DA:122,46
DA:124,2
LF:27
LH:27
BRF:0
BRH:0
end_of_record
TN:
SF:src\app\utils\generateJWT.ts
FN:4,(anonymous_1)
FN:21,(anonymous_2)
FNF:2
FNH:2
FNDA:2,(anonymous_1)
FNDA:2,(anonymous_2)
DA:1,2
DA:4,2
DA:6,2
DA:21,2
DA:23,2
LF:5
LH:5
BRF:0
BRH:0
end_of_record
TN:
SF:src\app\utils\generateOTP.ts
FN:3,(anonymous_1)
FNF:1
FNH:1
FNDA:2,(anonymous_1)
DA:1,2
DA:3,2
DA:4,2
LF:3
LH:3
BRF:0
BRH:0
end_of_record
TN:
SF:src\app\utils\verifyJWT.ts
FN:3,(anonymous_1)
FN:14,(anonymous_2)
FNF:2
FNH:0
FNDA:0,(anonymous_1)
FNDA:0,(anonymous_2)
DA:1,2
DA:3,2
DA:7,0
DA:14,2
DA:18,0
LF:5
LH:3
BRF:0
BRH:0
end_of_record
